C: 0I+31M+13S+36A
S: 80
0: x0 = y + y
1: x1 = x0 ² 	|  | (2y)²
2: x2 = x1 ² 	|  | (2y)⁴
3: x3 = x ² 	|  | x² ← x ²
4: x4 = x3 + a 	|  | x²+a ← x² + a
5: x5 = x4 ² 	|  | [x²+a]² ← x²+a ²
6: x6 = x5 + x5
7: x7 = x5 + x6 	|  | 3[x²+a]² ← 3 ⊠ [x²+a]²
8: x8 = b * x 	|  | bx ← b * x
9: x9 = x8 + x8
10: x10 = x8 + x9 	|  | 3bx ← 3 ⊠ bx
11: x11 = a ² 	|  | a² ← a ²
12: x12 = x10 - x11 	|  | 3bx-a² ← 3bx - a²
13: x13 = x12 + x12
14: x14 = x13 + x13 	|  | 4[3bx-a²] ← 4 ⊠ 3bx-a²
15: x15 = x7 + x14 	|  | ξ₃ ← 3[x²+a]² + 4[3bx-a²] | ξ₁ ξ₃
16: x16 = x3 + x3
17: x17 = x16 + x16
18: x18 = x3 + x17 	|  | 5x² ← 5 ⊠ x²
19: x19 = x18 - a 	|  | 5x²-a ← 5x² - a
20: x20 = x8 * x19 	|  | bx[5x²-a] ← bx * 5x²-a
21: x21 = x20 + x20
22: x22 = x21 + x21 	|  | 4bx[5x²-a] ← 4 ⊠ bx[5x²-a]
23: x23 = x18 + a 	|  | 5x²+a ← 5x² + a
24: x24 = x11 * x23 	|  | a²[5x²+a] ← a² * 5x²+a
25: x25 = x3 ² 	|  | x⁴ ← x² ²
26: x26 = a + a
27: x27 = x26 + x26 	|  | 4a ← 4 ⊠ a
28: x28 = x4 + x27 	|  | x²+5a ← x²+a + 4a
29: x29 = x25 * x28 	|  | x⁴[x²+5a] ← x⁴ * x²+5a
30: x30 = b + b
31: x31 = x30 ²
32: x32 = x31 + x31 	|  | 8b² ← 8 ⊠ b²
33: x33 = x29 + x22 	|  | x⁴[x²+5a]+4bx[5x²-a] ← x⁴[x²+5a] + 4bx[5x²-a]
34: x34 = x24 + x32 	|  | a²[5x²+a]+8b² ← a²[5x²+a] + 8b²
35: x35 = x33 - x34
36: x36 = x35 + x35 	|  | ξ₄ ← 2 ⊠ x⁴[x²+5a]+4bx[5x²-a]-a²[5x²+a]-8b² | ξ₂ ξ₄ | ξ₂ ξ₄   ξ₂² | ξ₂ ξ₄ | ξ₂ ξ₄
37: x37 = x15 ² 	|  | ξ₃² | ξ₃² | ξ₃² | ξ₃²
38: x38 = x15 * x37 	|  | ξ₁ ξ₃   ξ₃²
39: x39 = x2 * x36
40: x40 = x39 - x38 	|  | ξ₅ | ξ₅ ξ₂² | ξ₅ ξ₂²
41: x41 = x36 ² 	|  | ξ₄² | ξ₁ ξ₄² | ξ₄² | ξ₄² | ξ₄² | ξ₄² | ξ₁ ξ₄²
42: x42 = x40 - x41
43: x43 = x15 * x42 	|  | ξ₆
44: x44 = x15 * x40 	|  | ξ₃ ξ₅ | ξ₃ ξ₅
45: x45 = x44 * x37 	|  | ξ₃ ξ₅   ξ₃²
46: x46 = x36 * x41 	|  | ξ₂ ξ₄   ξ₄²
47: x47 = x2 * x46
48: x48 = x45 - x47 	|  | ξ₇
49: x49 = x40 ² 	|  | ξ₅² | ξ₂ ξ₅² | ξ₅² | ξ₅²
50: x50 = x43 * x37 	|  | ξ₆ ξ₃²
51: x51 = x50 - x49
52: x52 = x36 * x51 	|  | ξ₈
53: x53 = x36 * x43 	|  | ξ₄ ξ₆ | ξ₄ ξ₆
54: x54 = x53 * x41 	|  | ξ₄ ξ₆   ξ₄²
55: x55 = x44 * x49 	|  | ξ₃ ξ₅   ξ₅²
56: x56 = x2 * x54
57: x57 = x56 - x55 	|  | ξ₉
58: x58 = x43 ² 	|  | ξ₆² | ξ₆²
59: x59 = x48 ² 	|  | ξ₇²
60: x60 = x52 ² 	|  | ξ₈²
61: x61 = x43 * x52 	|  | ξ₆ ξ₈
62: x62 = x * x59
63: x63 = x1 * x61
64: x64 = x62 - x63 	|  | [7]Px
65: x65 = x57 * x58 	|  | ξ₉ ξ₆²
66: x66 = x40 * x60 	|  | ξ₅ ξ₈²
67: x67 = x65 - x66
68: x68 = y * x67 	|  | [7]Py
69: x69 = x * x49
70: x70 = x1 * x53
71: x71 = x69 - x70 	|  | [5]Px
72: x72 = x48 * x41 	|  | ξ₇ ξ₄²
73: x73 = x15 * x58 	|  | ξ₃ ξ₆²
74: x74 = x72 - x73
75: x75 = y * x74 	|  | [5]Py
76: x76 = x * x37
77: x77 = x1 * x36
78: x78 = x76 - x77 	|  | [3]Px
79: x79 = y * x42 	|  | [3]Py

