C: 1I+42M+16S+36A
S: 95
0: x0 = y + y
1: x1 = x0 ² 	|  | (2y)²
2: x2 = x1 ² 	|  | (2y)⁴
3: x3 = x ² 	|  | x² ← x ²
4: x4 = x3 + a 	|  | x²+a ← x² + a
5: x5 = x4 ² 	|  | [x²+a]² ← x²+a ²
6: x6 = x5 + x5
7: x7 = x5 + x6 	|  | 3[x²+a]² ← 3 ⊠ [x²+a]²
8: x8 = b * x 	|  | bx ← b * x
9: x9 = x8 + x8
10: x10 = x8 + x9 	|  | 3bx ← 3 ⊠ bx
11: x11 = a ² 	|  | a² ← a ²
12: x12 = x10 - x11 	|  | 3bx-a² ← 3bx - a²
13: x13 = x12 + x12
14: x14 = x13 + x13 	|  | 4[3bx-a²] ← 4 ⊠ 3bx-a²
15: x15 = x7 + x14 	|  | ξ₃ ← 3[x²+a]² + 4[3bx-a²] | ξ₁ ξ₃ | ξ₁ ξ₃ | ξ₁ ξ₃
16: x16 = x3 + x3
17: x17 = x16 + x16
18: x18 = x3 + x17 	|  | 5x² ← 5 ⊠ x²
19: x19 = x18 - a 	|  | 5x²-a ← 5x² - a
20: x20 = x8 * x19 	|  | bx[5x²-a] ← bx * 5x²-a
21: x21 = x20 + x20
22: x22 = x21 + x21 	|  | 4bx[5x²-a] ← 4 ⊠ bx[5x²-a]
23: x23 = x18 + a 	|  | 5x²+a ← 5x² + a
24: x24 = x11 * x23 	|  | a²[5x²+a] ← a² * 5x²+a
25: x25 = x3 ² 	|  | x⁴ ← x² ²
26: x26 = a + a
27: x27 = x26 + x26 	|  | 4a ← 4 ⊠ a
28: x28 = x4 + x27 	|  | x²+5a ← x²+a + 4a
29: x29 = x25 * x28 	|  | x⁴[x²+5a] ← x⁴ * x²+5a
30: x30 = b + b
31: x31 = x30 ²
32: x32 = x31 + x31 	|  | 8b² ← 8 ⊠ b²
33: x33 = x29 + x22 	|  | x⁴[x²+5a]+4bx[5x²-a] ← x⁴[x²+5a] + 4bx[5x²-a]
34: x34 = x24 + x32 	|  | a²[5x²+a]+8b² ← a²[5x²+a] + 8b²
35: x35 = x33 - x34
36: x36 = x35 + x35 	|  | ξ₄ ← 2 ⊠ x⁴[x²+5a]+4bx[5x²-a]-a²[5x²+a]-8b² | ξ₂ ξ₄ | ξ₂ ξ₄   ξ₂² | ξ₂ ξ₄ | ξ₂ ξ₄ | ξ₂ ξ₄
37: x37 = x15 ² 	|  | ξ₃² | ξ₃² | ξ₃² | ξ₃²
38: x38 = x15 * x37 	|  | ξ₁ ξ₃   ξ₃²
39: x39 = x2 * x36
40: x40 = x39 - x38 	|  | ξ₅
41: x41 = x36 ² 	|  | ξ₄² | ξ₄² | ξ₄² | ξ₄² | ξ₄²
42: x42 = x15 * x40 	|  | ξ₃ ξ₅ | ξ₃ ξ₅ | ξ₃ ξ₅ | ξ₃ ξ₅ | ξ₃ ξ₅
43: x43 = x15 * x41
44: x44 = x42 - x43 	|  | ξ₆
45: x45 = x42 * x37 	|  | ξ₃ ξ₅   ξ₃²
46: x46 = x36 * x41 	|  | ξ₂ ξ₄   ξ₄²
47: x47 = x2 * x46
48: x48 = x45 - x47 	|  | ξ₇
49: x49 = x40 ² 	|  | ξ₅² | ξ₅² | ξ₅²
50: x50 = x36 * x44 	|  | ξ₄ ξ₆ | ξ₄ ξ₆ | ξ₄ ξ₆
51: x51 = x50 * x37
52: x52 = x36 * x49
53: x53 = x51 - x52 	|  | ξ₈
54: x54 = x50 * x41 	|  | ξ₄ ξ₆   ξ₄²
55: x55 = x42 * x49 	|  | ξ₃ ξ₅   ξ₅²
56: x56 = x2 * x54
57: x57 = x56 - x55 	|  | ξ₉
58: x58 = x1 * x36 	|  | [3]Pjx
59: x59 = y * x44 	|  | [3]Pjy
60: x60 = x44 ² 	|  | ξ₆² | ξ₆²
61: x61 = x1 * x50 	|  | [5]Pjx
62: x62 = x40 * x48 	|  | ξ₅ ξ₇ | ξ₅ ξ₇
63: x63 = x62 * x41
64: x64 = x42 * x60
65: x65 = x63 - x64
66: x66 = y * x65 	|  | [5]Pjy
67: x67 = x48 ² 	|  | ξ₇²
68: x68 = x53 ² 	|  | ξ₈²
69: x69 = x44 * x53 	|  | ξ₆ ξ₈
70: x70 = x1 * x69 	|  | [7]Pjx
71: x71 = x48 * x57 	|  | ξ₇ ξ₉
72: x72 = x71 * x60
73: x73 = x62 * x68
74: x74 = x72 - x73
75: x75 = y * x74 	|  | [7]Pjy
76: x76 = x49 * x67
77: x77 = x37 * x76
78: x78 = x77 ⁻¹
79: x79 = x78 * x76
80: x80 = x78 * x37
81: x81 = x80 * x67
82: x82 = x80 * x49
83: x83 = x82 ²
84: x84 = x70 * x82
85: x85 = x - x84 	|  | [7]Px
86: x86 = x75 * x83 	|  | [7]Py
87: x87 = x81 ²
88: x88 = x61 * x81
89: x89 = x - x88 	|  | [5]Px
90: x90 = x66 * x87 	|  | [5]Py
91: x91 = x79 ²
92: x92 = x58 * x79
93: x93 = x - x92 	|  | [3]Px
94: x94 = x59 * x91 	|  | [3]Py

