C: 0I+721M+133S+246A
S: 1100
0: x0 = y + y
1: x1 = x0 ² 	|  | (2y)²
2: x2 = x1 ² 	|  | (2y)⁴
3: x3 = x ² 	|  | x² ← x ²
4: x4 = x3 + a 	|  | x²+a ← x² + a
5: x5 = x4 ² 	|  | [x²+a]² ← x²+a ²
6: x6 = x5 + x5
7: x7 = x5 + x6 	|  | 3[x²+a]² ← 3 ⊠ [x²+a]²
8: x8 = b * x 	|  | bx ← b * x
9: x9 = x8 + x8
10: x10 = x8 + x9 	|  | 3bx ← 3 ⊠ bx
11: x11 = a ² 	|  | a² ← a ²
12: x12 = x10 - x11 	|  | 3bx-a² ← 3bx - a²
13: x13 = x12 + x12
14: x14 = x13 + x13 	|  | 4[3bx-a²] ← 4 ⊠ 3bx-a²
15: x15 = x7 + x14 	|  | ξ₃ ← 3[x²+a]² + 4[3bx-a²] | ξ₁ ξ₃
16: x16 = x3 + x3
17: x17 = x16 + x16
18: x18 = x3 + x17 	|  | 5x² ← 5 ⊠ x²
19: x19 = x18 - a 	|  | 5x²-a ← 5x² - a
20: x20 = x8 * x19 	|  | bx[5x²-a] ← bx * 5x²-a
21: x21 = x20 + x20
22: x22 = x21 + x21 	|  | 4bx[5x²-a] ← 4 ⊠ bx[5x²-a]
23: x23 = x18 + a 	|  | 5x²+a ← 5x² + a
24: x24 = x11 * x23 	|  | a²[5x²+a] ← a² * 5x²+a
25: x25 = x3 ² 	|  | x⁴ ← x² ²
26: x26 = a + a
27: x27 = x26 + x26 	|  | 4a ← 4 ⊠ a
28: x28 = x4 + x27 	|  | x²+5a ← x²+a + 4a
29: x29 = x25 * x28 	|  | x⁴[x²+5a] ← x⁴ * x²+5a
30: x30 = b + b
31: x31 = x30 ²
32: x32 = x31 + x31 	|  | 8b² ← 8 ⊠ b²
33: x33 = x29 + x22 	|  | x⁴[x²+5a]+4bx[5x²-a] ← x⁴[x²+5a] + 4bx[5x²-a]
34: x34 = x24 + x32 	|  | a²[5x²+a]+8b² ← a²[5x²+a] + 8b²
35: x35 = x33 - x34
36: x36 = x35 + x35 	|  | ξ₄ ← 2 ⊠ x⁴[x²+5a]+4bx[5x²-a]-a²[5x²+a]-8b² | ξ₂ ξ₄ | ξ₂ ξ₄   ξ₂² | ξ₂ ξ₄ | ξ₂ ξ₄
37: x37 = x15 ² 	|  | ξ₃² | ξ₃² | ξ₃² | ξ₃²
38: x38 = x15 * x37 	|  | ξ₁ ξ₃   ξ₃²
39: x39 = x2 * x36
40: x40 = x39 - x38 	|  | ξ₅ | ξ₅ ξ₂² | ξ₅ ξ₂²
41: x41 = x36 ² 	|  | ξ₄² | ξ₁ ξ₄² | ξ₄² | ξ₄² | ξ₄² | ξ₄² | ξ₄² | ξ₁ ξ₄²
42: x42 = x40 - x41
43: x43 = x15 * x42 	|  | ξ₆
44: x44 = x15 * x40 	|  | ξ₃ ξ₅ | ξ₃ ξ₅
45: x45 = x44 * x37 	|  | ξ₃ ξ₅   ξ₃²
46: x46 = x36 * x41 	|  | ξ₂ ξ₄   ξ₄²
47: x47 = x2 * x46
48: x48 = x45 - x47 	|  | ξ₇
49: x49 = x40 ² 	|  | ξ₅² | ξ₂ ξ₅² | ξ₅² | ξ₅² | ξ₅² | ξ₅²
50: x50 = x43 * x37 	|  | ξ₆ ξ₃²
51: x51 = x50 - x49
52: x52 = x36 * x51 	|  | ξ₈
53: x53 = x36 * x43 	|  | ξ₄ ξ₆ | ξ₄ ξ₆ | ξ₄ ξ₆
54: x54 = x53 * x41 	|  | ξ₄ ξ₆   ξ₄²
55: x55 = x44 * x49 	|  | ξ₃ ξ₅   ξ₅²
56: x56 = x2 * x54
57: x57 = x56 - x55 	|  | ξ₉
58: x58 = x43 ² 	|  | ξ₆² | ξ₆² | ξ₆² | ξ₆² | ξ₆² | ξ₆²
59: x59 = x48 * x41 	|  | ξ₇ ξ₄² | ξ₇ ξ₄²
60: x60 = x15 * x58 	|  | ξ₃ ξ₆² | ξ₃ ξ₆²
61: x61 = x59 - x60
62: x62 = x40 * x61 	|  | ξ₁₀
63: x63 = x40 * x48 	|  | ξ₅ ξ₇ | ξ₅ ξ₇
64: x64 = x63 * x49 	|  | ξ₅ ξ₇   ξ₅²
65: x65 = x53 * x58 	|  | ξ₄ ξ₆   ξ₆²
66: x66 = x2 * x65
67: x67 = x64 - x66 	|  | ξ₁₁
68: x68 = x48 ² 	|  | ξ₇² | ξ₇² | ξ₇² | ξ₇² | ξ₇²
69: x69 = x52 * x49 	|  | ξ₈ ξ₅²
70: x70 = x36 * x68 	|  | ξ₄ ξ₇²
71: x71 = x69 - x70
72: x72 = x43 * x71 	|  | ξ₁₂
73: x73 = x43 * x52 	|  | ξ₆ ξ₈ | ξ₆ ξ₈ | ξ₆ ξ₈
74: x74 = x73 * x58 	|  | ξ₆ ξ₈   ξ₆²
75: x75 = x63 * x68 	|  | ξ₅ ξ₇   ξ₇²
76: x76 = x2 * x74
77: x77 = x76 - x75 	|  | ξ₁₃
78: x78 = x52 ² 	|  | ξ₈² | ξ₈² | ξ₈² | ξ₈² | ξ₈² | ξ₈²
79: x79 = x57 * x58 	|  | ξ₉ ξ₆² | ξ₉ ξ₆²
80: x80 = x40 * x78 	|  | ξ₅ ξ₈² | ξ₅ ξ₈²
81: x81 = x79 - x80
82: x82 = x48 * x81 	|  | ξ₁₄
83: x83 = x48 * x57 	|  | ξ₇ ξ₉ | ξ₇ ξ₉
84: x84 = x83 * x68 	|  | ξ₇ ξ₉   ξ₇²
85: x85 = x73 * x78 	|  | ξ₆ ξ₈   ξ₈²
86: x86 = x2 * x85
87: x87 = x84 - x86 	|  | ξ₁₅
88: x88 = x57 ² 	|  | ξ₉² | ξ₉² | ξ₉² | ξ₉² | ξ₉²
89: x89 = x62 * x68 	|  | ξ₁₀ ξ₇²
90: x90 = x43 * x88 	|  | ξ₆ ξ₉²
91: x91 = x89 - x90
92: x92 = x52 * x91 	|  | ξ₁₆
93: x93 = x52 * x62 	|  | ξ₈ ξ₁₀ | ξ₈ ξ₁₀ | ξ₈ ξ₁₀
94: x94 = x93 * x78 	|  | ξ₈ ξ₁₀   ξ₈²
95: x95 = x83 * x88 	|  | ξ₇ ξ₉   ξ₉²
96: x96 = x2 * x94
97: x97 = x96 - x95 	|  | ξ₁₇
98: x98 = x62 ² 	|  | ξ₁₀² | ξ₁₀² | ξ₁₀² | ξ₁₀² | ξ₁₀² | ξ₁₀²
99: x99 = x67 * x78 	|  | ξ₁₁ ξ₈² | ξ₁₁ ξ₈²
100: x100 = x48 * x98 	|  | ξ₇ ξ₁₀² | ξ₇ ξ₁₀²
101: x101 = x99 - x100
102: x102 = x57 * x101 	|  | ξ₁₈
103: x103 = x57 * x67 	|  | ξ₉ ξ₁₁ | ξ₉ ξ₁₁
104: x104 = x103 * x88 	|  | ξ₉ ξ₁₁   ξ₉²
105: x105 = x93 * x98 	|  | ξ₈ ξ₁₀   ξ₁₀²
106: x106 = x2 * x105
107: x107 = x104 - x106 	|  | ξ₁₉
108: x108 = x67 ² 	|  | ξ₁₁² | ξ₁₁² | ξ₁₁² | ξ₁₁² | ξ₁₁²
109: x109 = x72 * x88 	|  | ξ₁₂ ξ₉²
110: x110 = x52 * x108 	|  | ξ₈ ξ₁₁²
111: x111 = x109 - x110
112: x112 = x62 * x111 	|  | ξ₂₀
113: x113 = x62 * x72 	|  | ξ₁₀ ξ₁₂ | ξ₁₀ ξ₁₂ | ξ₁₀ ξ₁₂
114: x114 = x113 * x98 	|  | ξ₁₀ ξ₁₂   ξ₁₀²
115: x115 = x103 * x108 	|  | ξ₉ ξ₁₁   ξ₁₁²
116: x116 = x2 * x114
117: x117 = x116 - x115 	|  | ξ₂₁
118: x118 = x72 ² 	|  | ξ₁₂² | ξ₁₂² | ξ₁₂² | ξ₁₂² | ξ₁₂² | ξ₁₂²
119: x119 = x77 * x98 	|  | ξ₁₃ ξ₁₀² | ξ₁₃ ξ₁₀²
120: x120 = x57 * x118 	|  | ξ₉ ξ₁₂² | ξ₉ ξ₁₂²
121: x121 = x119 - x120
122: x122 = x67 * x121 	|  | ξ₂₂
123: x123 = x67 * x77 	|  | ξ₁₁ ξ₁₃ | ξ₁₁ ξ₁₃
124: x124 = x123 * x108 	|  | ξ₁₁ ξ₁₃   ξ₁₁²
125: x125 = x113 * x118 	|  | ξ₁₀ ξ₁₂   ξ₁₂²
126: x126 = x2 * x125
127: x127 = x124 - x126 	|  | ξ₂₃
128: x128 = x77 ² 	|  | ξ₁₃² | ξ₁₃² | ξ₁₃² | ξ₁₃² | ξ₁₃²
129: x129 = x82 * x108 	|  | ξ₁₄ ξ₁₁²
130: x130 = x62 * x128 	|  | ξ₁₀ ξ₁₃²
131: x131 = x129 - x130
132: x132 = x72 * x131 	|  | ξ₂₄
133: x133 = x72 * x82 	|  | ξ₁₂ ξ₁₄ | ξ₁₂ ξ₁₄ | ξ₁₂ ξ₁₄
134: x134 = x133 * x118 	|  | ξ₁₂ ξ₁₄   ξ₁₂²
135: x135 = x123 * x128 	|  | ξ₁₁ ξ₁₃   ξ₁₃²
136: x136 = x2 * x134
137: x137 = x136 - x135 	|  | ξ₂₅
138: x138 = x82 ² 	|  | ξ₁₄² | ξ₁₄² | ξ₁₄² | ξ₁₄² | ξ₁₄² | ξ₁₄²
139: x139 = x87 * x118 	|  | ξ₁₅ ξ₁₂² | ξ₁₅ ξ₁₂²
140: x140 = x67 * x138 	|  | ξ₁₁ ξ₁₄² | ξ₁₁ ξ₁₄²
141: x141 = x139 - x140
142: x142 = x77 * x141 	|  | ξ₂₆
143: x143 = x77 * x87 	|  | ξ₁₃ ξ₁₅ | ξ₁₃ ξ₁₅
144: x144 = x143 * x128 	|  | ξ₁₃ ξ₁₅   ξ₁₃²
145: x145 = x133 * x138 	|  | ξ₁₂ ξ₁₄   ξ₁₄²
146: x146 = x2 * x145
147: x147 = x144 - x146 	|  | ξ₂₇
148: x148 = x87 ² 	|  | ξ₁₅² | ξ₁₅² | ξ₁₅² | ξ₁₅² | ξ₁₅²
149: x149 = x92 * x128 	|  | ξ₁₆ ξ₁₃²
150: x150 = x72 * x148 	|  | ξ₁₂ ξ₁₅²
151: x151 = x149 - x150
152: x152 = x82 * x151 	|  | ξ₂₈
153: x153 = x82 * x92 	|  | ξ₁₄ ξ₁₆ | ξ₁₄ ξ₁₆ | ξ₁₄ ξ₁₆
154: x154 = x153 * x138 	|  | ξ₁₄ ξ₁₆   ξ₁₄²
155: x155 = x143 * x148 	|  | ξ₁₃ ξ₁₅   ξ₁₅²
156: x156 = x2 * x154
157: x157 = x156 - x155 	|  | ξ₂₉
158: x158 = x92 ² 	|  | ξ₁₆² | ξ₁₆² | ξ₁₆² | ξ₁₆² | ξ₁₆² | ξ₁₆²
159: x159 = x97 * x138 	|  | ξ₁₇ ξ₁₄² | ξ₁₇ ξ₁₄²
160: x160 = x77 * x158 	|  | ξ₁₃ ξ₁₆² | ξ₁₃ ξ₁₆²
161: x161 = x159 - x160
162: x162 = x87 * x161 	|  | ξ₃₀
163: x163 = x87 * x97 	|  | ξ₁₅ ξ₁₇ | ξ₁₅ ξ₁₇
164: x164 = x163 * x148 	|  | ξ₁₅ ξ₁₇   ξ₁₅²
165: x165 = x153 * x158 	|  | ξ₁₄ ξ₁₆   ξ₁₆²
166: x166 = x2 * x165
167: x167 = x164 - x166 	|  | ξ₃₁
168: x168 = x97 ² 	|  | ξ₁₇² | ξ₁₇² | ξ₁₇² | ξ₁₇² | ξ₁₇²
169: x169 = x102 * x148 	|  | ξ₁₈ ξ₁₅²
170: x170 = x82 * x168 	|  | ξ₁₄ ξ₁₇²
171: x171 = x169 - x170
172: x172 = x92 * x171 	|  | ξ₃₂
173: x173 = x92 * x102 	|  | ξ₁₆ ξ₁₈ | ξ₁₆ ξ₁₈ | ξ₁₆ ξ₁₈
174: x174 = x173 * x158 	|  | ξ₁₆ ξ₁₈   ξ₁₆²
175: x175 = x163 * x168 	|  | ξ₁₅ ξ₁₇   ξ₁₇²
176: x176 = x2 * x174
177: x177 = x176 - x175 	|  | ξ₃₃
178: x178 = x102 ² 	|  | ξ₁₈² | ξ₁₈² | ξ₁₈² | ξ₁₈² | ξ₁₈² | ξ₁₈²
179: x179 = x107 * x158 	|  | ξ₁₉ ξ₁₆² | ξ₁₉ ξ₁₆²
180: x180 = x87 * x178 	|  | ξ₁₅ ξ₁₈² | ξ₁₅ ξ₁₈²
181: x181 = x179 - x180
182: x182 = x97 * x181 	|  | ξ₃₄
183: x183 = x97 * x107 	|  | ξ₁₇ ξ₁₉ | ξ₁₇ ξ₁₉
184: x184 = x183 * x168 	|  | ξ₁₇ ξ₁₉   ξ₁₇²
185: x185 = x173 * x178 	|  | ξ₁₆ ξ₁₈   ξ₁₈²
186: x186 = x2 * x185
187: x187 = x184 - x186 	|  | ξ₃₅
188: x188 = x107 ² 	|  | ξ₁₉² | ξ₁₉² | ξ₁₉² | ξ₁₉² | ξ₁₉²
189: x189 = x112 * x168 	|  | ξ₂₀ ξ₁₇²
190: x190 = x92 * x188 	|  | ξ₁₆ ξ₁₉²
191: x191 = x189 - x190
192: x192 = x102 * x191 	|  | ξ₃₆
193: x193 = x102 * x112 	|  | ξ₁₈ ξ₂₀ | ξ₁₈ ξ₂₀ | ξ₁₈ ξ₂₀
194: x194 = x193 * x178 	|  | ξ₁₈ ξ₂₀   ξ₁₈²
195: x195 = x183 * x188 	|  | ξ₁₇ ξ₁₉   ξ₁₉²
196: x196 = x2 * x194
197: x197 = x196 - x195 	|  | ξ₃₇
198: x198 = x112 ² 	|  | ξ₂₀² | ξ₂₀² | ξ₂₀² | ξ₂₀² | ξ₂₀² | ξ₂₀²
199: x199 = x117 * x178 	|  | ξ₂₁ ξ₁₈² | ξ₂₁ ξ₁₈²
200: x200 = x97 * x198 	|  | ξ₁₇ ξ₂₀² | ξ₁₇ ξ₂₀²
201: x201 = x199 - x200
202: x202 = x107 * x201 	|  | ξ₃₈
203: x203 = x107 * x117 	|  | ξ₁₉ ξ₂₁ | ξ₁₉ ξ₂₁
204: x204 = x203 * x188 	|  | ξ₁₉ ξ₂₁   ξ₁₉²
205: x205 = x193 * x198 	|  | ξ₁₈ ξ₂₀   ξ₂₀²
206: x206 = x2 * x205
207: x207 = x204 - x206 	|  | ξ₃₉
208: x208 = x117 ² 	|  | ξ₂₁² | ξ₂₁² | ξ₂₁² | ξ₂₁² | ξ₂₁²
209: x209 = x122 * x188 	|  | ξ₂₂ ξ₁₉²
210: x210 = x102 * x208 	|  | ξ₁₈ ξ₂₁²
211: x211 = x209 - x210
212: x212 = x112 * x211 	|  | ξ₄₀
213: x213 = x112 * x122 	|  | ξ₂₀ ξ₂₂ | ξ₂₀ ξ₂₂ | ξ₂₀ ξ₂₂
214: x214 = x213 * x198 	|  | ξ₂₀ ξ₂₂   ξ₂₀²
215: x215 = x203 * x208 	|  | ξ₁₉ ξ₂₁   ξ₂₁²
216: x216 = x2 * x214
217: x217 = x216 - x215 	|  | ξ₄₁
218: x218 = x122 ² 	|  | ξ₂₂² | ξ₂₂² | ξ₂₂² | ξ₂₂² | ξ₂₂² | ξ₂₂²
219: x219 = x127 * x198 	|  | ξ₂₃ ξ₂₀² | ξ₂₃ ξ₂₀²
220: x220 = x107 * x218 	|  | ξ₁₉ ξ₂₂² | ξ₁₉ ξ₂₂²
221: x221 = x219 - x220
222: x222 = x117 * x221 	|  | ξ₄₂
223: x223 = x117 * x127 	|  | ξ₂₁ ξ₂₃ | ξ₂₁ ξ₂₃
224: x224 = x223 * x208 	|  | ξ₂₁ ξ₂₃   ξ₂₁²
225: x225 = x213 * x218 	|  | ξ₂₀ ξ₂₂   ξ₂₂²
226: x226 = x2 * x225
227: x227 = x224 - x226 	|  | ξ₄₃
228: x228 = x127 ² 	|  | ξ₂₃² | ξ₂₃² | ξ₂₃² | ξ₂₃² | ξ₂₃²
229: x229 = x132 * x208 	|  | ξ₂₄ ξ₂₁²
230: x230 = x112 * x228 	|  | ξ₂₀ ξ₂₃²
231: x231 = x229 - x230
232: x232 = x122 * x231 	|  | ξ₄₄
233: x233 = x122 * x132 	|  | ξ₂₂ ξ₂₄ | ξ₂₂ ξ₂₄ | ξ₂₂ ξ₂₄
234: x234 = x233 * x218 	|  | ξ₂₂ ξ₂₄   ξ₂₂²
235: x235 = x223 * x228 	|  | ξ₂₁ ξ₂₃   ξ₂₃²
236: x236 = x2 * x234
237: x237 = x236 - x235 	|  | ξ₄₅
238: x238 = x132 ² 	|  | ξ₂₄² | ξ₂₄² | ξ₂₄² | ξ₂₄² | ξ₂₄² | ξ₂₄²
239: x239 = x137 * x218 	|  | ξ₂₅ ξ₂₂² | ξ₂₅ ξ₂₂²
240: x240 = x117 * x238 	|  | ξ₂₁ ξ₂₄² | ξ₂₁ ξ₂₄²
241: x241 = x239 - x240
242: x242 = x127 * x241 	|  | ξ₄₆
243: x243 = x127 * x137 	|  | ξ₂₃ ξ₂₅ | ξ₂₃ ξ₂₅
244: x244 = x243 * x228 	|  | ξ₂₃ ξ₂₅   ξ₂₃²
245: x245 = x233 * x238 	|  | ξ₂₂ ξ₂₄   ξ₂₄²
246: x246 = x2 * x245
247: x247 = x244 - x246 	|  | ξ₄₇
248: x248 = x137 ² 	|  | ξ₂₅² | ξ₂₅² | ξ₂₅² | ξ₂₅² | ξ₂₅²
249: x249 = x142 * x228 	|  | ξ₂₆ ξ₂₃²
250: x250 = x122 * x248 	|  | ξ₂₂ ξ₂₅²
251: x251 = x249 - x250
252: x252 = x132 * x251 	|  | ξ₄₈
253: x253 = x132 * x142 	|  | ξ₂₄ ξ₂₆ | ξ₂₄ ξ₂₆ | ξ₂₄ ξ₂₆
254: x254 = x253 * x238 	|  | ξ₂₄ ξ₂₆   ξ₂₄²
255: x255 = x243 * x248 	|  | ξ₂₃ ξ₂₅   ξ₂₅²
256: x256 = x2 * x254
257: x257 = x256 - x255 	|  | ξ₄₉
258: x258 = x142 ² 	|  | ξ₂₆² | ξ₂₆² | ξ₂₆² | ξ₂₆² | ξ₂₆² | ξ₂₆²
259: x259 = x147 * x238 	|  | ξ₂₇ ξ₂₄² | ξ₂₇ ξ₂₄²
260: x260 = x127 * x258 	|  | ξ₂₃ ξ₂₆² | ξ₂₃ ξ₂₆²
261: x261 = x259 - x260
262: x262 = x137 * x261 	|  | ξ₅₀
263: x263 = x137 * x147 	|  | ξ₂₅ ξ₂₇ | ξ₂₅ ξ₂₇
264: x264 = x263 * x248 	|  | ξ₂₅ ξ₂₇   ξ₂₅²
265: x265 = x253 * x258 	|  | ξ₂₄ ξ₂₆   ξ₂₆²
266: x266 = x2 * x265
267: x267 = x264 - x266 	|  | ξ₅₁
268: x268 = x147 ² 	|  | ξ₂₇² | ξ₂₇² | ξ₂₇² | ξ₂₇² | ξ₂₇²
269: x269 = x152 * x248 	|  | ξ₂₈ ξ₂₅²
270: x270 = x132 * x268 	|  | ξ₂₄ ξ₂₇²
271: x271 = x269 - x270
272: x272 = x142 * x271 	|  | ξ₅₂
273: x273 = x142 * x152 	|  | ξ₂₆ ξ₂₈ | ξ₂₆ ξ₂₈ | ξ₂₆ ξ₂₈
274: x274 = x273 * x258 	|  | ξ₂₆ ξ₂₈   ξ₂₆²
275: x275 = x263 * x268 	|  | ξ₂₅ ξ₂₇   ξ₂₇²
276: x276 = x2 * x274
277: x277 = x276 - x275 	|  | ξ₅₃
278: x278 = x152 ² 	|  | ξ₂₈² | ξ₂₈² | ξ₂₈² | ξ₂₈² | ξ₂₈² | ξ₂₈²
279: x279 = x157 * x258 	|  | ξ₂₉ ξ₂₆² | ξ₂₉ ξ₂₆²
280: x280 = x137 * x278 	|  | ξ₂₅ ξ₂₈² | ξ₂₅ ξ₂₈²
281: x281 = x279 - x280
282: x282 = x147 * x281 	|  | ξ₅₄
283: x283 = x147 * x157 	|  | ξ₂₇ ξ₂₉ | ξ₂₇ ξ₂₉
284: x284 = x283 * x268 	|  | ξ₂₇ ξ₂₉   ξ₂₇²
285: x285 = x273 * x278 	|  | ξ₂₆ ξ₂₈   ξ₂₈²
286: x286 = x2 * x285
287: x287 = x284 - x286 	|  | ξ₅₅
288: x288 = x157 ² 	|  | ξ₂₉² | ξ₂₉² | ξ₂₉² | ξ₂₉² | ξ₂₉²
289: x289 = x162 * x268 	|  | ξ₃₀ ξ₂₇²
290: x290 = x142 * x288 	|  | ξ₂₆ ξ₂₉²
291: x291 = x289 - x290
292: x292 = x152 * x291 	|  | ξ₅₆
293: x293 = x152 * x162 	|  | ξ₂₈ ξ₃₀ | ξ₂₈ ξ₃₀ | ξ₂₈ ξ₃₀
294: x294 = x293 * x278 	|  | ξ₂₈ ξ₃₀   ξ₂₈²
295: x295 = x283 * x288 	|  | ξ₂₇ ξ₂₉   ξ₂₉²
296: x296 = x2 * x294
297: x297 = x296 - x295 	|  | ξ₅₇
298: x298 = x162 ² 	|  | ξ₃₀² | ξ₃₀² | ξ₃₀² | ξ₃₀² | ξ₃₀² | ξ₃₀²
299: x299 = x167 * x278 	|  | ξ₃₁ ξ₂₈² | ξ₃₁ ξ₂₈²
300: x300 = x147 * x298 	|  | ξ₂₇ ξ₃₀² | ξ₂₇ ξ₃₀²
301: x301 = x299 - x300
302: x302 = x157 * x301 	|  | ξ₅₈
303: x303 = x157 * x167 	|  | ξ₂₉ ξ₃₁ | ξ₂₉ ξ₃₁
304: x304 = x303 * x288 	|  | ξ₂₉ ξ₃₁   ξ₂₉²
305: x305 = x293 * x298 	|  | ξ₂₈ ξ₃₀   ξ₃₀²
306: x306 = x2 * x305
307: x307 = x304 - x306 	|  | ξ₅₉
308: x308 = x167 ² 	|  | ξ₃₁² | ξ₃₁² | ξ₃₁² | ξ₃₁² | ξ₃₁²
309: x309 = x172 * x288 	|  | ξ₃₂ ξ₂₉²
310: x310 = x152 * x308 	|  | ξ₂₈ ξ₃₁²
311: x311 = x309 - x310
312: x312 = x162 * x311 	|  | ξ₆₀
313: x313 = x162 * x172 	|  | ξ₃₀ ξ₃₂ | ξ₃₀ ξ₃₂ | ξ₃₀ ξ₃₂
314: x314 = x313 * x298 	|  | ξ₃₀ ξ₃₂   ξ₃₀²
315: x315 = x303 * x308 	|  | ξ₂₉ ξ₃₁   ξ₃₁²
316: x316 = x2 * x314
317: x317 = x316 - x315 	|  | ξ₆₁
318: x318 = x172 ² 	|  | ξ₃₂² | ξ₃₂² | ξ₃₂² | ξ₃₂² | ξ₃₂² | ξ₃₂²
319: x319 = x177 * x298 	|  | ξ₃₃ ξ₃₀² | ξ₃₃ ξ₃₀²
320: x320 = x157 * x318 	|  | ξ₂₉ ξ₃₂² | ξ₂₉ ξ₃₂²
321: x321 = x319 - x320
322: x322 = x167 * x321 	|  | ξ₆₂
323: x323 = x167 * x177 	|  | ξ₃₁ ξ₃₃ | ξ₃₁ ξ₃₃
324: x324 = x323 * x308 	|  | ξ₃₁ ξ₃₃   ξ₃₁²
325: x325 = x313 * x318 	|  | ξ₃₀ ξ₃₂   ξ₃₂²
326: x326 = x2 * x325
327: x327 = x324 - x326 	|  | ξ₆₃
328: x328 = x177 ² 	|  | ξ₃₃² | ξ₃₃² | ξ₃₃² | ξ₃₃² | ξ₃₃²
329: x329 = x182 * x308 	|  | ξ₃₄ ξ₃₁²
330: x330 = x162 * x328 	|  | ξ₃₀ ξ₃₃²
331: x331 = x329 - x330
332: x332 = x172 * x331 	|  | ξ₆₄
333: x333 = x172 * x182 	|  | ξ₃₂ ξ₃₄ | ξ₃₂ ξ₃₄ | ξ₃₂ ξ₃₄
334: x334 = x333 * x318 	|  | ξ₃₂ ξ₃₄   ξ₃₂²
335: x335 = x323 * x328 	|  | ξ₃₁ ξ₃₃   ξ₃₃²
336: x336 = x2 * x334
337: x337 = x336 - x335 	|  | ξ₆₅
338: x338 = x182 ² 	|  | ξ₃₄² | ξ₃₄² | ξ₃₄² | ξ₃₄² | ξ₃₄² | ξ₃₄²
339: x339 = x187 * x318 	|  | ξ₃₅ ξ₃₂² | ξ₃₅ ξ₃₂²
340: x340 = x167 * x338 	|  | ξ₃₁ ξ₃₄² | ξ₃₁ ξ₃₄²
341: x341 = x339 - x340
342: x342 = x177 * x341 	|  | ξ₆₆
343: x343 = x177 * x187 	|  | ξ₃₃ ξ₃₅ | ξ₃₃ ξ₃₅
344: x344 = x343 * x328 	|  | ξ₃₃ ξ₃₅   ξ₃₃²
345: x345 = x333 * x338 	|  | ξ₃₂ ξ₃₄   ξ₃₄²
346: x346 = x2 * x345
347: x347 = x344 - x346 	|  | ξ₆₇
348: x348 = x187 ² 	|  | ξ₃₅² | ξ₃₅² | ξ₃₅² | ξ₃₅² | ξ₃₅²
349: x349 = x192 * x328 	|  | ξ₃₆ ξ₃₃²
350: x350 = x172 * x348 	|  | ξ₃₂ ξ₃₅²
351: x351 = x349 - x350
352: x352 = x182 * x351 	|  | ξ₆₈
353: x353 = x182 * x192 	|  | ξ₃₄ ξ₃₆ | ξ₃₄ ξ₃₆ | ξ₃₄ ξ₃₆
354: x354 = x353 * x338 	|  | ξ₃₄ ξ₃₆   ξ₃₄²
355: x355 = x343 * x348 	|  | ξ₃₃ ξ₃₅   ξ₃₅²
356: x356 = x2 * x354
357: x357 = x356 - x355 	|  | ξ₆₉
358: x358 = x192 ² 	|  | ξ₃₆² | ξ₃₆² | ξ₃₆² | ξ₃₆² | ξ₃₆² | ξ₃₆²
359: x359 = x197 * x338 	|  | ξ₃₇ ξ₃₄² | ξ₃₇ ξ₃₄²
360: x360 = x177 * x358 	|  | ξ₃₃ ξ₃₆² | ξ₃₃ ξ₃₆²
361: x361 = x359 - x360
362: x362 = x187 * x361 	|  | ξ₇₀
363: x363 = x187 * x197 	|  | ξ₃₅ ξ₃₇ | ξ₃₅ ξ₃₇
364: x364 = x363 * x348 	|  | ξ₃₅ ξ₃₇   ξ₃₅²
365: x365 = x353 * x358 	|  | ξ₃₄ ξ₃₆   ξ₃₆²
366: x366 = x2 * x365
367: x367 = x364 - x366 	|  | ξ₇₁
368: x368 = x197 ² 	|  | ξ₃₇² | ξ₃₇² | ξ₃₇² | ξ₃₇² | ξ₃₇²
369: x369 = x202 * x348 	|  | ξ₃₈ ξ₃₅²
370: x370 = x182 * x368 	|  | ξ₃₄ ξ₃₇²
371: x371 = x369 - x370
372: x372 = x192 * x371 	|  | ξ₇₂
373: x373 = x192 * x202 	|  | ξ₃₆ ξ₃₈ | ξ₃₆ ξ₃₈ | ξ₃₆ ξ₃₈
374: x374 = x373 * x358 	|  | ξ₃₆ ξ₃₈   ξ₃₆²
375: x375 = x363 * x368 	|  | ξ₃₅ ξ₃₇   ξ₃₇²
376: x376 = x2 * x374
377: x377 = x376 - x375 	|  | ξ₇₃
378: x378 = x202 ² 	|  | ξ₃₈² | ξ₃₈² | ξ₃₈² | ξ₃₈² | ξ₃₈² | ξ₃₈²
379: x379 = x207 * x358 	|  | ξ₃₉ ξ₃₆² | ξ₃₉ ξ₃₆²
380: x380 = x187 * x378 	|  | ξ₃₅ ξ₃₈² | ξ₃₅ ξ₃₈²
381: x381 = x379 - x380
382: x382 = x197 * x381 	|  | ξ₇₄
383: x383 = x197 * x207 	|  | ξ₃₇ ξ₃₉ | ξ₃₇ ξ₃₉
384: x384 = x383 * x368 	|  | ξ₃₇ ξ₃₉   ξ₃₇²
385: x385 = x373 * x378 	|  | ξ₃₆ ξ₃₈   ξ₃₈²
386: x386 = x2 * x385
387: x387 = x384 - x386 	|  | ξ₇₅
388: x388 = x207 ² 	|  | ξ₃₉² | ξ₃₉² | ξ₃₉² | ξ₃₉² | ξ₃₉²
389: x389 = x212 * x368 	|  | ξ₄₀ ξ₃₇²
390: x390 = x192 * x388 	|  | ξ₃₆ ξ₃₉²
391: x391 = x389 - x390
392: x392 = x202 * x391 	|  | ξ₇₆
393: x393 = x202 * x212 	|  | ξ₃₈ ξ₄₀ | ξ₃₈ ξ₄₀ | ξ₃₈ ξ₄₀
394: x394 = x393 * x378 	|  | ξ₃₈ ξ₄₀   ξ₃₈²
395: x395 = x383 * x388 	|  | ξ₃₇ ξ₃₉   ξ₃₉²
396: x396 = x2 * x394
397: x397 = x396 - x395 	|  | ξ₇₇
398: x398 = x212 ² 	|  | ξ₄₀² | ξ₄₀² | ξ₄₀² | ξ₄₀² | ξ₄₀² | ξ₄₀²
399: x399 = x217 * x378 	|  | ξ₄₁ ξ₃₈² | ξ₄₁ ξ₃₈²
400: x400 = x197 * x398 	|  | ξ₃₇ ξ₄₀² | ξ₃₇ ξ₄₀²
401: x401 = x399 - x400
402: x402 = x207 * x401 	|  | ξ₇₈
403: x403 = x207 * x217 	|  | ξ₃₉ ξ₄₁ | ξ₃₉ ξ₄₁
404: x404 = x403 * x388 	|  | ξ₃₉ ξ₄₁   ξ₃₉²
405: x405 = x393 * x398 	|  | ξ₃₈ ξ₄₀   ξ₄₀²
406: x406 = x2 * x405
407: x407 = x404 - x406 	|  | ξ₇₉
408: x408 = x217 ² 	|  | ξ₄₁² | ξ₄₁² | ξ₄₁² | ξ₄₁² | ξ₄₁²
409: x409 = x222 * x388 	|  | ξ₄₂ ξ₃₉²
410: x410 = x202 * x408 	|  | ξ₃₈ ξ₄₁²
411: x411 = x409 - x410
412: x412 = x212 * x411 	|  | ξ₈₀
413: x413 = x212 * x222 	|  | ξ₄₀ ξ₄₂ | ξ₄₀ ξ₄₂ | ξ₄₀ ξ₄₂
414: x414 = x413 * x398 	|  | ξ₄₀ ξ₄₂   ξ₄₀²
415: x415 = x403 * x408 	|  | ξ₃₉ ξ₄₁   ξ₄₁²
416: x416 = x2 * x414
417: x417 = x416 - x415 	|  | ξ₈₁
418: x418 = x222 ² 	|  | ξ₄₂² | ξ₄₂² | ξ₄₂² | ξ₄₂² | ξ₄₂² | ξ₄₂²
419: x419 = x227 * x398 	|  | ξ₄₃ ξ₄₀² | ξ₄₃ ξ₄₀²
420: x420 = x207 * x418 	|  | ξ₃₉ ξ₄₂² | ξ₃₉ ξ₄₂²
421: x421 = x419 - x420
422: x422 = x217 * x421 	|  | ξ₈₂
423: x423 = x217 * x227 	|  | ξ₄₁ ξ₄₃ | ξ₄₁ ξ₄₃
424: x424 = x423 * x408 	|  | ξ₄₁ ξ₄₃   ξ₄₁²
425: x425 = x413 * x418 	|  | ξ₄₀ ξ₄₂   ξ₄₂²
426: x426 = x2 * x425
427: x427 = x424 - x426 	|  | ξ₈₃
428: x428 = x227 ² 	|  | ξ₄₃² | ξ₄₃² | ξ₄₃² | ξ₄₃² | ξ₄₃²
429: x429 = x232 * x408 	|  | ξ₄₄ ξ₄₁²
430: x430 = x212 * x428 	|  | ξ₄₀ ξ₄₃²
431: x431 = x429 - x430
432: x432 = x222 * x431 	|  | ξ₈₄
433: x433 = x222 * x232 	|  | ξ₄₂ ξ₄₄ | ξ₄₂ ξ₄₄ | ξ₄₂ ξ₄₄
434: x434 = x433 * x418 	|  | ξ₄₂ ξ₄₄   ξ₄₂²
435: x435 = x423 * x428 	|  | ξ₄₁ ξ₄₃   ξ₄₃²
436: x436 = x2 * x434
437: x437 = x436 - x435 	|  | ξ₈₅
438: x438 = x232 ² 	|  | ξ₄₄² | ξ₄₄² | ξ₄₄² | ξ₄₄² | ξ₄₄² | ξ₄₄²
439: x439 = x237 * x418 	|  | ξ₄₅ ξ₄₂² | ξ₄₅ ξ₄₂²
440: x440 = x217 * x438 	|  | ξ₄₁ ξ₄₄² | ξ₄₁ ξ₄₄²
441: x441 = x439 - x440
442: x442 = x227 * x441 	|  | ξ₈₆
443: x443 = x227 * x237 	|  | ξ₄₃ ξ₄₅ | ξ₄₃ ξ₄₅
444: x444 = x443 * x428 	|  | ξ₄₃ ξ₄₅   ξ₄₃²
445: x445 = x433 * x438 	|  | ξ₄₂ ξ₄₄   ξ₄₄²
446: x446 = x2 * x445
447: x447 = x444 - x446 	|  | ξ₈₇
448: x448 = x237 ² 	|  | ξ₄₅² | ξ₄₅² | ξ₄₅² | ξ₄₅² | ξ₄₅²
449: x449 = x242 * x428 	|  | ξ₄₆ ξ₄₃²
450: x450 = x222 * x448 	|  | ξ₄₂ ξ₄₅²
451: x451 = x449 - x450
452: x452 = x232 * x451 	|  | ξ₈₈
453: x453 = x232 * x242 	|  | ξ₄₄ ξ₄₆ | ξ₄₄ ξ₄₆ | ξ₄₄ ξ₄₆
454: x454 = x453 * x438 	|  | ξ₄₄ ξ₄₆   ξ₄₄²
455: x455 = x443 * x448 	|  | ξ₄₃ ξ₄₅   ξ₄₅²
456: x456 = x2 * x454
457: x457 = x456 - x455 	|  | ξ₈₉
458: x458 = x242 ² 	|  | ξ₄₆² | ξ₄₆² | ξ₄₆² | ξ₄₆² | ξ₄₆² | ξ₄₆²
459: x459 = x247 * x438 	|  | ξ₄₇ ξ₄₄² | ξ₄₇ ξ₄₄²
460: x460 = x227 * x458 	|  | ξ₄₃ ξ₄₆² | ξ₄₃ ξ₄₆²
461: x461 = x459 - x460
462: x462 = x237 * x461 	|  | ξ₉₀
463: x463 = x237 * x247 	|  | ξ₄₅ ξ₄₇ | ξ₄₅ ξ₄₇
464: x464 = x463 * x448 	|  | ξ₄₅ ξ₄₇   ξ₄₅²
465: x465 = x453 * x458 	|  | ξ₄₄ ξ₄₆   ξ₄₆²
466: x466 = x2 * x465
467: x467 = x464 - x466 	|  | ξ₉₁
468: x468 = x247 ² 	|  | ξ₄₇² | ξ₄₇² | ξ₄₇² | ξ₄₇² | ξ₄₇²
469: x469 = x252 * x448 	|  | ξ₄₈ ξ₄₅²
470: x470 = x232 * x468 	|  | ξ₄₄ ξ₄₇²
471: x471 = x469 - x470
472: x472 = x242 * x471 	|  | ξ₉₂
473: x473 = x242 * x252 	|  | ξ₄₆ ξ₄₈ | ξ₄₆ ξ₄₈ | ξ₄₆ ξ₄₈
474: x474 = x473 * x458 	|  | ξ₄₆ ξ₄₈   ξ₄₆²
475: x475 = x463 * x468 	|  | ξ₄₅ ξ₄₇   ξ₄₇²
476: x476 = x2 * x474
477: x477 = x476 - x475 	|  | ξ₉₃
478: x478 = x252 ² 	|  | ξ₄₈² | ξ₄₈² | ξ₄₈² | ξ₄₈² | ξ₄₈² | ξ₄₈²
479: x479 = x257 * x458 	|  | ξ₄₉ ξ₄₆² | ξ₄₉ ξ₄₆²
480: x480 = x237 * x478 	|  | ξ₄₅ ξ₄₈² | ξ₄₅ ξ₄₈²
481: x481 = x479 - x480
482: x482 = x247 * x481 	|  | ξ₉₄
483: x483 = x247 * x257 	|  | ξ₄₇ ξ₄₉ | ξ₄₇ ξ₄₉
484: x484 = x483 * x468 	|  | ξ₄₇ ξ₄₉   ξ₄₇²
485: x485 = x473 * x478 	|  | ξ₄₆ ξ₄₈   ξ₄₈²
486: x486 = x2 * x485
487: x487 = x484 - x486 	|  | ξ₉₅
488: x488 = x257 ² 	|  | ξ₄₉² | ξ₄₉² | ξ₄₉² | ξ₄₉² | ξ₄₉²
489: x489 = x262 * x468 	|  | ξ₅₀ ξ₄₇²
490: x490 = x242 * x488 	|  | ξ₄₆ ξ₄₉²
491: x491 = x489 - x490
492: x492 = x252 * x491 	|  | ξ₉₆
493: x493 = x252 * x262 	|  | ξ₄₈ ξ₅₀ | ξ₄₈ ξ₅₀ | ξ₄₈ ξ₅₀
494: x494 = x493 * x478 	|  | ξ₄₈ ξ₅₀   ξ₄₈²
495: x495 = x483 * x488 	|  | ξ₄₇ ξ₄₉   ξ₄₉²
496: x496 = x2 * x494
497: x497 = x496 - x495 	|  | ξ₉₇
498: x498 = x262 ² 	|  | ξ₅₀² | ξ₅₀² | ξ₅₀² | ξ₅₀² | ξ₅₀² | ξ₅₀²
499: x499 = x267 * x478 	|  | ξ₅₁ ξ₄₈² | ξ₅₁ ξ₄₈²
500: x500 = x247 * x498 	|  | ξ₄₇ ξ₅₀² | ξ₄₇ ξ₅₀²
501: x501 = x499 - x500
502: x502 = x257 * x501 	|  | ξ₉₈
503: x503 = x257 * x267 	|  | ξ₄₉ ξ₅₁ | ξ₄₉ ξ₅₁
504: x504 = x503 * x488 	|  | ξ₄₉ ξ₅₁   ξ₄₉²
505: x505 = x493 * x498 	|  | ξ₄₈ ξ₅₀   ξ₅₀²
506: x506 = x2 * x505
507: x507 = x504 - x506 	|  | ξ₉₉
508: x508 = x267 ² 	|  | ξ₅₁² | ξ₅₁² | ξ₅₁² | ξ₅₁² | ξ₅₁²
509: x509 = x272 * x488 	|  | ξ₅₂ ξ₄₉²
510: x510 = x252 * x508 	|  | ξ₄₈ ξ₅₁²
511: x511 = x509 - x510
512: x512 = x262 * x511 	|  | ξ₁₀₀
513: x513 = x262 * x272 	|  | ξ₅₀ ξ₅₂ | ξ₅₀ ξ₅₂ | ξ₅₀ ξ₅₂
514: x514 = x513 * x498 	|  | ξ₅₀ ξ₅₂   ξ₅₀²
515: x515 = x503 * x508 	|  | ξ₄₉ ξ₅₁   ξ₅₁²
516: x516 = x2 * x514
517: x517 = x516 - x515 	|  | ξ₁₀₁
518: x518 = x272 ² 	|  | ξ₅₂² | ξ₅₂² | ξ₅₂² | ξ₅₂² | ξ₅₂² | ξ₅₂²
519: x519 = x277 * x498 	|  | ξ₅₃ ξ₅₀² | ξ₅₃ ξ₅₀²
520: x520 = x257 * x518 	|  | ξ₄₉ ξ₅₂² | ξ₄₉ ξ₅₂²
521: x521 = x519 - x520
522: x522 = x267 * x521 	|  | ξ₁₀₂
523: x523 = x267 * x277 	|  | ξ₅₁ ξ₅₃ | ξ₅₁ ξ₅₃
524: x524 = x523 * x508 	|  | ξ₅₁ ξ₅₃   ξ₅₁²
525: x525 = x513 * x518 	|  | ξ₅₀ ξ₅₂   ξ₅₂²
526: x526 = x2 * x525
527: x527 = x524 - x526 	|  | ξ₁₀₃
528: x528 = x277 ² 	|  | ξ₅₃² | ξ₅₃² | ξ₅₃² | ξ₅₃² | ξ₅₃²
529: x529 = x282 * x508 	|  | ξ₅₄ ξ₅₁²
530: x530 = x262 * x528 	|  | ξ₅₀ ξ₅₃²
531: x531 = x529 - x530
532: x532 = x272 * x531 	|  | ξ₁₀₄
533: x533 = x272 * x282 	|  | ξ₅₂ ξ₅₄ | ξ₅₂ ξ₅₄ | ξ₅₂ ξ₅₄
534: x534 = x533 * x518 	|  | ξ₅₂ ξ₅₄   ξ₅₂²
535: x535 = x523 * x528 	|  | ξ₅₁ ξ₅₃   ξ₅₃²
536: x536 = x2 * x534
537: x537 = x536 - x535 	|  | ξ₁₀₅
538: x538 = x282 ² 	|  | ξ₅₄² | ξ₅₄² | ξ₅₄² | ξ₅₄² | ξ₅₄² | ξ₅₄²
539: x539 = x287 * x518 	|  | ξ₅₅ ξ₅₂² | ξ₅₅ ξ₅₂²
540: x540 = x267 * x538 	|  | ξ₅₁ ξ₅₄² | ξ₅₁ ξ₅₄²
541: x541 = x539 - x540
542: x542 = x277 * x541 	|  | ξ₁₀₆
543: x543 = x277 * x287 	|  | ξ₅₃ ξ₅₅ | ξ₅₃ ξ₅₅
544: x544 = x543 * x528 	|  | ξ₅₃ ξ₅₅   ξ₅₃²
545: x545 = x533 * x538 	|  | ξ₅₂ ξ₅₄   ξ₅₄²
546: x546 = x2 * x545
547: x547 = x544 - x546 	|  | ξ₁₀₇
548: x548 = x287 ² 	|  | ξ₅₅² | ξ₅₅² | ξ₅₅² | ξ₅₅² | ξ₅₅²
549: x549 = x292 * x528 	|  | ξ₅₆ ξ₅₃²
550: x550 = x272 * x548 	|  | ξ₅₂ ξ₅₅²
551: x551 = x549 - x550
552: x552 = x282 * x551 	|  | ξ₁₀₈
553: x553 = x282 * x292 	|  | ξ₅₄ ξ₅₆ | ξ₅₄ ξ₅₆ | ξ₅₄ ξ₅₆
554: x554 = x553 * x538 	|  | ξ₅₄ ξ₅₆   ξ₅₄²
555: x555 = x543 * x548 	|  | ξ₅₃ ξ₅₅   ξ₅₅²
556: x556 = x2 * x554
557: x557 = x556 - x555 	|  | ξ₁₀₉
558: x558 = x292 ² 	|  | ξ₅₆² | ξ₅₆² | ξ₅₆² | ξ₅₆² | ξ₅₆² | ξ₅₆²
559: x559 = x297 * x538 	|  | ξ₅₇ ξ₅₄² | ξ₅₇ ξ₅₄²
560: x560 = x277 * x558 	|  | ξ₅₃ ξ₅₆² | ξ₅₃ ξ₅₆²
561: x561 = x559 - x560
562: x562 = x287 * x561 	|  | ξ₁₁₀
563: x563 = x287 * x297 	|  | ξ₅₅ ξ₅₇ | ξ₅₅ ξ₅₇
564: x564 = x563 * x548 	|  | ξ₅₅ ξ₅₇   ξ₅₅²
565: x565 = x553 * x558 	|  | ξ₅₄ ξ₅₆   ξ₅₆²
566: x566 = x2 * x565
567: x567 = x564 - x566 	|  | ξ₁₁₁
568: x568 = x297 ² 	|  | ξ₅₇² | ξ₅₇² | ξ₅₇² | ξ₅₇² | ξ₅₇²
569: x569 = x302 * x548 	|  | ξ₅₈ ξ₅₅²
570: x570 = x282 * x568 	|  | ξ₅₄ ξ₅₇²
571: x571 = x569 - x570
572: x572 = x292 * x571 	|  | ξ₁₁₂
573: x573 = x292 * x302 	|  | ξ₅₆ ξ₅₈ | ξ₅₆ ξ₅₈ | ξ₅₆ ξ₅₈
574: x574 = x573 * x558 	|  | ξ₅₆ ξ₅₈   ξ₅₆²
575: x575 = x563 * x568 	|  | ξ₅₅ ξ₅₇   ξ₅₇²
576: x576 = x2 * x574
577: x577 = x576 - x575 	|  | ξ₁₁₃
578: x578 = x302 ² 	|  | ξ₅₈² | ξ₅₈² | ξ₅₈² | ξ₅₈² | ξ₅₈² | ξ₅₈²
579: x579 = x307 * x558 	|  | ξ₅₉ ξ₅₆² | ξ₅₉ ξ₅₆²
580: x580 = x287 * x578 	|  | ξ₅₅ ξ₅₈² | ξ₅₅ ξ₅₈²
581: x581 = x579 - x580
582: x582 = x297 * x581 	|  | ξ₁₁₄
583: x583 = x297 * x307 	|  | ξ₅₇ ξ₅₉ | ξ₅₇ ξ₅₉
584: x584 = x583 * x568 	|  | ξ₅₇ ξ₅₉   ξ₅₇²
585: x585 = x573 * x578 	|  | ξ₅₆ ξ₅₈   ξ₅₈²
586: x586 = x2 * x585
587: x587 = x584 - x586 	|  | ξ₁₁₅
588: x588 = x307 ² 	|  | ξ₅₉² | ξ₅₉² | ξ₅₉² | ξ₅₉² | ξ₅₉²
589: x589 = x312 * x568 	|  | ξ₆₀ ξ₅₇²
590: x590 = x292 * x588 	|  | ξ₅₆ ξ₅₉²
591: x591 = x589 - x590
592: x592 = x302 * x591 	|  | ξ₁₁₆
593: x593 = x302 * x312 	|  | ξ₅₈ ξ₆₀ | ξ₅₈ ξ₆₀ | ξ₅₈ ξ₆₀
594: x594 = x593 * x578 	|  | ξ₅₈ ξ₆₀   ξ₅₈²
595: x595 = x583 * x588 	|  | ξ₅₇ ξ₅₉   ξ₅₉²
596: x596 = x2 * x594
597: x597 = x596 - x595 	|  | ξ₁₁₇
598: x598 = x312 ² 	|  | ξ₆₀² | ξ₆₀² | ξ₆₀² | ξ₆₀² | ξ₆₀² | ξ₆₀²
599: x599 = x317 * x578 	|  | ξ₆₁ ξ₅₈² | ξ₆₁ ξ₅₈²
600: x600 = x297 * x598 	|  | ξ₅₇ ξ₆₀² | ξ₅₇ ξ₆₀²
601: x601 = x599 - x600
602: x602 = x307 * x601 	|  | ξ₁₁₈
603: x603 = x307 * x317 	|  | ξ₅₉ ξ₆₁ | ξ₅₉ ξ₆₁
604: x604 = x603 * x588 	|  | ξ₅₉ ξ₆₁   ξ₅₉²
605: x605 = x593 * x598 	|  | ξ₅₈ ξ₆₀   ξ₆₀²
606: x606 = x2 * x605
607: x607 = x604 - x606 	|  | ξ₁₁₉
608: x608 = x317 ² 	|  | ξ₆₁² | ξ₆₁² | ξ₆₁² | ξ₆₁² | ξ₆₁²
609: x609 = x322 * x588 	|  | ξ₆₂ ξ₅₉²
610: x610 = x302 * x608 	|  | ξ₅₈ ξ₆₁²
611: x611 = x609 - x610
612: x612 = x312 * x611 	|  | ξ₁₂₀
613: x613 = x312 * x322 	|  | ξ₆₀ ξ₆₂ | ξ₆₀ ξ₆₂ | ξ₆₀ ξ₆₂
614: x614 = x613 * x598 	|  | ξ₆₀ ξ₆₂   ξ₆₀²
615: x615 = x603 * x608 	|  | ξ₅₉ ξ₆₁   ξ₆₁²
616: x616 = x2 * x614
617: x617 = x616 - x615 	|  | ξ₁₂₁
618: x618 = x322 ² 	|  | ξ₆₂² | ξ₆₂² | ξ₆₂² | ξ₆₂² | ξ₆₂² | ξ₆₂²
619: x619 = x327 * x598 	|  | ξ₆₃ ξ₆₀² | ξ₆₃ ξ₆₀²
620: x620 = x307 * x618 	|  | ξ₅₉ ξ₆₂² | ξ₅₉ ξ₆₂²
621: x621 = x619 - x620
622: x622 = x317 * x621 	|  | ξ₁₂₂
623: x623 = x317 * x327 	|  | ξ₆₁ ξ₆₃ | ξ₆₁ ξ₆₃
624: x624 = x623 * x608 	|  | ξ₆₁ ξ₆₃   ξ₆₁²
625: x625 = x613 * x618 	|  | ξ₆₀ ξ₆₂   ξ₆₂²
626: x626 = x2 * x625
627: x627 = x624 - x626 	|  | ξ₁₂₃
628: x628 = x327 ² 	|  | ξ₆₃² | ξ₆₃² | ξ₆₃² | ξ₆₃² | ξ₆₃²
629: x629 = x332 * x608 	|  | ξ₆₄ ξ₆₁²
630: x630 = x312 * x628 	|  | ξ₆₀ ξ₆₃²
631: x631 = x629 - x630
632: x632 = x322 * x631 	|  | ξ₁₂₄
633: x633 = x322 * x332 	|  | ξ₆₂ ξ₆₄ | ξ₆₂ ξ₆₄ | ξ₆₂ ξ₆₄
634: x634 = x633 * x618 	|  | ξ₆₂ ξ₆₄   ξ₆₂²
635: x635 = x623 * x628 	|  | ξ₆₁ ξ₆₃   ξ₆₃²
636: x636 = x2 * x634
637: x637 = x636 - x635 	|  | ξ₁₂₅
638: x638 = x332 ² 	|  | ξ₆₄² | ξ₆₄² | ξ₆₄² | ξ₆₄² | ξ₆₄²
639: x639 = x337 * x618 	|  | ξ₆₅ ξ₆₂² | ξ₆₅ ξ₆₂²
640: x640 = x317 * x638 	|  | ξ₆₁ ξ₆₄² | ξ₆₁ ξ₆₄²
641: x641 = x639 - x640
642: x642 = x327 * x641 	|  | ξ₁₂₆
643: x643 = x327 * x337 	|  | ξ₆₃ ξ₆₅ | ξ₆₃ ξ₆₅
644: x644 = x643 * x628 	|  | ξ₆₃ ξ₆₅   ξ₆₃²
645: x645 = x633 * x638 	|  | ξ₆₂ ξ₆₄   ξ₆₄²
646: x646 = x2 * x645
647: x647 = x644 - x646 	|  | ξ₁₂₇
648: x648 = x337 ² 	|  | ξ₆₅² | ξ₆₅² | ξ₆₅²
649: x649 = x342 * x628 	|  | ξ₆₆ ξ₆₃²
650: x650 = x322 * x648 	|  | ξ₆₂ ξ₆₅²
651: x651 = x649 - x650
652: x652 = x332 * x651 	|  | ξ₁₂₈
653: x653 = x332 * x342 	|  | ξ₆₄ ξ₆₆ | ξ₆₄ ξ₆₆
654: x654 = x653 * x638 	|  | ξ₆₄ ξ₆₆   ξ₆₄²
655: x655 = x643 * x648 	|  | ξ₆₃ ξ₆₅   ξ₆₅²
656: x656 = x2 * x654
657: x657 = x656 - x655 	|  | ξ₁₂₉
658: x658 = x642 ² 	|  | ξ₁₂₆² | ξ₁₂₆²
659: x659 = x647 ² 	|  | ξ₁₂₇²
660: x660 = x652 ² 	|  | ξ₁₂₈²
661: x661 = x642 * x652 	|  | ξ₁₂₆ ξ₁₂₈
662: x662 = x * x659
663: x663 = x1 * x661
664: x664 = x662 - x663 	|  | [127]Px
665: x665 = x657 * x658 	|  | ξ₁₂₉ ξ₁₂₆²
666: x666 = x637 * x660 	|  | ξ₁₂₅ ξ₁₂₈²
667: x667 = x665 - x666
668: x668 = y * x667 	|  | [127]Py
669: x669 = x632 ² 	|  | ξ₁₂₄² | ξ₁₂₄²
670: x670 = x637 ² 	|  | ξ₁₂₅²
671: x671 = x632 * x642 	|  | ξ₁₂₄ ξ₁₂₆
672: x672 = x * x670
673: x673 = x1 * x671
674: x674 = x672 - x673 	|  | [125]Px
675: x675 = x647 * x669 	|  | ξ₁₂₇ ξ₁₂₄²
676: x676 = x627 * x658 	|  | ξ₁₂₃ ξ₁₂₆²
677: x677 = x675 - x676
678: x678 = y * x677 	|  | [125]Py
679: x679 = x622 ² 	|  | ξ₁₂₂² | ξ₁₂₂²
680: x680 = x627 ² 	|  | ξ₁₂₃²
681: x681 = x622 * x632 	|  | ξ₁₂₂ ξ₁₂₄
682: x682 = x * x680
683: x683 = x1 * x681
684: x684 = x682 - x683 	|  | [123]Px
685: x685 = x637 * x679 	|  | ξ₁₂₅ ξ₁₂₂²
686: x686 = x617 * x669 	|  | ξ₁₂₁ ξ₁₂₄²
687: x687 = x685 - x686
688: x688 = y * x687 	|  | [123]Py
689: x689 = x612 ² 	|  | ξ₁₂₀² | ξ₁₂₀²
690: x690 = x617 ² 	|  | ξ₁₂₁²
691: x691 = x612 * x622 	|  | ξ₁₂₀ ξ₁₂₂
692: x692 = x * x690
693: x693 = x1 * x691
694: x694 = x692 - x693 	|  | [121]Px
695: x695 = x627 * x689 	|  | ξ₁₂₃ ξ₁₂₀²
696: x696 = x607 * x679 	|  | ξ₁₁₉ ξ₁₂₂²
697: x697 = x695 - x696
698: x698 = y * x697 	|  | [121]Py
699: x699 = x602 ² 	|  | ξ₁₁₈² | ξ₁₁₈²
700: x700 = x607 ² 	|  | ξ₁₁₉²
701: x701 = x602 * x612 	|  | ξ₁₁₈ ξ₁₂₀
702: x702 = x * x700
703: x703 = x1 * x701
704: x704 = x702 - x703 	|  | [119]Px
705: x705 = x617 * x699 	|  | ξ₁₂₁ ξ₁₁₈²
706: x706 = x597 * x689 	|  | ξ₁₁₇ ξ₁₂₀²
707: x707 = x705 - x706
708: x708 = y * x707 	|  | [119]Py
709: x709 = x592 ² 	|  | ξ₁₁₆² | ξ₁₁₆²
710: x710 = x597 ² 	|  | ξ₁₁₇²
711: x711 = x592 * x602 	|  | ξ₁₁₆ ξ₁₁₈
712: x712 = x * x710
713: x713 = x1 * x711
714: x714 = x712 - x713 	|  | [117]Px
715: x715 = x607 * x709 	|  | ξ₁₁₉ ξ₁₁₆²
716: x716 = x587 * x699 	|  | ξ₁₁₅ ξ₁₁₈²
717: x717 = x715 - x716
718: x718 = y * x717 	|  | [117]Py
719: x719 = x582 ² 	|  | ξ₁₁₄² | ξ₁₁₄²
720: x720 = x587 ² 	|  | ξ₁₁₅²
721: x721 = x582 * x592 	|  | ξ₁₁₄ ξ₁₁₆
722: x722 = x * x720
723: x723 = x1 * x721
724: x724 = x722 - x723 	|  | [115]Px
725: x725 = x597 * x719 	|  | ξ₁₁₇ ξ₁₁₄²
726: x726 = x577 * x709 	|  | ξ₁₁₃ ξ₁₁₆²
727: x727 = x725 - x726
728: x728 = y * x727 	|  | [115]Py
729: x729 = x572 ² 	|  | ξ₁₁₂² | ξ₁₁₂²
730: x730 = x577 ² 	|  | ξ₁₁₃²
731: x731 = x572 * x582 	|  | ξ₁₁₂ ξ₁₁₄
732: x732 = x * x730
733: x733 = x1 * x731
734: x734 = x732 - x733 	|  | [113]Px
735: x735 = x587 * x729 	|  | ξ₁₁₅ ξ₁₁₂²
736: x736 = x567 * x719 	|  | ξ₁₁₁ ξ₁₁₄²
737: x737 = x735 - x736
738: x738 = y * x737 	|  | [113]Py
739: x739 = x562 ² 	|  | ξ₁₁₀² | ξ₁₁₀²
740: x740 = x567 ² 	|  | ξ₁₁₁²
741: x741 = x562 * x572 	|  | ξ₁₁₀ ξ₁₁₂
742: x742 = x * x740
743: x743 = x1 * x741
744: x744 = x742 - x743 	|  | [111]Px
745: x745 = x577 * x739 	|  | ξ₁₁₃ ξ₁₁₀²
746: x746 = x557 * x729 	|  | ξ₁₀₉ ξ₁₁₂²
747: x747 = x745 - x746
748: x748 = y * x747 	|  | [111]Py
749: x749 = x552 ² 	|  | ξ₁₀₈² | ξ₁₀₈²
750: x750 = x557 ² 	|  | ξ₁₀₉²
751: x751 = x552 * x562 	|  | ξ₁₀₈ ξ₁₁₀
752: x752 = x * x750
753: x753 = x1 * x751
754: x754 = x752 - x753 	|  | [109]Px
755: x755 = x567 * x749 	|  | ξ₁₁₁ ξ₁₀₈²
756: x756 = x547 * x739 	|  | ξ₁₀₇ ξ₁₁₀²
757: x757 = x755 - x756
758: x758 = y * x757 	|  | [109]Py
759: x759 = x542 ² 	|  | ξ₁₀₆² | ξ₁₀₆²
760: x760 = x547 ² 	|  | ξ₁₀₇²
761: x761 = x542 * x552 	|  | ξ₁₀₆ ξ₁₀₈
762: x762 = x * x760
763: x763 = x1 * x761
764: x764 = x762 - x763 	|  | [107]Px
765: x765 = x557 * x759 	|  | ξ₁₀₉ ξ₁₀₆²
766: x766 = x537 * x749 	|  | ξ₁₀₅ ξ₁₀₈²
767: x767 = x765 - x766
768: x768 = y * x767 	|  | [107]Py
769: x769 = x532 ² 	|  | ξ₁₀₄² | ξ₁₀₄²
770: x770 = x537 ² 	|  | ξ₁₀₅²
771: x771 = x532 * x542 	|  | ξ₁₀₄ ξ₁₀₆
772: x772 = x * x770
773: x773 = x1 * x771
774: x774 = x772 - x773 	|  | [105]Px
775: x775 = x547 * x769 	|  | ξ₁₀₇ ξ₁₀₄²
776: x776 = x527 * x759 	|  | ξ₁₀₃ ξ₁₀₆²
777: x777 = x775 - x776
778: x778 = y * x777 	|  | [105]Py
779: x779 = x522 ² 	|  | ξ₁₀₂² | ξ₁₀₂²
780: x780 = x527 ² 	|  | ξ₁₀₃²
781: x781 = x522 * x532 	|  | ξ₁₀₂ ξ₁₀₄
782: x782 = x * x780
783: x783 = x1 * x781
784: x784 = x782 - x783 	|  | [103]Px
785: x785 = x537 * x779 	|  | ξ₁₀₅ ξ₁₀₂²
786: x786 = x517 * x769 	|  | ξ₁₀₁ ξ₁₀₄²
787: x787 = x785 - x786
788: x788 = y * x787 	|  | [103]Py
789: x789 = x512 ² 	|  | ξ₁₀₀² | ξ₁₀₀²
790: x790 = x517 ² 	|  | ξ₁₀₁²
791: x791 = x512 * x522 	|  | ξ₁₀₀ ξ₁₀₂
792: x792 = x * x790
793: x793 = x1 * x791
794: x794 = x792 - x793 	|  | [101]Px
795: x795 = x527 * x789 	|  | ξ₁₀₃ ξ₁₀₀²
796: x796 = x507 * x779 	|  | ξ₉₉ ξ₁₀₂²
797: x797 = x795 - x796
798: x798 = y * x797 	|  | [101]Py
799: x799 = x502 ² 	|  | ξ₉₈² | ξ₉₈²
800: x800 = x507 ² 	|  | ξ₉₉²
801: x801 = x502 * x512 	|  | ξ₉₈ ξ₁₀₀
802: x802 = x * x800
803: x803 = x1 * x801
804: x804 = x802 - x803 	|  | [99]Px
805: x805 = x517 * x799 	|  | ξ₁₀₁ ξ₉₈²
806: x806 = x497 * x789 	|  | ξ₉₇ ξ₁₀₀²
807: x807 = x805 - x806
808: x808 = y * x807 	|  | [99]Py
809: x809 = x492 ² 	|  | ξ₉₆² | ξ₉₆²
810: x810 = x497 ² 	|  | ξ₉₇²
811: x811 = x492 * x502 	|  | ξ₉₆ ξ₉₈
812: x812 = x * x810
813: x813 = x1 * x811
814: x814 = x812 - x813 	|  | [97]Px
815: x815 = x507 * x809 	|  | ξ₉₉ ξ₉₆²
816: x816 = x487 * x799 	|  | ξ₉₅ ξ₉₈²
817: x817 = x815 - x816
818: x818 = y * x817 	|  | [97]Py
819: x819 = x482 ² 	|  | ξ₉₄² | ξ₉₄²
820: x820 = x487 ² 	|  | ξ₉₅²
821: x821 = x482 * x492 	|  | ξ₉₄ ξ₉₆
822: x822 = x * x820
823: x823 = x1 * x821
824: x824 = x822 - x823 	|  | [95]Px
825: x825 = x497 * x819 	|  | ξ₉₇ ξ₉₄²
826: x826 = x477 * x809 	|  | ξ₉₃ ξ₉₆²
827: x827 = x825 - x826
828: x828 = y * x827 	|  | [95]Py
829: x829 = x472 ² 	|  | ξ₉₂² | ξ₉₂²
830: x830 = x477 ² 	|  | ξ₉₃²
831: x831 = x472 * x482 	|  | ξ₉₂ ξ₉₄
832: x832 = x * x830
833: x833 = x1 * x831
834: x834 = x832 - x833 	|  | [93]Px
835: x835 = x487 * x829 	|  | ξ₉₅ ξ₉₂²
836: x836 = x467 * x819 	|  | ξ₉₁ ξ₉₄²
837: x837 = x835 - x836
838: x838 = y * x837 	|  | [93]Py
839: x839 = x462 ² 	|  | ξ₉₀² | ξ₉₀²
840: x840 = x467 ² 	|  | ξ₉₁²
841: x841 = x462 * x472 	|  | ξ₉₀ ξ₉₂
842: x842 = x * x840
843: x843 = x1 * x841
844: x844 = x842 - x843 	|  | [91]Px
845: x845 = x477 * x839 	|  | ξ₉₃ ξ₉₀²
846: x846 = x457 * x829 	|  | ξ₈₉ ξ₉₂²
847: x847 = x845 - x846
848: x848 = y * x847 	|  | [91]Py
849: x849 = x452 ² 	|  | ξ₈₈² | ξ₈₈²
850: x850 = x457 ² 	|  | ξ₈₉²
851: x851 = x452 * x462 	|  | ξ₈₈ ξ₉₀
852: x852 = x * x850
853: x853 = x1 * x851
854: x854 = x852 - x853 	|  | [89]Px
855: x855 = x467 * x849 	|  | ξ₉₁ ξ₈₈²
856: x856 = x447 * x839 	|  | ξ₈₇ ξ₉₀²
857: x857 = x855 - x856
858: x858 = y * x857 	|  | [89]Py
859: x859 = x442 ² 	|  | ξ₈₆² | ξ₈₆²
860: x860 = x447 ² 	|  | ξ₈₇²
861: x861 = x442 * x452 	|  | ξ₈₆ ξ₈₈
862: x862 = x * x860
863: x863 = x1 * x861
864: x864 = x862 - x863 	|  | [87]Px
865: x865 = x457 * x859 	|  | ξ₈₉ ξ₈₆²
866: x866 = x437 * x849 	|  | ξ₈₅ ξ₈₈²
867: x867 = x865 - x866
868: x868 = y * x867 	|  | [87]Py
869: x869 = x432 ² 	|  | ξ₈₄² | ξ₈₄²
870: x870 = x437 ² 	|  | ξ₈₅²
871: x871 = x432 * x442 	|  | ξ₈₄ ξ₈₆
872: x872 = x * x870
873: x873 = x1 * x871
874: x874 = x872 - x873 	|  | [85]Px
875: x875 = x447 * x869 	|  | ξ₈₇ ξ₈₄²
876: x876 = x427 * x859 	|  | ξ₈₃ ξ₈₆²
877: x877 = x875 - x876
878: x878 = y * x877 	|  | [85]Py
879: x879 = x422 ² 	|  | ξ₈₂² | ξ₈₂²
880: x880 = x427 ² 	|  | ξ₈₃²
881: x881 = x422 * x432 	|  | ξ₈₂ ξ₈₄
882: x882 = x * x880
883: x883 = x1 * x881
884: x884 = x882 - x883 	|  | [83]Px
885: x885 = x437 * x879 	|  | ξ₈₅ ξ₈₂²
886: x886 = x417 * x869 	|  | ξ₈₁ ξ₈₄²
887: x887 = x885 - x886
888: x888 = y * x887 	|  | [83]Py
889: x889 = x412 ² 	|  | ξ₈₀² | ξ₈₀²
890: x890 = x417 ² 	|  | ξ₈₁²
891: x891 = x412 * x422 	|  | ξ₈₀ ξ₈₂
892: x892 = x * x890
893: x893 = x1 * x891
894: x894 = x892 - x893 	|  | [81]Px
895: x895 = x427 * x889 	|  | ξ₈₃ ξ₈₀²
896: x896 = x407 * x879 	|  | ξ₇₉ ξ₈₂²
897: x897 = x895 - x896
898: x898 = y * x897 	|  | [81]Py
899: x899 = x402 ² 	|  | ξ₇₈² | ξ₇₈²
900: x900 = x407 ² 	|  | ξ₇₉²
901: x901 = x402 * x412 	|  | ξ₇₈ ξ₈₀
902: x902 = x * x900
903: x903 = x1 * x901
904: x904 = x902 - x903 	|  | [79]Px
905: x905 = x417 * x899 	|  | ξ₈₁ ξ₇₈²
906: x906 = x397 * x889 	|  | ξ₇₇ ξ₈₀²
907: x907 = x905 - x906
908: x908 = y * x907 	|  | [79]Py
909: x909 = x392 ² 	|  | ξ₇₆² | ξ₇₆²
910: x910 = x397 ² 	|  | ξ₇₇²
911: x911 = x392 * x402 	|  | ξ₇₆ ξ₇₈
912: x912 = x * x910
913: x913 = x1 * x911
914: x914 = x912 - x913 	|  | [77]Px
915: x915 = x407 * x909 	|  | ξ₇₉ ξ₇₆²
916: x916 = x387 * x899 	|  | ξ₇₅ ξ₇₈²
917: x917 = x915 - x916
918: x918 = y * x917 	|  | [77]Py
919: x919 = x382 ² 	|  | ξ₇₄² | ξ₇₄²
920: x920 = x387 ² 	|  | ξ₇₅²
921: x921 = x382 * x392 	|  | ξ₇₄ ξ₇₆
922: x922 = x * x920
923: x923 = x1 * x921
924: x924 = x922 - x923 	|  | [75]Px
925: x925 = x397 * x919 	|  | ξ₇₇ ξ₇₄²
926: x926 = x377 * x909 	|  | ξ₇₃ ξ₇₆²
927: x927 = x925 - x926
928: x928 = y * x927 	|  | [75]Py
929: x929 = x372 ² 	|  | ξ₇₂² | ξ₇₂²
930: x930 = x377 ² 	|  | ξ₇₃²
931: x931 = x372 * x382 	|  | ξ₇₂ ξ₇₄
932: x932 = x * x930
933: x933 = x1 * x931
934: x934 = x932 - x933 	|  | [73]Px
935: x935 = x387 * x929 	|  | ξ₇₅ ξ₇₂²
936: x936 = x367 * x919 	|  | ξ₇₁ ξ₇₄²
937: x937 = x935 - x936
938: x938 = y * x937 	|  | [73]Py
939: x939 = x362 ² 	|  | ξ₇₀² | ξ₇₀²
940: x940 = x367 ² 	|  | ξ₇₁²
941: x941 = x362 * x372 	|  | ξ₇₀ ξ₇₂
942: x942 = x * x940
943: x943 = x1 * x941
944: x944 = x942 - x943 	|  | [71]Px
945: x945 = x377 * x939 	|  | ξ₇₃ ξ₇₀²
946: x946 = x357 * x929 	|  | ξ₆₉ ξ₇₂²
947: x947 = x945 - x946
948: x948 = y * x947 	|  | [71]Py
949: x949 = x352 ² 	|  | ξ₆₈² | ξ₆₈²
950: x950 = x357 ² 	|  | ξ₆₉²
951: x951 = x352 * x362 	|  | ξ₆₈ ξ₇₀
952: x952 = x * x950
953: x953 = x1 * x951
954: x954 = x952 - x953 	|  | [69]Px
955: x955 = x367 * x949 	|  | ξ₇₁ ξ₆₈²
956: x956 = x347 * x939 	|  | ξ₆₇ ξ₇₀²
957: x957 = x955 - x956
958: x958 = y * x957 	|  | [69]Py
959: x959 = x342 ² 	|  | ξ₆₆² | ξ₆₆²
960: x960 = x347 ² 	|  | ξ₆₇²
961: x961 = x342 * x352 	|  | ξ₆₆ ξ₆₈
962: x962 = x * x960
963: x963 = x1 * x961
964: x964 = x962 - x963 	|  | [67]Px
965: x965 = x357 * x959 	|  | ξ₆₉ ξ₆₆²
966: x966 = x337 * x949 	|  | ξ₆₅ ξ₆₈²
967: x967 = x965 - x966
968: x968 = y * x967 	|  | [67]Py
969: x969 = x * x648
970: x970 = x1 * x653
971: x971 = x969 - x970 	|  | [65]Px
972: x972 = x347 * x638 	|  | ξ₆₇ ξ₆₄²
973: x973 = x327 * x959 	|  | ξ₆₃ ξ₆₆²
974: x974 = x972 - x973
975: x975 = y * x974 	|  | [65]Py
976: x976 = x * x628
977: x977 = x1 * x633
978: x978 = x976 - x977 	|  | [63]Px
979: x979 = y * x641 	|  | [63]Py
980: x980 = x * x608
981: x981 = x1 * x613
982: x982 = x980 - x981 	|  | [61]Px
983: x983 = y * x621 	|  | [61]Py
984: x984 = x * x588
985: x985 = x1 * x593
986: x986 = x984 - x985 	|  | [59]Px
987: x987 = y * x601 	|  | [59]Py
988: x988 = x * x568
989: x989 = x1 * x573
990: x990 = x988 - x989 	|  | [57]Px
991: x991 = y * x581 	|  | [57]Py
992: x992 = x * x548
993: x993 = x1 * x553
994: x994 = x992 - x993 	|  | [55]Px
995: x995 = y * x561 	|  | [55]Py
996: x996 = x * x528
997: x997 = x1 * x533
998: x998 = x996 - x997 	|  | [53]Px
999: x999 = y * x541 	|  | [53]Py
1000: x1000 = x * x508
1001: x1001 = x1 * x513
1002: x1002 = x1000 - x1001 	|  | [51]Px
1003: x1003 = y * x521 	|  | [51]Py
1004: x1004 = x * x488
1005: x1005 = x1 * x493
1006: x1006 = x1004 - x1005 	|  | [49]Px
1007: x1007 = y * x501 	|  | [49]Py
1008: x1008 = x * x468
1009: x1009 = x1 * x473
1010: x1010 = x1008 - x1009 	|  | [47]Px
1011: x1011 = y * x481 	|  | [47]Py
1012: x1012 = x * x448
1013: x1013 = x1 * x453
1014: x1014 = x1012 - x1013 	|  | [45]Px
1015: x1015 = y * x461 	|  | [45]Py
1016: x1016 = x * x428
1017: x1017 = x1 * x433
1018: x1018 = x1016 - x1017 	|  | [43]Px
1019: x1019 = y * x441 	|  | [43]Py
1020: x1020 = x * x408
1021: x1021 = x1 * x413
1022: x1022 = x1020 - x1021 	|  | [41]Px
1023: x1023 = y * x421 	|  | [41]Py
1024: x1024 = x * x388
1025: x1025 = x1 * x393
1026: x1026 = x1024 - x1025 	|  | [39]Px
1027: x1027 = y * x401 	|  | [39]Py
1028: x1028 = x * x368
1029: x1029 = x1 * x373
1030: x1030 = x1028 - x1029 	|  | [37]Px
1031: x1031 = y * x381 	|  | [37]Py
1032: x1032 = x * x348
1033: x1033 = x1 * x353
1034: x1034 = x1032 - x1033 	|  | [35]Px
1035: x1035 = y * x361 	|  | [35]Py
1036: x1036 = x * x328
1037: x1037 = x1 * x333
1038: x1038 = x1036 - x1037 	|  | [33]Px
1039: x1039 = y * x341 	|  | [33]Py
1040: x1040 = x * x308
1041: x1041 = x1 * x313
1042: x1042 = x1040 - x1041 	|  | [31]Px
1043: x1043 = y * x321 	|  | [31]Py
1044: x1044 = x * x288
1045: x1045 = x1 * x293
1046: x1046 = x1044 - x1045 	|  | [29]Px
1047: x1047 = y * x301 	|  | [29]Py
1048: x1048 = x * x268
1049: x1049 = x1 * x273
1050: x1050 = x1048 - x1049 	|  | [27]Px
1051: x1051 = y * x281 	|  | [27]Py
1052: x1052 = x * x248
1053: x1053 = x1 * x253
1054: x1054 = x1052 - x1053 	|  | [25]Px
1055: x1055 = y * x261 	|  | [25]Py
1056: x1056 = x * x228
1057: x1057 = x1 * x233
1058: x1058 = x1056 - x1057 	|  | [23]Px
1059: x1059 = y * x241 	|  | [23]Py
1060: x1060 = x * x208
1061: x1061 = x1 * x213
1062: x1062 = x1060 - x1061 	|  | [21]Px
1063: x1063 = y * x221 	|  | [21]Py
1064: x1064 = x * x188
1065: x1065 = x1 * x193
1066: x1066 = x1064 - x1065 	|  | [19]Px
1067: x1067 = y * x201 	|  | [19]Py
1068: x1068 = x * x168
1069: x1069 = x1 * x173
1070: x1070 = x1068 - x1069 	|  | [17]Px
1071: x1071 = y * x181 	|  | [17]Py
1072: x1072 = x * x148
1073: x1073 = x1 * x153
1074: x1074 = x1072 - x1073 	|  | [15]Px
1075: x1075 = y * x161 	|  | [15]Py
1076: x1076 = x * x128
1077: x1077 = x1 * x133
1078: x1078 = x1076 - x1077 	|  | [13]Px
1079: x1079 = y * x141 	|  | [13]Py
1080: x1080 = x * x108
1081: x1081 = x1 * x113
1082: x1082 = x1080 - x1081 	|  | [11]Px
1083: x1083 = y * x121 	|  | [11]Py
1084: x1084 = x * x88
1085: x1085 = x1 * x93
1086: x1086 = x1084 - x1085 	|  | [9]Px
1087: x1087 = y * x101 	|  | [9]Py
1088: x1088 = x * x68
1089: x1089 = x1 * x73
1090: x1090 = x1088 - x1089 	|  | [7]Px
1091: x1091 = y * x81 	|  | [7]Py
1092: x1092 = x * x49
1093: x1093 = x1 * x53
1094: x1094 = x1092 - x1093 	|  | [5]Px
1095: x1095 = y * x61 	|  | [5]Py
1096: x1096 = x * x37
1097: x1097 = x1 * x36
1098: x1098 = x1096 - x1097 	|  | [3]Px
1099: x1099 = y * x42 	|  | [3]Py

