C: 1I+102M+28S+50A
S: 181
0: x0 = y + y
1: x1 = x0 ² 	|  | (2y)²
2: x2 = x1 ² 	|  | (2y)⁴
3: x3 = x ² 	|  | x² ← x ²
4: x4 = x3 + a 	|  | x²+a ← x² + a
5: x5 = x4 ² 	|  | [x²+a]² ← x²+a ²
6: x6 = x5 + x5
7: x7 = x5 + x6 	|  | 3[x²+a]² ← 3 ⊠ [x²+a]²
8: x8 = b * x 	|  | bx ← b * x
9: x9 = x8 + x8
10: x10 = x8 + x9 	|  | 3bx ← 3 ⊠ bx
11: x11 = a ² 	|  | a² ← a ²
12: x12 = x10 - x11 	|  | 3bx-a² ← 3bx - a²
13: x13 = x12 + x12
14: x14 = x13 + x13 	|  | 4[3bx-a²] ← 4 ⊠ 3bx-a²
15: x15 = x7 + x14 	|  | ξ₃ ← 3[x²+a]² + 4[3bx-a²] | ξ₁ ξ₃ | ξ₁ ξ₃ | ξ₁ ξ₃
16: x16 = x3 + x3
17: x17 = x16 + x16
18: x18 = x3 + x17 	|  | 5x² ← 5 ⊠ x²
19: x19 = x18 - a 	|  | 5x²-a ← 5x² - a
20: x20 = x8 * x19 	|  | bx[5x²-a] ← bx * 5x²-a
21: x21 = x20 + x20
22: x22 = x21 + x21 	|  | 4bx[5x²-a] ← 4 ⊠ bx[5x²-a]
23: x23 = x18 + a 	|  | 5x²+a ← 5x² + a
24: x24 = x11 * x23 	|  | a²[5x²+a] ← a² * 5x²+a
25: x25 = x3 ² 	|  | x⁴ ← x² ²
26: x26 = a + a
27: x27 = x26 + x26 	|  | 4a ← 4 ⊠ a
28: x28 = x4 + x27 	|  | x²+5a ← x²+a + 4a
29: x29 = x25 * x28 	|  | x⁴[x²+5a] ← x⁴ * x²+5a
30: x30 = b + b
31: x31 = x30 ²
32: x32 = x31 + x31 	|  | 8b² ← 8 ⊠ b²
33: x33 = x29 + x22 	|  | x⁴[x²+5a]+4bx[5x²-a] ← x⁴[x²+5a] + 4bx[5x²-a]
34: x34 = x24 + x32 	|  | a²[5x²+a]+8b² ← a²[5x²+a] + 8b²
35: x35 = x33 - x34
36: x36 = x35 + x35 	|  | ξ₄ ← 2 ⊠ x⁴[x²+5a]+4bx[5x²-a]-a²[5x²+a]-8b² | ξ₂ ξ₄ | ξ₂ ξ₄   ξ₂² | ξ₂ ξ₄ | ξ₂ ξ₄ | ξ₂ ξ₄
37: x37 = x15 ² 	|  | ξ₃² | ξ₃² | ξ₃² | ξ₃²
38: x38 = x15 * x37 	|  | ξ₁ ξ₃   ξ₃²
39: x39 = x2 * x36
40: x40 = x39 - x38 	|  | ξ₅
41: x41 = x36 ² 	|  | ξ₄² | ξ₄² | ξ₄² | ξ₄² | ξ₄² | ξ₄²
42: x42 = x15 * x40 	|  | ξ₃ ξ₅ | ξ₃ ξ₅ | ξ₃ ξ₅ | ξ₃ ξ₅ | ξ₃ ξ₅ | ξ₃ ξ₅
43: x43 = x15 * x41
44: x44 = x42 - x43 	|  | ξ₆
45: x45 = x42 * x37 	|  | ξ₃ ξ₅   ξ₃²
46: x46 = x36 * x41 	|  | ξ₂ ξ₄   ξ₄²
47: x47 = x2 * x46
48: x48 = x45 - x47 	|  | ξ₇
49: x49 = x40 ² 	|  | ξ₅² | ξ₅² | ξ₅² | ξ₅² | ξ₅²
50: x50 = x36 * x44 	|  | ξ₄ ξ₆ | ξ₄ ξ₆ | ξ₄ ξ₆ | ξ₄ ξ₆ | ξ₄ ξ₆
51: x51 = x50 * x37
52: x52 = x36 * x49
53: x53 = x51 - x52 	|  | ξ₈
54: x54 = x50 * x41 	|  | ξ₄ ξ₆   ξ₄²
55: x55 = x42 * x49 	|  | ξ₃ ξ₅   ξ₅²
56: x56 = x2 * x54
57: x57 = x56 - x55 	|  | ξ₉
58: x58 = x44 ² 	|  | ξ₆² | ξ₆² | ξ₆² | ξ₆² | ξ₆² | ξ₆²
59: x59 = x40 * x48 	|  | ξ₅ ξ₇ | ξ₅ ξ₇ | ξ₅ ξ₇ | ξ₅ ξ₇ | ξ₅ ξ₇ | ξ₅ ξ₇
60: x60 = x59 * x41
61: x61 = x42 * x58
62: x62 = x60 - x61 	|  | ξ₁₀
63: x63 = x59 * x49 	|  | ξ₅ ξ₇   ξ₅²
64: x64 = x50 * x58 	|  | ξ₄ ξ₆   ξ₆²
65: x65 = x2 * x64
66: x66 = x63 - x65 	|  | ξ₁₁
67: x67 = x48 ² 	|  | ξ₇² | ξ₇² | ξ₇² | ξ₇² | ξ₇²
68: x68 = x44 * x53 	|  | ξ₆ ξ₈ | ξ₆ ξ₈ | ξ₆ ξ₈ | ξ₆ ξ₈ | ξ₆ ξ₈
69: x69 = x68 * x49
70: x70 = x50 * x67
71: x71 = x69 - x70 	|  | ξ₁₂
72: x72 = x68 * x58 	|  | ξ₆ ξ₈   ξ₆²
73: x73 = x59 * x67 	|  | ξ₅ ξ₇   ξ₇²
74: x74 = x2 * x72
75: x75 = x74 - x73 	|  | ξ₁₃
76: x76 = x53 ² 	|  | ξ₈² | ξ₈² | ξ₈² | ξ₈² | ξ₈²
77: x77 = x48 * x57 	|  | ξ₇ ξ₉ | ξ₇ ξ₉ | ξ₇ ξ₉ | ξ₇ ξ₉ | ξ₇ ξ₉
78: x78 = x77 * x58
79: x79 = x59 * x76
80: x80 = x78 - x79 	|  | ξ₁₄
81: x81 = x77 * x67 	|  | ξ₇ ξ₉   ξ₇²
82: x82 = x68 * x76 	|  | ξ₆ ξ₈   ξ₈²
83: x83 = x2 * x82
84: x84 = x81 - x83 	|  | ξ₁₅
85: x85 = x57 ² 	|  | ξ₉² | ξ₉² | ξ₉²
86: x86 = x53 * x62 	|  | ξ₈ ξ₁₀ | ξ₈ ξ₁₀ | ξ₈ ξ₁₀
87: x87 = x86 * x67
88: x88 = x68 * x85
89: x89 = x87 - x88 	|  | ξ₁₆
90: x90 = x86 * x76 	|  | ξ₈ ξ₁₀   ξ₈²
91: x91 = x77 * x85 	|  | ξ₇ ξ₉   ξ₉²
92: x92 = x2 * x90
93: x93 = x92 - x91 	|  | ξ₁₇
94: x94 = x1 * x36 	|  | [3]Pjx
95: x95 = y * x44 	|  | [3]Pjy
96: x96 = x1 * x50 	|  | [5]Pjx
97: x97 = y * x62 	|  | [5]Pjy
98: x98 = x1 * x68 	|  | [7]Pjx
99: x99 = y * x80 	|  | [7]Pjy
100: x100 = x62 ² 	|  | ξ₁₀² | ξ₁₀²
101: x101 = x1 * x86 	|  | [9]Pjx
102: x102 = x57 * x66 	|  | ξ₉ ξ₁₁ | ξ₉ ξ₁₁
103: x103 = x102 * x76
104: x104 = x77 * x100
105: x105 = x103 - x104
106: x106 = y * x105 	|  | [9]Pjy
107: x107 = x66 ² 	|  | ξ₁₁²
108: x108 = x71 ² 	|  | ξ₁₂² | ξ₁₂²
109: x109 = x62 * x71 	|  | ξ₁₀ ξ₁₂
110: x110 = x1 * x109 	|  | [11]Pjx
111: x111 = x66 * x75 	|  | ξ₁₁ ξ₁₃ | ξ₁₁ ξ₁₃
112: x112 = x111 * x100
113: x113 = x102 * x108
114: x114 = x112 - x113
115: x115 = y * x114 	|  | [11]Pjy
116: x116 = x75 ² 	|  | ξ₁₃²
117: x117 = x80 ² 	|  | ξ₁₄² | ξ₁₄²
118: x118 = x71 * x80 	|  | ξ₁₂ ξ₁₄
119: x119 = x1 * x118 	|  | [13]Pjx
120: x120 = x75 * x84 	|  | ξ₁₃ ξ₁₅ | ξ₁₃ ξ₁₅
121: x121 = x120 * x108
122: x122 = x111 * x117
123: x123 = x121 - x122
124: x124 = y * x123 	|  | [13]Pjy
125: x125 = x84 ² 	|  | ξ₁₅²
126: x126 = x89 ² 	|  | ξ₁₆²
127: x127 = x80 * x89 	|  | ξ₁₄ ξ₁₆
128: x128 = x1 * x127 	|  | [15]Pjx
129: x129 = x84 * x93 	|  | ξ₁₅ ξ₁₇
130: x130 = x129 * x117
131: x131 = x120 * x126
132: x132 = x130 - x131
133: x133 = y * x132 	|  | [15]Pjy
134: x134 = x116 * x125
135: x135 = x107 * x134
136: x136 = x85 * x135
137: x137 = x67 * x136
138: x138 = x49 * x137
139: x139 = x37 * x138
140: x140 = x139 ⁻¹
141: x141 = x140 * x138
142: x142 = x140 * x37
143: x143 = x142 * x137
144: x144 = x142 * x49
145: x145 = x144 * x136
146: x146 = x144 * x67
147: x147 = x146 * x135
148: x148 = x146 * x85
149: x149 = x148 * x134
150: x150 = x148 * x107
151: x151 = x150 * x125
152: x152 = x150 * x116
153: x153 = x152 ²
154: x154 = x128 * x152
155: x155 = x - x154 	|  | [15]Px
156: x156 = x133 * x153 	|  | [15]Py
157: x157 = x151 ²
158: x158 = x119 * x151
159: x159 = x - x158 	|  | [13]Px
160: x160 = x124 * x157 	|  | [13]Py
161: x161 = x149 ²
162: x162 = x110 * x149
163: x163 = x - x162 	|  | [11]Px
164: x164 = x115 * x161 	|  | [11]Py
165: x165 = x147 ²
166: x166 = x101 * x147
167: x167 = x - x166 	|  | [9]Px
168: x168 = x106 * x165 	|  | [9]Py
169: x169 = x145 ²
170: x170 = x98 * x145
171: x171 = x - x170 	|  | [7]Px
172: x172 = x99 * x169 	|  | [7]Py
173: x173 = x143 ²
174: x174 = x96 * x143
175: x175 = x - x174 	|  | [5]Px
176: x176 = x97 * x173 	|  | [5]Py
177: x177 = x141 ²
178: x178 = x94 * x141
179: x179 = x - x178 	|  | [3]Px
180: x180 = x95 * x177 	|  | [3]Py

