C: 0I+77M+21S+50A
S: 148
0: x0 = y + y
1: x1 = x0 ² 	|  | (2y)²
2: x2 = x1 ² 	|  | (2y)⁴
3: x3 = x ² 	|  | x² ← x ²
4: x4 = x3 + a 	|  | x²+a ← x² + a
5: x5 = x4 ² 	|  | [x²+a]² ← x²+a ²
6: x6 = x5 + x5
7: x7 = x5 + x6 	|  | 3[x²+a]² ← 3 ⊠ [x²+a]²
8: x8 = b * x 	|  | bx ← b * x
9: x9 = x8 + x8
10: x10 = x8 + x9 	|  | 3bx ← 3 ⊠ bx
11: x11 = a ² 	|  | a² ← a ²
12: x12 = x10 - x11 	|  | 3bx-a² ← 3bx - a²
13: x13 = x12 + x12
14: x14 = x13 + x13 	|  | 4[3bx-a²] ← 4 ⊠ 3bx-a²
15: x15 = x7 + x14 	|  | ξ₃ ← 3[x²+a]² + 4[3bx-a²] | ξ₁ ξ₃
16: x16 = x3 + x3
17: x17 = x16 + x16
18: x18 = x3 + x17 	|  | 5x² ← 5 ⊠ x²
19: x19 = x18 - a 	|  | 5x²-a ← 5x² - a
20: x20 = x8 * x19 	|  | bx[5x²-a] ← bx * 5x²-a
21: x21 = x20 + x20
22: x22 = x21 + x21 	|  | 4bx[5x²-a] ← 4 ⊠ bx[5x²-a]
23: x23 = x18 + a 	|  | 5x²+a ← 5x² + a
24: x24 = x11 * x23 	|  | a²[5x²+a] ← a² * 5x²+a
25: x25 = x3 ² 	|  | x⁴ ← x² ²
26: x26 = a + a
27: x27 = x26 + x26 	|  | 4a ← 4 ⊠ a
28: x28 = x4 + x27 	|  | x²+5a ← x²+a + 4a
29: x29 = x25 * x28 	|  | x⁴[x²+5a] ← x⁴ * x²+5a
30: x30 = b + b
31: x31 = x30 ²
32: x32 = x31 + x31 	|  | 8b² ← 8 ⊠ b²
33: x33 = x29 + x22 	|  | x⁴[x²+5a]+4bx[5x²-a] ← x⁴[x²+5a] + 4bx[5x²-a]
34: x34 = x24 + x32 	|  | a²[5x²+a]+8b² ← a²[5x²+a] + 8b²
35: x35 = x33 - x34
36: x36 = x35 + x35 	|  | ξ₄ ← 2 ⊠ x⁴[x²+5a]+4bx[5x²-a]-a²[5x²+a]-8b² | ξ₂ ξ₄ | ξ₂ ξ₄   ξ₂² | ξ₂ ξ₄ | ξ₂ ξ₄
37: x37 = x15 ² 	|  | ξ₃² | ξ₃² | ξ₃² | ξ₃²
38: x38 = x15 * x37 	|  | ξ₁ ξ₃   ξ₃²
39: x39 = x2 * x36
40: x40 = x39 - x38 	|  | ξ₅ | ξ₅ ξ₂² | ξ₅ ξ₂²
41: x41 = x36 ² 	|  | ξ₄² | ξ₁ ξ₄² | ξ₄² | ξ₄² | ξ₄² | ξ₄² | ξ₄² | ξ₁ ξ₄²
42: x42 = x40 - x41
43: x43 = x15 * x42 	|  | ξ₆
44: x44 = x15 * x40 	|  | ξ₃ ξ₅ | ξ₃ ξ₅
45: x45 = x44 * x37 	|  | ξ₃ ξ₅   ξ₃²
46: x46 = x36 * x41 	|  | ξ₂ ξ₄   ξ₄²
47: x47 = x2 * x46
48: x48 = x45 - x47 	|  | ξ₇
49: x49 = x40 ² 	|  | ξ₅² | ξ₂ ξ₅² | ξ₅² | ξ₅² | ξ₅² | ξ₅²
50: x50 = x43 * x37 	|  | ξ₆ ξ₃²
51: x51 = x50 - x49
52: x52 = x36 * x51 	|  | ξ₈
53: x53 = x36 * x43 	|  | ξ₄ ξ₆ | ξ₄ ξ₆ | ξ₄ ξ₆
54: x54 = x53 * x41 	|  | ξ₄ ξ₆   ξ₄²
55: x55 = x44 * x49 	|  | ξ₃ ξ₅   ξ₅²
56: x56 = x2 * x54
57: x57 = x56 - x55 	|  | ξ₉
58: x58 = x43 ² 	|  | ξ₆² | ξ₆² | ξ₆² | ξ₆² | ξ₆² | ξ₆²
59: x59 = x48 * x41 	|  | ξ₇ ξ₄² | ξ₇ ξ₄²
60: x60 = x15 * x58 	|  | ξ₃ ξ₆² | ξ₃ ξ₆²
61: x61 = x59 - x60
62: x62 = x40 * x61 	|  | ξ₁₀
63: x63 = x40 * x48 	|  | ξ₅ ξ₇ | ξ₅ ξ₇
64: x64 = x63 * x49 	|  | ξ₅ ξ₇   ξ₅²
65: x65 = x53 * x58 	|  | ξ₄ ξ₆   ξ₆²
66: x66 = x2 * x65
67: x67 = x64 - x66 	|  | ξ₁₁
68: x68 = x48 ² 	|  | ξ₇² | ξ₇² | ξ₇² | ξ₇² | ξ₇²
69: x69 = x52 * x49 	|  | ξ₈ ξ₅²
70: x70 = x36 * x68 	|  | ξ₄ ξ₇²
71: x71 = x69 - x70
72: x72 = x43 * x71 	|  | ξ₁₂
73: x73 = x43 * x52 	|  | ξ₆ ξ₈ | ξ₆ ξ₈ | ξ₆ ξ₈
74: x74 = x73 * x58 	|  | ξ₆ ξ₈   ξ₆²
75: x75 = x63 * x68 	|  | ξ₅ ξ₇   ξ₇²
76: x76 = x2 * x74
77: x77 = x76 - x75 	|  | ξ₁₃
78: x78 = x52 ² 	|  | ξ₈² | ξ₈² | ξ₈² | ξ₈² | ξ₈²
79: x79 = x57 * x58 	|  | ξ₉ ξ₆² | ξ₉ ξ₆²
80: x80 = x40 * x78 	|  | ξ₅ ξ₈² | ξ₅ ξ₈²
81: x81 = x79 - x80
82: x82 = x48 * x81 	|  | ξ₁₄
83: x83 = x48 * x57 	|  | ξ₇ ξ₉ | ξ₇ ξ₉
84: x84 = x83 * x68 	|  | ξ₇ ξ₉   ξ₇²
85: x85 = x73 * x78 	|  | ξ₆ ξ₈   ξ₈²
86: x86 = x2 * x85
87: x87 = x84 - x86 	|  | ξ₁₅
88: x88 = x57 ² 	|  | ξ₉² | ξ₉² | ξ₉²
89: x89 = x62 * x68 	|  | ξ₁₀ ξ₇²
90: x90 = x43 * x88 	|  | ξ₆ ξ₉²
91: x91 = x89 - x90
92: x92 = x52 * x91 	|  | ξ₁₆
93: x93 = x52 * x62 	|  | ξ₈ ξ₁₀ | ξ₈ ξ₁₀
94: x94 = x93 * x78 	|  | ξ₈ ξ₁₀   ξ₈²
95: x95 = x83 * x88 	|  | ξ₇ ξ₉   ξ₉²
96: x96 = x2 * x94
97: x97 = x96 - x95 	|  | ξ₁₇
98: x98 = x82 ² 	|  | ξ₁₄² | ξ₁₄²
99: x99 = x87 ² 	|  | ξ₁₅²
100: x100 = x92 ² 	|  | ξ₁₆²
101: x101 = x82 * x92 	|  | ξ₁₄ ξ₁₆
102: x102 = x * x99
103: x103 = x1 * x101
104: x104 = x102 - x103 	|  | [15]Px
105: x105 = x97 * x98 	|  | ξ₁₇ ξ₁₄²
106: x106 = x77 * x100 	|  | ξ₁₃ ξ₁₆²
107: x107 = x105 - x106
108: x108 = y * x107 	|  | [15]Py
109: x109 = x72 ² 	|  | ξ₁₂² | ξ₁₂²
110: x110 = x77 ² 	|  | ξ₁₃²
111: x111 = x72 * x82 	|  | ξ₁₂ ξ₁₄
112: x112 = x * x110
113: x113 = x1 * x111
114: x114 = x112 - x113 	|  | [13]Px
115: x115 = x87 * x109 	|  | ξ₁₅ ξ₁₂²
116: x116 = x67 * x98 	|  | ξ₁₁ ξ₁₄²
117: x117 = x115 - x116
118: x118 = y * x117 	|  | [13]Py
119: x119 = x62 ² 	|  | ξ₁₀² | ξ₁₀²
120: x120 = x67 ² 	|  | ξ₁₁²
121: x121 = x62 * x72 	|  | ξ₁₀ ξ₁₂
122: x122 = x * x120
123: x123 = x1 * x121
124: x124 = x122 - x123 	|  | [11]Px
125: x125 = x77 * x119 	|  | ξ₁₃ ξ₁₀²
126: x126 = x57 * x109 	|  | ξ₉ ξ₁₂²
127: x127 = x125 - x126
128: x128 = y * x127 	|  | [11]Py
129: x129 = x * x88
130: x130 = x1 * x93
131: x131 = x129 - x130 	|  | [9]Px
132: x132 = x67 * x78 	|  | ξ₁₁ ξ₈²
133: x133 = x48 * x119 	|  | ξ₇ ξ₁₀²
134: x134 = x132 - x133
135: x135 = y * x134 	|  | [9]Py
136: x136 = x * x68
137: x137 = x1 * x73
138: x138 = x136 - x137 	|  | [7]Px
139: x139 = y * x81 	|  | [7]Py
140: x140 = x * x49
141: x141 = x1 * x53
142: x142 = x140 - x141 	|  | [5]Px
143: x143 = y * x61 	|  | [5]Py
144: x144 = x * x37
145: x145 = x1 * x36
146: x146 = x144 - x145 	|  | [3]Px
147: x147 = y * x42 	|  | [3]Py

