C: 1I+942M+196S+246A
S: 1385
0: x0 = y + y
1: x1 = x0 ² 	|  | (2y)²
2: x2 = x1 ² 	|  | (2y)⁴
3: x3 = x ² 	|  | x² ← x ²
4: x4 = x3 + a 	|  | x²+a ← x² + a
5: x5 = x4 ² 	|  | [x²+a]² ← x²+a ²
6: x6 = x5 + x5
7: x7 = x5 + x6 	|  | 3[x²+a]² ← 3 ⊠ [x²+a]²
8: x8 = b * x 	|  | bx ← b * x
9: x9 = x8 + x8
10: x10 = x8 + x9 	|  | 3bx ← 3 ⊠ bx
11: x11 = a ² 	|  | a² ← a ²
12: x12 = x10 - x11 	|  | 3bx-a² ← 3bx - a²
13: x13 = x12 + x12
14: x14 = x13 + x13 	|  | 4[3bx-a²] ← 4 ⊠ 3bx-a²
15: x15 = x7 + x14 	|  | ξ₃ ← 3[x²+a]² + 4[3bx-a²] | ξ₁ ξ₃ | ξ₁ ξ₃ | ξ₁ ξ₃
16: x16 = x3 + x3
17: x17 = x16 + x16
18: x18 = x3 + x17 	|  | 5x² ← 5 ⊠ x²
19: x19 = x18 - a 	|  | 5x²-a ← 5x² - a
20: x20 = x8 * x19 	|  | bx[5x²-a] ← bx * 5x²-a
21: x21 = x20 + x20
22: x22 = x21 + x21 	|  | 4bx[5x²-a] ← 4 ⊠ bx[5x²-a]
23: x23 = x18 + a 	|  | 5x²+a ← 5x² + a
24: x24 = x11 * x23 	|  | a²[5x²+a] ← a² * 5x²+a
25: x25 = x3 ² 	|  | x⁴ ← x² ²
26: x26 = a + a
27: x27 = x26 + x26 	|  | 4a ← 4 ⊠ a
28: x28 = x4 + x27 	|  | x²+5a ← x²+a + 4a
29: x29 = x25 * x28 	|  | x⁴[x²+5a] ← x⁴ * x²+5a
30: x30 = b + b
31: x31 = x30 ²
32: x32 = x31 + x31 	|  | 8b² ← 8 ⊠ b²
33: x33 = x29 + x22 	|  | x⁴[x²+5a]+4bx[5x²-a] ← x⁴[x²+5a] + 4bx[5x²-a]
34: x34 = x24 + x32 	|  | a²[5x²+a]+8b² ← a²[5x²+a] + 8b²
35: x35 = x33 - x34
36: x36 = x35 + x35 	|  | ξ₄ ← 2 ⊠ x⁴[x²+5a]+4bx[5x²-a]-a²[5x²+a]-8b² | ξ₂ ξ₄ | ξ₂ ξ₄   ξ₂² | ξ₂ ξ₄ | ξ₂ ξ₄ | ξ₂ ξ₄
37: x37 = x15 ² 	|  | ξ₃² | ξ₃² | ξ₃² | ξ₃²
38: x38 = x15 * x37 	|  | ξ₁ ξ₃   ξ₃²
39: x39 = x2 * x36
40: x40 = x39 - x38 	|  | ξ₅
41: x41 = x36 ² 	|  | ξ₄² | ξ₄² | ξ₄² | ξ₄² | ξ₄² | ξ₄²
42: x42 = x15 * x40 	|  | ξ₃ ξ₅ | ξ₃ ξ₅ | ξ₃ ξ₅ | ξ₃ ξ₅ | ξ₃ ξ₅ | ξ₃ ξ₅
43: x43 = x15 * x41
44: x44 = x42 - x43 	|  | ξ₆
45: x45 = x42 * x37 	|  | ξ₃ ξ₅   ξ₃²
46: x46 = x36 * x41 	|  | ξ₂ ξ₄   ξ₄²
47: x47 = x2 * x46
48: x48 = x45 - x47 	|  | ξ₇
49: x49 = x40 ² 	|  | ξ₅² | ξ₅² | ξ₅² | ξ₅² | ξ₅²
50: x50 = x36 * x44 	|  | ξ₄ ξ₆ | ξ₄ ξ₆ | ξ₄ ξ₆ | ξ₄ ξ₆ | ξ₄ ξ₆
51: x51 = x50 * x37
52: x52 = x36 * x49
53: x53 = x51 - x52 	|  | ξ₈
54: x54 = x50 * x41 	|  | ξ₄ ξ₆   ξ₄²
55: x55 = x42 * x49 	|  | ξ₃ ξ₅   ξ₅²
56: x56 = x2 * x54
57: x57 = x56 - x55 	|  | ξ₉
58: x58 = x44 ² 	|  | ξ₆² | ξ₆² | ξ₆² | ξ₆² | ξ₆² | ξ₆²
59: x59 = x40 * x48 	|  | ξ₅ ξ₇ | ξ₅ ξ₇ | ξ₅ ξ₇ | ξ₅ ξ₇ | ξ₅ ξ₇ | ξ₅ ξ₇
60: x60 = x59 * x41
61: x61 = x42 * x58
62: x62 = x60 - x61 	|  | ξ₁₀
63: x63 = x59 * x49 	|  | ξ₅ ξ₇   ξ₅²
64: x64 = x50 * x58 	|  | ξ₄ ξ₆   ξ₆²
65: x65 = x2 * x64
66: x66 = x63 - x65 	|  | ξ₁₁
67: x67 = x48 ² 	|  | ξ₇² | ξ₇² | ξ₇² | ξ₇² | ξ₇²
68: x68 = x44 * x53 	|  | ξ₆ ξ₈ | ξ₆ ξ₈ | ξ₆ ξ₈ | ξ₆ ξ₈ | ξ₆ ξ₈
69: x69 = x68 * x49
70: x70 = x50 * x67
71: x71 = x69 - x70 	|  | ξ₁₂
72: x72 = x68 * x58 	|  | ξ₆ ξ₈   ξ₆²
73: x73 = x59 * x67 	|  | ξ₅ ξ₇   ξ₇²
74: x74 = x2 * x72
75: x75 = x74 - x73 	|  | ξ₁₃
76: x76 = x53 ² 	|  | ξ₈² | ξ₈² | ξ₈² | ξ₈² | ξ₈² | ξ₈²
77: x77 = x48 * x57 	|  | ξ₇ ξ₉ | ξ₇ ξ₉ | ξ₇ ξ₉ | ξ₇ ξ₉ | ξ₇ ξ₉ | ξ₇ ξ₉
78: x78 = x77 * x58
79: x79 = x59 * x76
80: x80 = x78 - x79 	|  | ξ₁₄
81: x81 = x77 * x67 	|  | ξ₇ ξ₉   ξ₇²
82: x82 = x68 * x76 	|  | ξ₆ ξ₈   ξ₈²
83: x83 = x2 * x82
84: x84 = x81 - x83 	|  | ξ₁₅
85: x85 = x57 ² 	|  | ξ₉² | ξ₉² | ξ₉² | ξ₉² | ξ₉²
86: x86 = x53 * x62 	|  | ξ₈ ξ₁₀ | ξ₈ ξ₁₀ | ξ₈ ξ₁₀ | ξ₈ ξ₁₀ | ξ₈ ξ₁₀
87: x87 = x86 * x67
88: x88 = x68 * x85
89: x89 = x87 - x88 	|  | ξ₁₆
90: x90 = x86 * x76 	|  | ξ₈ ξ₁₀   ξ₈²
91: x91 = x77 * x85 	|  | ξ₇ ξ₉   ξ₉²
92: x92 = x2 * x90
93: x93 = x92 - x91 	|  | ξ₁₇
94: x94 = x62 ² 	|  | ξ₁₀² | ξ₁₀² | ξ₁₀² | ξ₁₀² | ξ₁₀² | ξ₁₀²
95: x95 = x57 * x66 	|  | ξ₉ ξ₁₁ | ξ₉ ξ₁₁ | ξ₉ ξ₁₁ | ξ₉ ξ₁₁ | ξ₉ ξ₁₁ | ξ₉ ξ₁₁
96: x96 = x95 * x76
97: x97 = x77 * x94
98: x98 = x96 - x97 	|  | ξ₁₈
99: x99 = x95 * x85 	|  | ξ₉ ξ₁₁   ξ₉²
100: x100 = x86 * x94 	|  | ξ₈ ξ₁₀   ξ₁₀²
101: x101 = x2 * x100
102: x102 = x99 - x101 	|  | ξ₁₉
103: x103 = x66 ² 	|  | ξ₁₁² | ξ₁₁² | ξ₁₁² | ξ₁₁² | ξ₁₁²
104: x104 = x62 * x71 	|  | ξ₁₀ ξ₁₂ | ξ₁₀ ξ₁₂ | ξ₁₀ ξ₁₂ | ξ₁₀ ξ₁₂ | ξ₁₀ ξ₁₂
105: x105 = x104 * x85
106: x106 = x86 * x103
107: x107 = x105 - x106 	|  | ξ₂₀
108: x108 = x104 * x94 	|  | ξ₁₀ ξ₁₂   ξ₁₀²
109: x109 = x95 * x103 	|  | ξ₉ ξ₁₁   ξ₁₁²
110: x110 = x2 * x108
111: x111 = x110 - x109 	|  | ξ₂₁
112: x112 = x71 ² 	|  | ξ₁₂² | ξ₁₂² | ξ₁₂² | ξ₁₂² | ξ₁₂² | ξ₁₂²
113: x113 = x66 * x75 	|  | ξ₁₁ ξ₁₃ | ξ₁₁ ξ₁₃ | ξ₁₁ ξ₁₃ | ξ₁₁ ξ₁₃ | ξ₁₁ ξ₁₃ | ξ₁₁ ξ₁₃
114: x114 = x113 * x94
115: x115 = x95 * x112
116: x116 = x114 - x115 	|  | ξ₂₂
117: x117 = x113 * x103 	|  | ξ₁₁ ξ₁₃   ξ₁₁²
118: x118 = x104 * x112 	|  | ξ₁₀ ξ₁₂   ξ₁₂²
119: x119 = x2 * x118
120: x120 = x117 - x119 	|  | ξ₂₃
121: x121 = x75 ² 	|  | ξ₁₃² | ξ₁₃² | ξ₁₃² | ξ₁₃² | ξ₁₃²
122: x122 = x71 * x80 	|  | ξ₁₂ ξ₁₄ | ξ₁₂ ξ₁₄ | ξ₁₂ ξ₁₄ | ξ₁₂ ξ₁₄ | ξ₁₂ ξ₁₄
123: x123 = x122 * x103
124: x124 = x104 * x121
125: x125 = x123 - x124 	|  | ξ₂₄
126: x126 = x122 * x112 	|  | ξ₁₂ ξ₁₄   ξ₁₂²
127: x127 = x113 * x121 	|  | ξ₁₁ ξ₁₃   ξ₁₃²
128: x128 = x2 * x126
129: x129 = x128 - x127 	|  | ξ₂₅
130: x130 = x80 ² 	|  | ξ₁₄² | ξ₁₄² | ξ₁₄² | ξ₁₄² | ξ₁₄² | ξ₁₄²
131: x131 = x75 * x84 	|  | ξ₁₃ ξ₁₅ | ξ₁₃ ξ₁₅ | ξ₁₃ ξ₁₅ | ξ₁₃ ξ₁₅ | ξ₁₃ ξ₁₅ | ξ₁₃ ξ₁₅
132: x132 = x131 * x112
133: x133 = x113 * x130
134: x134 = x132 - x133 	|  | ξ₂₆
135: x135 = x131 * x121 	|  | ξ₁₃ ξ₁₅   ξ₁₃²
136: x136 = x122 * x130 	|  | ξ₁₂ ξ₁₄   ξ₁₄²
137: x137 = x2 * x136
138: x138 = x135 - x137 	|  | ξ₂₇
139: x139 = x84 ² 	|  | ξ₁₅² | ξ₁₅² | ξ₁₅² | ξ₁₅² | ξ₁₅²
140: x140 = x80 * x89 	|  | ξ₁₄ ξ₁₆ | ξ₁₄ ξ₁₆ | ξ₁₄ ξ₁₆ | ξ₁₄ ξ₁₆ | ξ₁₄ ξ₁₆
141: x141 = x140 * x121
142: x142 = x122 * x139
143: x143 = x141 - x142 	|  | ξ₂₈
144: x144 = x140 * x130 	|  | ξ₁₄ ξ₁₆   ξ₁₄²
145: x145 = x131 * x139 	|  | ξ₁₃ ξ₁₅   ξ₁₅²
146: x146 = x2 * x144
147: x147 = x146 - x145 	|  | ξ₂₉
148: x148 = x89 ² 	|  | ξ₁₆² | ξ₁₆² | ξ₁₆² | ξ₁₆² | ξ₁₆² | ξ₁₆²
149: x149 = x84 * x93 	|  | ξ₁₅ ξ₁₇ | ξ₁₅ ξ₁₇ | ξ₁₅ ξ₁₇ | ξ₁₅ ξ₁₇ | ξ₁₅ ξ₁₇ | ξ₁₅ ξ₁₇
150: x150 = x149 * x130
151: x151 = x131 * x148
152: x152 = x150 - x151 	|  | ξ₃₀
153: x153 = x149 * x139 	|  | ξ₁₅ ξ₁₇   ξ₁₅²
154: x154 = x140 * x148 	|  | ξ₁₄ ξ₁₆   ξ₁₆²
155: x155 = x2 * x154
156: x156 = x153 - x155 	|  | ξ₃₁
157: x157 = x93 ² 	|  | ξ₁₇² | ξ₁₇² | ξ₁₇² | ξ₁₇² | ξ₁₇²
158: x158 = x89 * x98 	|  | ξ₁₆ ξ₁₈ | ξ₁₆ ξ₁₈ | ξ₁₆ ξ₁₈ | ξ₁₆ ξ₁₈ | ξ₁₆ ξ₁₈
159: x159 = x158 * x139
160: x160 = x140 * x157
161: x161 = x159 - x160 	|  | ξ₃₂
162: x162 = x158 * x148 	|  | ξ₁₆ ξ₁₈   ξ₁₆²
163: x163 = x149 * x157 	|  | ξ₁₅ ξ₁₇   ξ₁₇²
164: x164 = x2 * x162
165: x165 = x164 - x163 	|  | ξ₃₃
166: x166 = x98 ² 	|  | ξ₁₈² | ξ₁₈² | ξ₁₈² | ξ₁₈² | ξ₁₈² | ξ₁₈²
167: x167 = x93 * x102 	|  | ξ₁₇ ξ₁₉ | ξ₁₇ ξ₁₉ | ξ₁₇ ξ₁₉ | ξ₁₇ ξ₁₉ | ξ₁₇ ξ₁₉ | ξ₁₇ ξ₁₉
168: x168 = x167 * x148
169: x169 = x149 * x166
170: x170 = x168 - x169 	|  | ξ₃₄
171: x171 = x167 * x157 	|  | ξ₁₇ ξ₁₉   ξ₁₇²
172: x172 = x158 * x166 	|  | ξ₁₆ ξ₁₈   ξ₁₈²
173: x173 = x2 * x172
174: x174 = x171 - x173 	|  | ξ₃₅
175: x175 = x102 ² 	|  | ξ₁₉² | ξ₁₉² | ξ₁₉² | ξ₁₉² | ξ₁₉²
176: x176 = x98 * x107 	|  | ξ₁₈ ξ₂₀ | ξ₁₈ ξ₂₀ | ξ₁₈ ξ₂₀ | ξ₁₈ ξ₂₀ | ξ₁₈ ξ₂₀
177: x177 = x176 * x157
178: x178 = x158 * x175
179: x179 = x177 - x178 	|  | ξ₃₆
180: x180 = x176 * x166 	|  | ξ₁₈ ξ₂₀   ξ₁₈²
181: x181 = x167 * x175 	|  | ξ₁₇ ξ₁₉   ξ₁₉²
182: x182 = x2 * x180
183: x183 = x182 - x181 	|  | ξ₃₇
184: x184 = x107 ² 	|  | ξ₂₀² | ξ₂₀² | ξ₂₀² | ξ₂₀² | ξ₂₀² | ξ₂₀²
185: x185 = x102 * x111 	|  | ξ₁₉ ξ₂₁ | ξ₁₉ ξ₂₁ | ξ₁₉ ξ₂₁ | ξ₁₉ ξ₂₁ | ξ₁₉ ξ₂₁ | ξ₁₉ ξ₂₁
186: x186 = x185 * x166
187: x187 = x167 * x184
188: x188 = x186 - x187 	|  | ξ₃₈
189: x189 = x185 * x175 	|  | ξ₁₉ ξ₂₁   ξ₁₉²
190: x190 = x176 * x184 	|  | ξ₁₈ ξ₂₀   ξ₂₀²
191: x191 = x2 * x190
192: x192 = x189 - x191 	|  | ξ₃₉
193: x193 = x111 ² 	|  | ξ₂₁² | ξ₂₁² | ξ₂₁² | ξ₂₁² | ξ₂₁²
194: x194 = x107 * x116 	|  | ξ₂₀ ξ₂₂ | ξ₂₀ ξ₂₂ | ξ₂₀ ξ₂₂ | ξ₂₀ ξ₂₂ | ξ₂₀ ξ₂₂
195: x195 = x194 * x175
196: x196 = x176 * x193
197: x197 = x195 - x196 	|  | ξ₄₀
198: x198 = x194 * x184 	|  | ξ₂₀ ξ₂₂   ξ₂₀²
199: x199 = x185 * x193 	|  | ξ₁₉ ξ₂₁   ξ₂₁²
200: x200 = x2 * x198
201: x201 = x200 - x199 	|  | ξ₄₁
202: x202 = x116 ² 	|  | ξ₂₂² | ξ₂₂² | ξ₂₂² | ξ₂₂² | ξ₂₂² | ξ₂₂²
203: x203 = x111 * x120 	|  | ξ₂₁ ξ₂₃ | ξ₂₁ ξ₂₃ | ξ₂₁ ξ₂₃ | ξ₂₁ ξ₂₃ | ξ₂₁ ξ₂₃ | ξ₂₁ ξ₂₃
204: x204 = x203 * x184
205: x205 = x185 * x202
206: x206 = x204 - x205 	|  | ξ₄₂
207: x207 = x203 * x193 	|  | ξ₂₁ ξ₂₃   ξ₂₁²
208: x208 = x194 * x202 	|  | ξ₂₀ ξ₂₂   ξ₂₂²
209: x209 = x2 * x208
210: x210 = x207 - x209 	|  | ξ₄₃
211: x211 = x120 ² 	|  | ξ₂₃² | ξ₂₃² | ξ₂₃² | ξ₂₃² | ξ₂₃²
212: x212 = x116 * x125 	|  | ξ₂₂ ξ₂₄ | ξ₂₂ ξ₂₄ | ξ₂₂ ξ₂₄ | ξ₂₂ ξ₂₄ | ξ₂₂ ξ₂₄
213: x213 = x212 * x193
214: x214 = x194 * x211
215: x215 = x213 - x214 	|  | ξ₄₄
216: x216 = x212 * x202 	|  | ξ₂₂ ξ₂₄   ξ₂₂²
217: x217 = x203 * x211 	|  | ξ₂₁ ξ₂₃   ξ₂₃²
218: x218 = x2 * x216
219: x219 = x218 - x217 	|  | ξ₄₅
220: x220 = x125 ² 	|  | ξ₂₄² | ξ₂₄² | ξ₂₄² | ξ₂₄² | ξ₂₄² | ξ₂₄²
221: x221 = x120 * x129 	|  | ξ₂₃ ξ₂₅ | ξ₂₃ ξ₂₅ | ξ₂₃ ξ₂₅ | ξ₂₃ ξ₂₅ | ξ₂₃ ξ₂₅ | ξ₂₃ ξ₂₅
222: x222 = x221 * x202
223: x223 = x203 * x220
224: x224 = x222 - x223 	|  | ξ₄₆
225: x225 = x221 * x211 	|  | ξ₂₃ ξ₂₅   ξ₂₃²
226: x226 = x212 * x220 	|  | ξ₂₂ ξ₂₄   ξ₂₄²
227: x227 = x2 * x226
228: x228 = x225 - x227 	|  | ξ₄₇
229: x229 = x129 ² 	|  | ξ₂₅² | ξ₂₅² | ξ₂₅² | ξ₂₅² | ξ₂₅²
230: x230 = x125 * x134 	|  | ξ₂₄ ξ₂₆ | ξ₂₄ ξ₂₆ | ξ₂₄ ξ₂₆ | ξ₂₄ ξ₂₆ | ξ₂₄ ξ₂₆
231: x231 = x230 * x211
232: x232 = x212 * x229
233: x233 = x231 - x232 	|  | ξ₄₈
234: x234 = x230 * x220 	|  | ξ₂₄ ξ₂₆   ξ₂₄²
235: x235 = x221 * x229 	|  | ξ₂₃ ξ₂₅   ξ₂₅²
236: x236 = x2 * x234
237: x237 = x236 - x235 	|  | ξ₄₉
238: x238 = x134 ² 	|  | ξ₂₆² | ξ₂₆² | ξ₂₆² | ξ₂₆² | ξ₂₆² | ξ₂₆²
239: x239 = x129 * x138 	|  | ξ₂₅ ξ₂₇ | ξ₂₅ ξ₂₇ | ξ₂₅ ξ₂₇ | ξ₂₅ ξ₂₇ | ξ₂₅ ξ₂₇ | ξ₂₅ ξ₂₇
240: x240 = x239 * x220
241: x241 = x221 * x238
242: x242 = x240 - x241 	|  | ξ₅₀
243: x243 = x239 * x229 	|  | ξ₂₅ ξ₂₇   ξ₂₅²
244: x244 = x230 * x238 	|  | ξ₂₄ ξ₂₆   ξ₂₆²
245: x245 = x2 * x244
246: x246 = x243 - x245 	|  | ξ₅₁
247: x247 = x138 ² 	|  | ξ₂₇² | ξ₂₇² | ξ₂₇² | ξ₂₇² | ξ₂₇²
248: x248 = x134 * x143 	|  | ξ₂₆ ξ₂₈ | ξ₂₆ ξ₂₈ | ξ₂₆ ξ₂₈ | ξ₂₆ ξ₂₈ | ξ₂₆ ξ₂₈
249: x249 = x248 * x229
250: x250 = x230 * x247
251: x251 = x249 - x250 	|  | ξ₅₂
252: x252 = x248 * x238 	|  | ξ₂₆ ξ₂₈   ξ₂₆²
253: x253 = x239 * x247 	|  | ξ₂₅ ξ₂₇   ξ₂₇²
254: x254 = x2 * x252
255: x255 = x254 - x253 	|  | ξ₅₃
256: x256 = x143 ² 	|  | ξ₂₈² | ξ₂₈² | ξ₂₈² | ξ₂₈² | ξ₂₈² | ξ₂₈²
257: x257 = x138 * x147 	|  | ξ₂₇ ξ₂₉ | ξ₂₇ ξ₂₉ | ξ₂₇ ξ₂₉ | ξ₂₇ ξ₂₉ | ξ₂₇ ξ₂₉ | ξ₂₇ ξ₂₉
258: x258 = x257 * x238
259: x259 = x239 * x256
260: x260 = x258 - x259 	|  | ξ₅₄
261: x261 = x257 * x247 	|  | ξ₂₇ ξ₂₉   ξ₂₇²
262: x262 = x248 * x256 	|  | ξ₂₆ ξ₂₈   ξ₂₈²
263: x263 = x2 * x262
264: x264 = x261 - x263 	|  | ξ₅₅
265: x265 = x147 ² 	|  | ξ₂₉² | ξ₂₉² | ξ₂₉² | ξ₂₉² | ξ₂₉²
266: x266 = x143 * x152 	|  | ξ₂₈ ξ₃₀ | ξ₂₈ ξ₃₀ | ξ₂₈ ξ₃₀ | ξ₂₈ ξ₃₀ | ξ₂₈ ξ₃₀
267: x267 = x266 * x247
268: x268 = x248 * x265
269: x269 = x267 - x268 	|  | ξ₅₆
270: x270 = x266 * x256 	|  | ξ₂₈ ξ₃₀   ξ₂₈²
271: x271 = x257 * x265 	|  | ξ₂₇ ξ₂₉   ξ₂₉²
272: x272 = x2 * x270
273: x273 = x272 - x271 	|  | ξ₅₇
274: x274 = x152 ² 	|  | ξ₃₀² | ξ₃₀² | ξ₃₀² | ξ₃₀² | ξ₃₀² | ξ₃₀²
275: x275 = x147 * x156 	|  | ξ₂₉ ξ₃₁ | ξ₂₉ ξ₃₁ | ξ₂₉ ξ₃₁ | ξ₂₉ ξ₃₁ | ξ₂₉ ξ₃₁ | ξ₂₉ ξ₃₁
276: x276 = x275 * x256
277: x277 = x257 * x274
278: x278 = x276 - x277 	|  | ξ₅₈
279: x279 = x275 * x265 	|  | ξ₂₉ ξ₃₁   ξ₂₉²
280: x280 = x266 * x274 	|  | ξ₂₈ ξ₃₀   ξ₃₀²
281: x281 = x2 * x280
282: x282 = x279 - x281 	|  | ξ₅₉
283: x283 = x156 ² 	|  | ξ₃₁² | ξ₃₁² | ξ₃₁² | ξ₃₁² | ξ₃₁²
284: x284 = x152 * x161 	|  | ξ₃₀ ξ₃₂ | ξ₃₀ ξ₃₂ | ξ₃₀ ξ₃₂ | ξ₃₀ ξ₃₂ | ξ₃₀ ξ₃₂
285: x285 = x284 * x265
286: x286 = x266 * x283
287: x287 = x285 - x286 	|  | ξ₆₀
288: x288 = x284 * x274 	|  | ξ₃₀ ξ₃₂   ξ₃₀²
289: x289 = x275 * x283 	|  | ξ₂₉ ξ₃₁   ξ₃₁²
290: x290 = x2 * x288
291: x291 = x290 - x289 	|  | ξ₆₁
292: x292 = x161 ² 	|  | ξ₃₂² | ξ₃₂² | ξ₃₂² | ξ₃₂² | ξ₃₂² | ξ₃₂²
293: x293 = x156 * x165 	|  | ξ₃₁ ξ₃₃ | ξ₃₁ ξ₃₃ | ξ₃₁ ξ₃₃ | ξ₃₁ ξ₃₃ | ξ₃₁ ξ₃₃ | ξ₃₁ ξ₃₃
294: x294 = x293 * x274
295: x295 = x275 * x292
296: x296 = x294 - x295 	|  | ξ₆₂
297: x297 = x293 * x283 	|  | ξ₃₁ ξ₃₃   ξ₃₁²
298: x298 = x284 * x292 	|  | ξ₃₀ ξ₃₂   ξ₃₂²
299: x299 = x2 * x298
300: x300 = x297 - x299 	|  | ξ₆₃
301: x301 = x165 ² 	|  | ξ₃₃² | ξ₃₃² | ξ₃₃² | ξ₃₃² | ξ₃₃²
302: x302 = x161 * x170 	|  | ξ₃₂ ξ₃₄ | ξ₃₂ ξ₃₄ | ξ₃₂ ξ₃₄ | ξ₃₂ ξ₃₄ | ξ₃₂ ξ₃₄
303: x303 = x302 * x283
304: x304 = x284 * x301
305: x305 = x303 - x304 	|  | ξ₆₄
306: x306 = x302 * x292 	|  | ξ₃₂ ξ₃₄   ξ₃₂²
307: x307 = x293 * x301 	|  | ξ₃₁ ξ₃₃   ξ₃₃²
308: x308 = x2 * x306
309: x309 = x308 - x307 	|  | ξ₆₅
310: x310 = x170 ² 	|  | ξ₃₄² | ξ₃₄² | ξ₃₄² | ξ₃₄² | ξ₃₄² | ξ₃₄²
311: x311 = x165 * x174 	|  | ξ₃₃ ξ₃₅ | ξ₃₃ ξ₃₅ | ξ₃₃ ξ₃₅ | ξ₃₃ ξ₃₅ | ξ₃₃ ξ₃₅ | ξ₃₃ ξ₃₅
312: x312 = x311 * x292
313: x313 = x293 * x310
314: x314 = x312 - x313 	|  | ξ₆₆
315: x315 = x311 * x301 	|  | ξ₃₃ ξ₃₅   ξ₃₃²
316: x316 = x302 * x310 	|  | ξ₃₂ ξ₃₄   ξ₃₄²
317: x317 = x2 * x316
318: x318 = x315 - x317 	|  | ξ₆₇
319: x319 = x174 ² 	|  | ξ₃₅² | ξ₃₅² | ξ₃₅² | ξ₃₅² | ξ₃₅²
320: x320 = x170 * x179 	|  | ξ₃₄ ξ₃₆ | ξ₃₄ ξ₃₆ | ξ₃₄ ξ₃₆ | ξ₃₄ ξ₃₆ | ξ₃₄ ξ₃₆
321: x321 = x320 * x301
322: x322 = x302 * x319
323: x323 = x321 - x322 	|  | ξ₆₈
324: x324 = x320 * x310 	|  | ξ₃₄ ξ₃₆   ξ₃₄²
325: x325 = x311 * x319 	|  | ξ₃₃ ξ₃₅   ξ₃₅²
326: x326 = x2 * x324
327: x327 = x326 - x325 	|  | ξ₆₉
328: x328 = x179 ² 	|  | ξ₃₆² | ξ₃₆² | ξ₃₆² | ξ₃₆² | ξ₃₆² | ξ₃₆²
329: x329 = x174 * x183 	|  | ξ₃₅ ξ₃₇ | ξ₃₅ ξ₃₇ | ξ₃₅ ξ₃₇ | ξ₃₅ ξ₃₇ | ξ₃₅ ξ₃₇ | ξ₃₅ ξ₃₇
330: x330 = x329 * x310
331: x331 = x311 * x328
332: x332 = x330 - x331 	|  | ξ₇₀
333: x333 = x329 * x319 	|  | ξ₃₅ ξ₃₇   ξ₃₅²
334: x334 = x320 * x328 	|  | ξ₃₄ ξ₃₆   ξ₃₆²
335: x335 = x2 * x334
336: x336 = x333 - x335 	|  | ξ₇₁
337: x337 = x183 ² 	|  | ξ₃₇² | ξ₃₇² | ξ₃₇² | ξ₃₇² | ξ₃₇²
338: x338 = x179 * x188 	|  | ξ₃₆ ξ₃₈ | ξ₃₆ ξ₃₈ | ξ₃₆ ξ₃₈ | ξ₃₆ ξ₃₈ | ξ₃₆ ξ₃₈
339: x339 = x338 * x319
340: x340 = x320 * x337
341: x341 = x339 - x340 	|  | ξ₇₂
342: x342 = x338 * x328 	|  | ξ₃₆ ξ₃₈   ξ₃₆²
343: x343 = x329 * x337 	|  | ξ₃₅ ξ₃₇   ξ₃₇²
344: x344 = x2 * x342
345: x345 = x344 - x343 	|  | ξ₇₃
346: x346 = x188 ² 	|  | ξ₃₈² | ξ₃₈² | ξ₃₈² | ξ₃₈² | ξ₃₈² | ξ₃₈²
347: x347 = x183 * x192 	|  | ξ₃₇ ξ₃₉ | ξ₃₇ ξ₃₉ | ξ₃₇ ξ₃₉ | ξ₃₇ ξ₃₉ | ξ₃₇ ξ₃₉ | ξ₃₇ ξ₃₉
348: x348 = x347 * x328
349: x349 = x329 * x346
350: x350 = x348 - x349 	|  | ξ₇₄
351: x351 = x347 * x337 	|  | ξ₃₇ ξ₃₉   ξ₃₇²
352: x352 = x338 * x346 	|  | ξ₃₆ ξ₃₈   ξ₃₈²
353: x353 = x2 * x352
354: x354 = x351 - x353 	|  | ξ₇₅
355: x355 = x192 ² 	|  | ξ₃₉² | ξ₃₉² | ξ₃₉² | ξ₃₉² | ξ₃₉²
356: x356 = x188 * x197 	|  | ξ₃₈ ξ₄₀ | ξ₃₈ ξ₄₀ | ξ₃₈ ξ₄₀ | ξ₃₈ ξ₄₀ | ξ₃₈ ξ₄₀
357: x357 = x356 * x337
358: x358 = x338 * x355
359: x359 = x357 - x358 	|  | ξ₇₆
360: x360 = x356 * x346 	|  | ξ₃₈ ξ₄₀   ξ₃₈²
361: x361 = x347 * x355 	|  | ξ₃₇ ξ₃₉   ξ₃₉²
362: x362 = x2 * x360
363: x363 = x362 - x361 	|  | ξ₇₇
364: x364 = x197 ² 	|  | ξ₄₀² | ξ₄₀² | ξ₄₀² | ξ₄₀² | ξ₄₀² | ξ₄₀²
365: x365 = x192 * x201 	|  | ξ₃₉ ξ₄₁ | ξ₃₉ ξ₄₁ | ξ₃₉ ξ₄₁ | ξ₃₉ ξ₄₁ | ξ₃₉ ξ₄₁ | ξ₃₉ ξ₄₁
366: x366 = x365 * x346
367: x367 = x347 * x364
368: x368 = x366 - x367 	|  | ξ₇₈
369: x369 = x365 * x355 	|  | ξ₃₉ ξ₄₁   ξ₃₉²
370: x370 = x356 * x364 	|  | ξ₃₈ ξ₄₀   ξ₄₀²
371: x371 = x2 * x370
372: x372 = x369 - x371 	|  | ξ₇₉
373: x373 = x201 ² 	|  | ξ₄₁² | ξ₄₁² | ξ₄₁² | ξ₄₁² | ξ₄₁²
374: x374 = x197 * x206 	|  | ξ₄₀ ξ₄₂ | ξ₄₀ ξ₄₂ | ξ₄₀ ξ₄₂ | ξ₄₀ ξ₄₂ | ξ₄₀ ξ₄₂
375: x375 = x374 * x355
376: x376 = x356 * x373
377: x377 = x375 - x376 	|  | ξ₈₀
378: x378 = x374 * x364 	|  | ξ₄₀ ξ₄₂   ξ₄₀²
379: x379 = x365 * x373 	|  | ξ₃₉ ξ₄₁   ξ₄₁²
380: x380 = x2 * x378
381: x381 = x380 - x379 	|  | ξ₈₁
382: x382 = x206 ² 	|  | ξ₄₂² | ξ₄₂² | ξ₄₂² | ξ₄₂² | ξ₄₂² | ξ₄₂²
383: x383 = x201 * x210 	|  | ξ₄₁ ξ₄₃ | ξ₄₁ ξ₄₃ | ξ₄₁ ξ₄₃ | ξ₄₁ ξ₄₃ | ξ₄₁ ξ₄₃ | ξ₄₁ ξ₄₃
384: x384 = x383 * x364
385: x385 = x365 * x382
386: x386 = x384 - x385 	|  | ξ₈₂
387: x387 = x383 * x373 	|  | ξ₄₁ ξ₄₃   ξ₄₁²
388: x388 = x374 * x382 	|  | ξ₄₀ ξ₄₂   ξ₄₂²
389: x389 = x2 * x388
390: x390 = x387 - x389 	|  | ξ₈₃
391: x391 = x210 ² 	|  | ξ₄₃² | ξ₄₃² | ξ₄₃² | ξ₄₃² | ξ₄₃²
392: x392 = x206 * x215 	|  | ξ₄₂ ξ₄₄ | ξ₄₂ ξ₄₄ | ξ₄₂ ξ₄₄ | ξ₄₂ ξ₄₄ | ξ₄₂ ξ₄₄
393: x393 = x392 * x373
394: x394 = x374 * x391
395: x395 = x393 - x394 	|  | ξ₈₄
396: x396 = x392 * x382 	|  | ξ₄₂ ξ₄₄   ξ₄₂²
397: x397 = x383 * x391 	|  | ξ₄₁ ξ₄₃   ξ₄₃²
398: x398 = x2 * x396
399: x399 = x398 - x397 	|  | ξ₈₅
400: x400 = x215 ² 	|  | ξ₄₄² | ξ₄₄² | ξ₄₄² | ξ₄₄² | ξ₄₄² | ξ₄₄²
401: x401 = x210 * x219 	|  | ξ₄₃ ξ₄₅ | ξ₄₃ ξ₄₅ | ξ₄₃ ξ₄₅ | ξ₄₃ ξ₄₅ | ξ₄₃ ξ₄₅ | ξ₄₃ ξ₄₅
402: x402 = x401 * x382
403: x403 = x383 * x400
404: x404 = x402 - x403 	|  | ξ₈₆
405: x405 = x401 * x391 	|  | ξ₄₃ ξ₄₅   ξ₄₃²
406: x406 = x392 * x400 	|  | ξ₄₂ ξ₄₄   ξ₄₄²
407: x407 = x2 * x406
408: x408 = x405 - x407 	|  | ξ₈₇
409: x409 = x219 ² 	|  | ξ₄₅² | ξ₄₅² | ξ₄₅² | ξ₄₅² | ξ₄₅²
410: x410 = x215 * x224 	|  | ξ₄₄ ξ₄₆ | ξ₄₄ ξ₄₆ | ξ₄₄ ξ₄₆ | ξ₄₄ ξ₄₆ | ξ₄₄ ξ₄₆
411: x411 = x410 * x391
412: x412 = x392 * x409
413: x413 = x411 - x412 	|  | ξ₈₈
414: x414 = x410 * x400 	|  | ξ₄₄ ξ₄₆   ξ₄₄²
415: x415 = x401 * x409 	|  | ξ₄₃ ξ₄₅   ξ₄₅²
416: x416 = x2 * x414
417: x417 = x416 - x415 	|  | ξ₈₉
418: x418 = x224 ² 	|  | ξ₄₆² | ξ₄₆² | ξ₄₆² | ξ₄₆² | ξ₄₆² | ξ₄₆²
419: x419 = x219 * x228 	|  | ξ₄₅ ξ₄₇ | ξ₄₅ ξ₄₇ | ξ₄₅ ξ₄₇ | ξ₄₅ ξ₄₇ | ξ₄₅ ξ₄₇ | ξ₄₅ ξ₄₇
420: x420 = x419 * x400
421: x421 = x401 * x418
422: x422 = x420 - x421 	|  | ξ₉₀
423: x423 = x419 * x409 	|  | ξ₄₅ ξ₄₇   ξ₄₅²
424: x424 = x410 * x418 	|  | ξ₄₄ ξ₄₆   ξ₄₆²
425: x425 = x2 * x424
426: x426 = x423 - x425 	|  | ξ₉₁
427: x427 = x228 ² 	|  | ξ₄₇² | ξ₄₇² | ξ₄₇² | ξ₄₇² | ξ₄₇²
428: x428 = x224 * x233 	|  | ξ₄₆ ξ₄₈ | ξ₄₆ ξ₄₈ | ξ₄₆ ξ₄₈ | ξ₄₆ ξ₄₈ | ξ₄₆ ξ₄₈
429: x429 = x428 * x409
430: x430 = x410 * x427
431: x431 = x429 - x430 	|  | ξ₉₂
432: x432 = x428 * x418 	|  | ξ₄₆ ξ₄₈   ξ₄₆²
433: x433 = x419 * x427 	|  | ξ₄₅ ξ₄₇   ξ₄₇²
434: x434 = x2 * x432
435: x435 = x434 - x433 	|  | ξ₉₃
436: x436 = x233 ² 	|  | ξ₄₈² | ξ₄₈² | ξ₄₈² | ξ₄₈² | ξ₄₈² | ξ₄₈²
437: x437 = x228 * x237 	|  | ξ₄₇ ξ₄₉ | ξ₄₇ ξ₄₉ | ξ₄₇ ξ₄₉ | ξ₄₇ ξ₄₉ | ξ₄₇ ξ₄₉ | ξ₄₇ ξ₄₉
438: x438 = x437 * x418
439: x439 = x419 * x436
440: x440 = x438 - x439 	|  | ξ₉₄
441: x441 = x437 * x427 	|  | ξ₄₇ ξ₄₉   ξ₄₇²
442: x442 = x428 * x436 	|  | ξ₄₆ ξ₄₈   ξ₄₈²
443: x443 = x2 * x442
444: x444 = x441 - x443 	|  | ξ₉₅
445: x445 = x237 ² 	|  | ξ₄₉² | ξ₄₉² | ξ₄₉² | ξ₄₉² | ξ₄₉²
446: x446 = x233 * x242 	|  | ξ₄₈ ξ₅₀ | ξ₄₈ ξ₅₀ | ξ₄₈ ξ₅₀ | ξ₄₈ ξ₅₀ | ξ₄₈ ξ₅₀
447: x447 = x446 * x427
448: x448 = x428 * x445
449: x449 = x447 - x448 	|  | ξ₉₆
450: x450 = x446 * x436 	|  | ξ₄₈ ξ₅₀   ξ₄₈²
451: x451 = x437 * x445 	|  | ξ₄₇ ξ₄₉   ξ₄₉²
452: x452 = x2 * x450
453: x453 = x452 - x451 	|  | ξ₉₇
454: x454 = x242 ² 	|  | ξ₅₀² | ξ₅₀² | ξ₅₀² | ξ₅₀² | ξ₅₀² | ξ₅₀²
455: x455 = x237 * x246 	|  | ξ₄₉ ξ₅₁ | ξ₄₉ ξ₅₁ | ξ₄₉ ξ₅₁ | ξ₄₉ ξ₅₁ | ξ₄₉ ξ₅₁ | ξ₄₉ ξ₅₁
456: x456 = x455 * x436
457: x457 = x437 * x454
458: x458 = x456 - x457 	|  | ξ₉₈
459: x459 = x455 * x445 	|  | ξ₄₉ ξ₅₁   ξ₄₉²
460: x460 = x446 * x454 	|  | ξ₄₈ ξ₅₀   ξ₅₀²
461: x461 = x2 * x460
462: x462 = x459 - x461 	|  | ξ₉₉
463: x463 = x246 ² 	|  | ξ₅₁² | ξ₅₁² | ξ₅₁² | ξ₅₁² | ξ₅₁²
464: x464 = x242 * x251 	|  | ξ₅₀ ξ₅₂ | ξ₅₀ ξ₅₂ | ξ₅₀ ξ₅₂ | ξ₅₀ ξ₅₂ | ξ₅₀ ξ₅₂
465: x465 = x464 * x445
466: x466 = x446 * x463
467: x467 = x465 - x466 	|  | ξ₁₀₀
468: x468 = x464 * x454 	|  | ξ₅₀ ξ₅₂   ξ₅₀²
469: x469 = x455 * x463 	|  | ξ₄₉ ξ₅₁   ξ₅₁²
470: x470 = x2 * x468
471: x471 = x470 - x469 	|  | ξ₁₀₁
472: x472 = x251 ² 	|  | ξ₅₂² | ξ₅₂² | ξ₅₂² | ξ₅₂² | ξ₅₂² | ξ₅₂²
473: x473 = x246 * x255 	|  | ξ₅₁ ξ₅₃ | ξ₅₁ ξ₅₃ | ξ₅₁ ξ₅₃ | ξ₅₁ ξ₅₃ | ξ₅₁ ξ₅₃ | ξ₅₁ ξ₅₃
474: x474 = x473 * x454
475: x475 = x455 * x472
476: x476 = x474 - x475 	|  | ξ₁₀₂
477: x477 = x473 * x463 	|  | ξ₅₁ ξ₅₃   ξ₅₁²
478: x478 = x464 * x472 	|  | ξ₅₀ ξ₅₂   ξ₅₂²
479: x479 = x2 * x478
480: x480 = x477 - x479 	|  | ξ₁₀₃
481: x481 = x255 ² 	|  | ξ₅₃² | ξ₅₃² | ξ₅₃² | ξ₅₃² | ξ₅₃²
482: x482 = x251 * x260 	|  | ξ₅₂ ξ₅₄ | ξ₅₂ ξ₅₄ | ξ₅₂ ξ₅₄ | ξ₅₂ ξ₅₄ | ξ₅₂ ξ₅₄
483: x483 = x482 * x463
484: x484 = x464 * x481
485: x485 = x483 - x484 	|  | ξ₁₀₄
486: x486 = x482 * x472 	|  | ξ₅₂ ξ₅₄   ξ₅₂²
487: x487 = x473 * x481 	|  | ξ₅₁ ξ₅₃   ξ₅₃²
488: x488 = x2 * x486
489: x489 = x488 - x487 	|  | ξ₁₀₅
490: x490 = x260 ² 	|  | ξ₅₄² | ξ₅₄² | ξ₅₄² | ξ₅₄² | ξ₅₄² | ξ₅₄²
491: x491 = x255 * x264 	|  | ξ₅₃ ξ₅₅ | ξ₅₃ ξ₅₅ | ξ₅₃ ξ₅₅ | ξ₅₃ ξ₅₅ | ξ₅₃ ξ₅₅ | ξ₅₃ ξ₅₅
492: x492 = x491 * x472
493: x493 = x473 * x490
494: x494 = x492 - x493 	|  | ξ₁₀₆
495: x495 = x491 * x481 	|  | ξ₅₃ ξ₅₅   ξ₅₃²
496: x496 = x482 * x490 	|  | ξ₅₂ ξ₅₄   ξ₅₄²
497: x497 = x2 * x496
498: x498 = x495 - x497 	|  | ξ₁₀₇
499: x499 = x264 ² 	|  | ξ₅₅² | ξ₅₅² | ξ₅₅² | ξ₅₅² | ξ₅₅²
500: x500 = x260 * x269 	|  | ξ₅₄ ξ₅₆ | ξ₅₄ ξ₅₆ | ξ₅₄ ξ₅₆ | ξ₅₄ ξ₅₆ | ξ₅₄ ξ₅₆
501: x501 = x500 * x481
502: x502 = x482 * x499
503: x503 = x501 - x502 	|  | ξ₁₀₈
504: x504 = x500 * x490 	|  | ξ₅₄ ξ₅₆   ξ₅₄²
505: x505 = x491 * x499 	|  | ξ₅₃ ξ₅₅   ξ₅₅²
506: x506 = x2 * x504
507: x507 = x506 - x505 	|  | ξ₁₀₉
508: x508 = x269 ² 	|  | ξ₅₆² | ξ₅₆² | ξ₅₆² | ξ₅₆² | ξ₅₆² | ξ₅₆²
509: x509 = x264 * x273 	|  | ξ₅₅ ξ₅₇ | ξ₅₅ ξ₅₇ | ξ₅₅ ξ₅₇ | ξ₅₅ ξ₅₇ | ξ₅₅ ξ₅₇ | ξ₅₅ ξ₅₇
510: x510 = x509 * x490
511: x511 = x491 * x508
512: x512 = x510 - x511 	|  | ξ₁₁₀
513: x513 = x509 * x499 	|  | ξ₅₅ ξ₅₇   ξ₅₅²
514: x514 = x500 * x508 	|  | ξ₅₄ ξ₅₆   ξ₅₆²
515: x515 = x2 * x514
516: x516 = x513 - x515 	|  | ξ₁₁₁
517: x517 = x273 ² 	|  | ξ₅₇² | ξ₅₇² | ξ₅₇² | ξ₅₇² | ξ₅₇²
518: x518 = x269 * x278 	|  | ξ₅₆ ξ₅₈ | ξ₅₆ ξ₅₈ | ξ₅₆ ξ₅₈ | ξ₅₆ ξ₅₈ | ξ₅₆ ξ₅₈
519: x519 = x518 * x499
520: x520 = x500 * x517
521: x521 = x519 - x520 	|  | ξ₁₁₂
522: x522 = x518 * x508 	|  | ξ₅₆ ξ₅₈   ξ₅₆²
523: x523 = x509 * x517 	|  | ξ₅₅ ξ₅₇   ξ₅₇²
524: x524 = x2 * x522
525: x525 = x524 - x523 	|  | ξ₁₁₃
526: x526 = x278 ² 	|  | ξ₅₈² | ξ₅₈² | ξ₅₈² | ξ₅₈² | ξ₅₈² | ξ₅₈²
527: x527 = x273 * x282 	|  | ξ₅₇ ξ₅₉ | ξ₅₇ ξ₅₉ | ξ₅₇ ξ₅₉ | ξ₅₇ ξ₅₉ | ξ₅₇ ξ₅₉ | ξ₅₇ ξ₅₉
528: x528 = x527 * x508
529: x529 = x509 * x526
530: x530 = x528 - x529 	|  | ξ₁₁₄
531: x531 = x527 * x517 	|  | ξ₅₇ ξ₅₉   ξ₅₇²
532: x532 = x518 * x526 	|  | ξ₅₆ ξ₅₈   ξ₅₈²
533: x533 = x2 * x532
534: x534 = x531 - x533 	|  | ξ₁₁₅
535: x535 = x282 ² 	|  | ξ₅₉² | ξ₅₉² | ξ₅₉² | ξ₅₉² | ξ₅₉²
536: x536 = x278 * x287 	|  | ξ₅₈ ξ₆₀ | ξ₅₈ ξ₆₀ | ξ₅₈ ξ₆₀ | ξ₅₈ ξ₆₀ | ξ₅₈ ξ₆₀
537: x537 = x536 * x517
538: x538 = x518 * x535
539: x539 = x537 - x538 	|  | ξ₁₁₆
540: x540 = x536 * x526 	|  | ξ₅₈ ξ₆₀   ξ₅₈²
541: x541 = x527 * x535 	|  | ξ₅₇ ξ₅₉   ξ₅₉²
542: x542 = x2 * x540
543: x543 = x542 - x541 	|  | ξ₁₁₇
544: x544 = x287 ² 	|  | ξ₆₀² | ξ₆₀² | ξ₆₀² | ξ₆₀² | ξ₆₀² | ξ₆₀²
545: x545 = x282 * x291 	|  | ξ₅₉ ξ₆₁ | ξ₅₉ ξ₆₁ | ξ₅₉ ξ₆₁ | ξ₅₉ ξ₆₁ | ξ₅₉ ξ₆₁ | ξ₅₉ ξ₆₁
546: x546 = x545 * x526
547: x547 = x527 * x544
548: x548 = x546 - x547 	|  | ξ₁₁₈
549: x549 = x545 * x535 	|  | ξ₅₉ ξ₆₁   ξ₅₉²
550: x550 = x536 * x544 	|  | ξ₅₈ ξ₆₀   ξ₆₀²
551: x551 = x2 * x550
552: x552 = x549 - x551 	|  | ξ₁₁₉
553: x553 = x291 ² 	|  | ξ₆₁² | ξ₆₁² | ξ₆₁² | ξ₆₁² | ξ₆₁²
554: x554 = x287 * x296 	|  | ξ₆₀ ξ₆₂ | ξ₆₀ ξ₆₂ | ξ₆₀ ξ₆₂ | ξ₆₀ ξ₆₂ | ξ₆₀ ξ₆₂
555: x555 = x554 * x535
556: x556 = x536 * x553
557: x557 = x555 - x556 	|  | ξ₁₂₀
558: x558 = x554 * x544 	|  | ξ₆₀ ξ₆₂   ξ₆₀²
559: x559 = x545 * x553 	|  | ξ₅₉ ξ₆₁   ξ₆₁²
560: x560 = x2 * x558
561: x561 = x560 - x559 	|  | ξ₁₂₁
562: x562 = x296 ² 	|  | ξ₆₂² | ξ₆₂² | ξ₆₂² | ξ₆₂² | ξ₆₂² | ξ₆₂²
563: x563 = x291 * x300 	|  | ξ₆₁ ξ₆₃ | ξ₆₁ ξ₆₃ | ξ₆₁ ξ₆₃ | ξ₆₁ ξ₆₃ | ξ₆₁ ξ₆₃ | ξ₆₁ ξ₆₃
564: x564 = x563 * x544
565: x565 = x545 * x562
566: x566 = x564 - x565 	|  | ξ₁₂₂
567: x567 = x563 * x553 	|  | ξ₆₁ ξ₆₃   ξ₆₁²
568: x568 = x554 * x562 	|  | ξ₆₀ ξ₆₂   ξ₆₂²
569: x569 = x2 * x568
570: x570 = x567 - x569 	|  | ξ₁₂₃
571: x571 = x300 ² 	|  | ξ₆₃² | ξ₆₃² | ξ₆₃² | ξ₆₃² | ξ₆₃²
572: x572 = x296 * x305 	|  | ξ₆₂ ξ₆₄ | ξ₆₂ ξ₆₄ | ξ₆₂ ξ₆₄ | ξ₆₂ ξ₆₄ | ξ₆₂ ξ₆₄
573: x573 = x572 * x553
574: x574 = x554 * x571
575: x575 = x573 - x574 	|  | ξ₁₂₄
576: x576 = x572 * x562 	|  | ξ₆₂ ξ₆₄   ξ₆₂²
577: x577 = x563 * x571 	|  | ξ₆₁ ξ₆₃   ξ₆₃²
578: x578 = x2 * x576
579: x579 = x578 - x577 	|  | ξ₁₂₅
580: x580 = x305 ² 	|  | ξ₆₄² | ξ₆₄² | ξ₆₄² | ξ₆₄² | ξ₆₄²
581: x581 = x300 * x309 	|  | ξ₆₃ ξ₆₅ | ξ₆₃ ξ₆₅ | ξ₆₃ ξ₆₅ | ξ₆₃ ξ₆₅ | ξ₆₃ ξ₆₅
582: x582 = x581 * x562
583: x583 = x563 * x580
584: x584 = x582 - x583 	|  | ξ₁₂₆
585: x585 = x581 * x571 	|  | ξ₆₃ ξ₆₅   ξ₆₃²
586: x586 = x572 * x580 	|  | ξ₆₂ ξ₆₄   ξ₆₄²
587: x587 = x2 * x586
588: x588 = x585 - x587 	|  | ξ₁₂₇
589: x589 = x309 ² 	|  | ξ₆₅² | ξ₆₅² | ξ₆₅²
590: x590 = x305 * x314 	|  | ξ₆₄ ξ₆₆ | ξ₆₄ ξ₆₆ | ξ₆₄ ξ₆₆
591: x591 = x590 * x571
592: x592 = x572 * x589
593: x593 = x591 - x592 	|  | ξ₁₂₈
594: x594 = x590 * x580 	|  | ξ₆₄ ξ₆₆   ξ₆₄²
595: x595 = x581 * x589 	|  | ξ₆₃ ξ₆₅   ξ₆₅²
596: x596 = x2 * x594
597: x597 = x596 - x595 	|  | ξ₁₂₉
598: x598 = x1 * x36 	|  | [3]Pjx
599: x599 = y * x44 	|  | [3]Pjy
600: x600 = x1 * x50 	|  | [5]Pjx
601: x601 = y * x62 	|  | [5]Pjy
602: x602 = x1 * x68 	|  | [7]Pjx
603: x603 = y * x80 	|  | [7]Pjy
604: x604 = x1 * x86 	|  | [9]Pjx
605: x605 = y * x98 	|  | [9]Pjy
606: x606 = x1 * x104 	|  | [11]Pjx
607: x607 = y * x116 	|  | [11]Pjy
608: x608 = x1 * x122 	|  | [13]Pjx
609: x609 = y * x134 	|  | [13]Pjy
610: x610 = x1 * x140 	|  | [15]Pjx
611: x611 = y * x152 	|  | [15]Pjy
612: x612 = x1 * x158 	|  | [17]Pjx
613: x613 = y * x170 	|  | [17]Pjy
614: x614 = x1 * x176 	|  | [19]Pjx
615: x615 = y * x188 	|  | [19]Pjy
616: x616 = x1 * x194 	|  | [21]Pjx
617: x617 = y * x206 	|  | [21]Pjy
618: x618 = x1 * x212 	|  | [23]Pjx
619: x619 = y * x224 	|  | [23]Pjy
620: x620 = x1 * x230 	|  | [25]Pjx
621: x621 = y * x242 	|  | [25]Pjy
622: x622 = x1 * x248 	|  | [27]Pjx
623: x623 = y * x260 	|  | [27]Pjy
624: x624 = x1 * x266 	|  | [29]Pjx
625: x625 = y * x278 	|  | [29]Pjy
626: x626 = x1 * x284 	|  | [31]Pjx
627: x627 = y * x296 	|  | [31]Pjy
628: x628 = x1 * x302 	|  | [33]Pjx
629: x629 = y * x314 	|  | [33]Pjy
630: x630 = x1 * x320 	|  | [35]Pjx
631: x631 = y * x332 	|  | [35]Pjy
632: x632 = x1 * x338 	|  | [37]Pjx
633: x633 = y * x350 	|  | [37]Pjy
634: x634 = x1 * x356 	|  | [39]Pjx
635: x635 = y * x368 	|  | [39]Pjy
636: x636 = x1 * x374 	|  | [41]Pjx
637: x637 = y * x386 	|  | [41]Pjy
638: x638 = x1 * x392 	|  | [43]Pjx
639: x639 = y * x404 	|  | [43]Pjy
640: x640 = x1 * x410 	|  | [45]Pjx
641: x641 = y * x422 	|  | [45]Pjy
642: x642 = x1 * x428 	|  | [47]Pjx
643: x643 = y * x440 	|  | [47]Pjy
644: x644 = x1 * x446 	|  | [49]Pjx
645: x645 = y * x458 	|  | [49]Pjy
646: x646 = x1 * x464 	|  | [51]Pjx
647: x647 = y * x476 	|  | [51]Pjy
648: x648 = x1 * x482 	|  | [53]Pjx
649: x649 = y * x494 	|  | [53]Pjy
650: x650 = x1 * x500 	|  | [55]Pjx
651: x651 = y * x512 	|  | [55]Pjy
652: x652 = x1 * x518 	|  | [57]Pjx
653: x653 = y * x530 	|  | [57]Pjy
654: x654 = x1 * x536 	|  | [59]Pjx
655: x655 = y * x548 	|  | [59]Pjy
656: x656 = x1 * x554 	|  | [61]Pjx
657: x657 = y * x566 	|  | [61]Pjy
658: x658 = x1 * x572 	|  | [63]Pjx
659: x659 = y * x584 	|  | [63]Pjy
660: x660 = x314 ² 	|  | ξ₆₆² | ξ₆₆²
661: x661 = x1 * x590 	|  | [65]Pjx
662: x662 = x309 * x318 	|  | ξ₆₅ ξ₆₇ | ξ₆₅ ξ₆₇
663: x663 = x662 * x580
664: x664 = x581 * x660
665: x665 = x663 - x664
666: x666 = y * x665 	|  | [65]Pjy
667: x667 = x318 ² 	|  | ξ₆₇²
668: x668 = x323 ² 	|  | ξ₆₈² | ξ₆₈²
669: x669 = x314 * x323 	|  | ξ₆₆ ξ₆₈
670: x670 = x1 * x669 	|  | [67]Pjx
671: x671 = x318 * x327 	|  | ξ₆₇ ξ₆₉ | ξ₆₇ ξ₆₉
672: x672 = x671 * x660
673: x673 = x662 * x668
674: x674 = x672 - x673
675: x675 = y * x674 	|  | [67]Pjy
676: x676 = x327 ² 	|  | ξ₆₉²
677: x677 = x332 ² 	|  | ξ₇₀² | ξ₇₀²
678: x678 = x323 * x332 	|  | ξ₆₈ ξ₇₀
679: x679 = x1 * x678 	|  | [69]Pjx
680: x680 = x327 * x336 	|  | ξ₆₉ ξ₇₁ | ξ₆₉ ξ₇₁
681: x681 = x680 * x668
682: x682 = x671 * x677
683: x683 = x681 - x682
684: x684 = y * x683 	|  | [69]Pjy
685: x685 = x336 ² 	|  | ξ₇₁²
686: x686 = x341 ² 	|  | ξ₇₂² | ξ₇₂²
687: x687 = x332 * x341 	|  | ξ₇₀ ξ₇₂
688: x688 = x1 * x687 	|  | [71]Pjx
689: x689 = x336 * x345 	|  | ξ₇₁ ξ₇₃ | ξ₇₁ ξ₇₃
690: x690 = x689 * x677
691: x691 = x680 * x686
692: x692 = x690 - x691
693: x693 = y * x692 	|  | [71]Pjy
694: x694 = x345 ² 	|  | ξ₇₃²
695: x695 = x350 ² 	|  | ξ₇₄² | ξ₇₄²
696: x696 = x341 * x350 	|  | ξ₇₂ ξ₇₄
697: x697 = x1 * x696 	|  | [73]Pjx
698: x698 = x345 * x354 	|  | ξ₇₃ ξ₇₅ | ξ₇₃ ξ₇₅
699: x699 = x698 * x686
700: x700 = x689 * x695
701: x701 = x699 - x700
702: x702 = y * x701 	|  | [73]Pjy
703: x703 = x354 ² 	|  | ξ₇₅²
704: x704 = x359 ² 	|  | ξ₇₆² | ξ₇₆²
705: x705 = x350 * x359 	|  | ξ₇₄ ξ₇₆
706: x706 = x1 * x705 	|  | [75]Pjx
707: x707 = x354 * x363 	|  | ξ₇₅ ξ₇₇ | ξ₇₅ ξ₇₇
708: x708 = x707 * x695
709: x709 = x698 * x704
710: x710 = x708 - x709
711: x711 = y * x710 	|  | [75]Pjy
712: x712 = x363 ² 	|  | ξ₇₇²
713: x713 = x368 ² 	|  | ξ₇₈² | ξ₇₈²
714: x714 = x359 * x368 	|  | ξ₇₆ ξ₇₈
715: x715 = x1 * x714 	|  | [77]Pjx
716: x716 = x363 * x372 	|  | ξ₇₇ ξ₇₉ | ξ₇₇ ξ₇₉
717: x717 = x716 * x704
718: x718 = x707 * x713
719: x719 = x717 - x718
720: x720 = y * x719 	|  | [77]Pjy
721: x721 = x372 ² 	|  | ξ₇₉²
722: x722 = x377 ² 	|  | ξ₈₀² | ξ₈₀²
723: x723 = x368 * x377 	|  | ξ₇₈ ξ₈₀
724: x724 = x1 * x723 	|  | [79]Pjx
725: x725 = x372 * x381 	|  | ξ₇₉ ξ₈₁ | ξ₇₉ ξ₈₁
726: x726 = x725 * x713
727: x727 = x716 * x722
728: x728 = x726 - x727
729: x729 = y * x728 	|  | [79]Pjy
730: x730 = x381 ² 	|  | ξ₈₁²
731: x731 = x386 ² 	|  | ξ₈₂² | ξ₈₂²
732: x732 = x377 * x386 	|  | ξ₈₀ ξ₈₂
733: x733 = x1 * x732 	|  | [81]Pjx
734: x734 = x381 * x390 	|  | ξ₈₁ ξ₈₃ | ξ₈₁ ξ₈₃
735: x735 = x734 * x722
736: x736 = x725 * x731
737: x737 = x735 - x736
738: x738 = y * x737 	|  | [81]Pjy
739: x739 = x390 ² 	|  | ξ₈₃²
740: x740 = x395 ² 	|  | ξ₈₄² | ξ₈₄²
741: x741 = x386 * x395 	|  | ξ₈₂ ξ₈₄
742: x742 = x1 * x741 	|  | [83]Pjx
743: x743 = x390 * x399 	|  | ξ₈₃ ξ₈₅ | ξ₈₃ ξ₈₅
744: x744 = x743 * x731
745: x745 = x734 * x740
746: x746 = x744 - x745
747: x747 = y * x746 	|  | [83]Pjy
748: x748 = x399 ² 	|  | ξ₈₅²
749: x749 = x404 ² 	|  | ξ₈₆² | ξ₈₆²
750: x750 = x395 * x404 	|  | ξ₈₄ ξ₈₆
751: x751 = x1 * x750 	|  | [85]Pjx
752: x752 = x399 * x408 	|  | ξ₈₅ ξ₈₇ | ξ₈₅ ξ₈₇
753: x753 = x752 * x740
754: x754 = x743 * x749
755: x755 = x753 - x754
756: x756 = y * x755 	|  | [85]Pjy
757: x757 = x408 ² 	|  | ξ₈₇²
758: x758 = x413 ² 	|  | ξ₈₈² | ξ₈₈²
759: x759 = x404 * x413 	|  | ξ₈₆ ξ₈₈
760: x760 = x1 * x759 	|  | [87]Pjx
761: x761 = x408 * x417 	|  | ξ₈₇ ξ₈₉ | ξ₈₇ ξ₈₉
762: x762 = x761 * x749
763: x763 = x752 * x758
764: x764 = x762 - x763
765: x765 = y * x764 	|  | [87]Pjy
766: x766 = x417 ² 	|  | ξ₈₉²
767: x767 = x422 ² 	|  | ξ₉₀² | ξ₉₀²
768: x768 = x413 * x422 	|  | ξ₈₈ ξ₉₀
769: x769 = x1 * x768 	|  | [89]Pjx
770: x770 = x417 * x426 	|  | ξ₈₉ ξ₉₁ | ξ₈₉ ξ₉₁
771: x771 = x770 * x758
772: x772 = x761 * x767
773: x773 = x771 - x772
774: x774 = y * x773 	|  | [89]Pjy
775: x775 = x426 ² 	|  | ξ₉₁²
776: x776 = x431 ² 	|  | ξ₉₂² | ξ₉₂²
777: x777 = x422 * x431 	|  | ξ₉₀ ξ₉₂
778: x778 = x1 * x777 	|  | [91]Pjx
779: x779 = x426 * x435 	|  | ξ₉₁ ξ₉₃ | ξ₉₁ ξ₉₃
780: x780 = x779 * x767
781: x781 = x770 * x776
782: x782 = x780 - x781
783: x783 = y * x782 	|  | [91]Pjy
784: x784 = x435 ² 	|  | ξ₉₃²
785: x785 = x440 ² 	|  | ξ₉₄² | ξ₉₄²
786: x786 = x431 * x440 	|  | ξ₉₂ ξ₉₄
787: x787 = x1 * x786 	|  | [93]Pjx
788: x788 = x435 * x444 	|  | ξ₉₃ ξ₉₅ | ξ₉₃ ξ₉₅
789: x789 = x788 * x776
790: x790 = x779 * x785
791: x791 = x789 - x790
792: x792 = y * x791 	|  | [93]Pjy
793: x793 = x444 ² 	|  | ξ₉₅²
794: x794 = x449 ² 	|  | ξ₉₆² | ξ₉₆²
795: x795 = x440 * x449 	|  | ξ₉₄ ξ₉₆
796: x796 = x1 * x795 	|  | [95]Pjx
797: x797 = x444 * x453 	|  | ξ₉₅ ξ₉₇ | ξ₉₅ ξ₉₇
798: x798 = x797 * x785
799: x799 = x788 * x794
800: x800 = x798 - x799
801: x801 = y * x800 	|  | [95]Pjy
802: x802 = x453 ² 	|  | ξ₉₇²
803: x803 = x458 ² 	|  | ξ₉₈² | ξ₉₈²
804: x804 = x449 * x458 	|  | ξ₉₆ ξ₉₈
805: x805 = x1 * x804 	|  | [97]Pjx
806: x806 = x453 * x462 	|  | ξ₉₇ ξ₉₉ | ξ₉₇ ξ₉₉
807: x807 = x806 * x794
808: x808 = x797 * x803
809: x809 = x807 - x808
810: x810 = y * x809 	|  | [97]Pjy
811: x811 = x462 ² 	|  | ξ₉₉²
812: x812 = x467 ² 	|  | ξ₁₀₀² | ξ₁₀₀²
813: x813 = x458 * x467 	|  | ξ₉₈ ξ₁₀₀
814: x814 = x1 * x813 	|  | [99]Pjx
815: x815 = x462 * x471 	|  | ξ₉₉ ξ₁₀₁ | ξ₉₉ ξ₁₀₁
816: x816 = x815 * x803
817: x817 = x806 * x812
818: x818 = x816 - x817
819: x819 = y * x818 	|  | [99]Pjy
820: x820 = x471 ² 	|  | ξ₁₀₁²
821: x821 = x476 ² 	|  | ξ₁₀₂² | ξ₁₀₂²
822: x822 = x467 * x476 	|  | ξ₁₀₀ ξ₁₀₂
823: x823 = x1 * x822 	|  | [101]Pjx
824: x824 = x471 * x480 	|  | ξ₁₀₁ ξ₁₀₃ | ξ₁₀₁ ξ₁₀₃
825: x825 = x824 * x812
826: x826 = x815 * x821
827: x827 = x825 - x826
828: x828 = y * x827 	|  | [101]Pjy
829: x829 = x480 ² 	|  | ξ₁₀₃²
830: x830 = x485 ² 	|  | ξ₁₀₄² | ξ₁₀₄²
831: x831 = x476 * x485 	|  | ξ₁₀₂ ξ₁₀₄
832: x832 = x1 * x831 	|  | [103]Pjx
833: x833 = x480 * x489 	|  | ξ₁₀₃ ξ₁₀₅ | ξ₁₀₃ ξ₁₀₅
834: x834 = x833 * x821
835: x835 = x824 * x830
836: x836 = x834 - x835
837: x837 = y * x836 	|  | [103]Pjy
838: x838 = x489 ² 	|  | ξ₁₀₅²
839: x839 = x494 ² 	|  | ξ₁₀₆² | ξ₁₀₆²
840: x840 = x485 * x494 	|  | ξ₁₀₄ ξ₁₀₆
841: x841 = x1 * x840 	|  | [105]Pjx
842: x842 = x489 * x498 	|  | ξ₁₀₅ ξ₁₀₇ | ξ₁₀₅ ξ₁₀₇
843: x843 = x842 * x830
844: x844 = x833 * x839
845: x845 = x843 - x844
846: x846 = y * x845 	|  | [105]Pjy
847: x847 = x498 ² 	|  | ξ₁₀₇²
848: x848 = x503 ² 	|  | ξ₁₀₈² | ξ₁₀₈²
849: x849 = x494 * x503 	|  | ξ₁₀₆ ξ₁₀₈
850: x850 = x1 * x849 	|  | [107]Pjx
851: x851 = x498 * x507 	|  | ξ₁₀₇ ξ₁₀₉ | ξ₁₀₇ ξ₁₀₉
852: x852 = x851 * x839
853: x853 = x842 * x848
854: x854 = x852 - x853
855: x855 = y * x854 	|  | [107]Pjy
856: x856 = x507 ² 	|  | ξ₁₀₉²
857: x857 = x512 ² 	|  | ξ₁₁₀² | ξ₁₁₀²
858: x858 = x503 * x512 	|  | ξ₁₀₈ ξ₁₁₀
859: x859 = x1 * x858 	|  | [109]Pjx
860: x860 = x507 * x516 	|  | ξ₁₀₉ ξ₁₁₁ | ξ₁₀₉ ξ₁₁₁
861: x861 = x860 * x848
862: x862 = x851 * x857
863: x863 = x861 - x862
864: x864 = y * x863 	|  | [109]Pjy
865: x865 = x516 ² 	|  | ξ₁₁₁²
866: x866 = x521 ² 	|  | ξ₁₁₂² | ξ₁₁₂²
867: x867 = x512 * x521 	|  | ξ₁₁₀ ξ₁₁₂
868: x868 = x1 * x867 	|  | [111]Pjx
869: x869 = x516 * x525 	|  | ξ₁₁₁ ξ₁₁₃ | ξ₁₁₁ ξ₁₁₃
870: x870 = x869 * x857
871: x871 = x860 * x866
872: x872 = x870 - x871
873: x873 = y * x872 	|  | [111]Pjy
874: x874 = x525 ² 	|  | ξ₁₁₃²
875: x875 = x530 ² 	|  | ξ₁₁₄² | ξ₁₁₄²
876: x876 = x521 * x530 	|  | ξ₁₁₂ ξ₁₁₄
877: x877 = x1 * x876 	|  | [113]Pjx
878: x878 = x525 * x534 	|  | ξ₁₁₃ ξ₁₁₅ | ξ₁₁₃ ξ₁₁₅
879: x879 = x878 * x866
880: x880 = x869 * x875
881: x881 = x879 - x880
882: x882 = y * x881 	|  | [113]Pjy
883: x883 = x534 ² 	|  | ξ₁₁₅²
884: x884 = x539 ² 	|  | ξ₁₁₆² | ξ₁₁₆²
885: x885 = x530 * x539 	|  | ξ₁₁₄ ξ₁₁₆
886: x886 = x1 * x885 	|  | [115]Pjx
887: x887 = x534 * x543 	|  | ξ₁₁₅ ξ₁₁₇ | ξ₁₁₅ ξ₁₁₇
888: x888 = x887 * x875
889: x889 = x878 * x884
890: x890 = x888 - x889
891: x891 = y * x890 	|  | [115]Pjy
892: x892 = x543 ² 	|  | ξ₁₁₇²
893: x893 = x548 ² 	|  | ξ₁₁₈² | ξ₁₁₈²
894: x894 = x539 * x548 	|  | ξ₁₁₆ ξ₁₁₈
895: x895 = x1 * x894 	|  | [117]Pjx
896: x896 = x543 * x552 	|  | ξ₁₁₇ ξ₁₁₉ | ξ₁₁₇ ξ₁₁₉
897: x897 = x896 * x884
898: x898 = x887 * x893
899: x899 = x897 - x898
900: x900 = y * x899 	|  | [117]Pjy
901: x901 = x552 ² 	|  | ξ₁₁₉²
902: x902 = x557 ² 	|  | ξ₁₂₀² | ξ₁₂₀²
903: x903 = x548 * x557 	|  | ξ₁₁₈ ξ₁₂₀
904: x904 = x1 * x903 	|  | [119]Pjx
905: x905 = x552 * x561 	|  | ξ₁₁₉ ξ₁₂₁ | ξ₁₁₉ ξ₁₂₁
906: x906 = x905 * x893
907: x907 = x896 * x902
908: x908 = x906 - x907
909: x909 = y * x908 	|  | [119]Pjy
910: x910 = x561 ² 	|  | ξ₁₂₁²
911: x911 = x566 ² 	|  | ξ₁₂₂² | ξ₁₂₂²
912: x912 = x557 * x566 	|  | ξ₁₂₀ ξ₁₂₂
913: x913 = x1 * x912 	|  | [121]Pjx
914: x914 = x561 * x570 	|  | ξ₁₂₁ ξ₁₂₃ | ξ₁₂₁ ξ₁₂₃
915: x915 = x914 * x902
916: x916 = x905 * x911
917: x917 = x915 - x916
918: x918 = y * x917 	|  | [121]Pjy
919: x919 = x570 ² 	|  | ξ₁₂₃²
920: x920 = x575 ² 	|  | ξ₁₂₄² | ξ₁₂₄²
921: x921 = x566 * x575 	|  | ξ₁₂₂ ξ₁₂₄
922: x922 = x1 * x921 	|  | [123]Pjx
923: x923 = x570 * x579 	|  | ξ₁₂₃ ξ₁₂₅ | ξ₁₂₃ ξ₁₂₅
924: x924 = x923 * x911
925: x925 = x914 * x920
926: x926 = x924 - x925
927: x927 = y * x926 	|  | [123]Pjy
928: x928 = x579 ² 	|  | ξ₁₂₅²
929: x929 = x584 ² 	|  | ξ₁₂₆² | ξ₁₂₆²
930: x930 = x575 * x584 	|  | ξ₁₂₄ ξ₁₂₆
931: x931 = x1 * x930 	|  | [125]Pjx
932: x932 = x579 * x588 	|  | ξ₁₂₅ ξ₁₂₇ | ξ₁₂₅ ξ₁₂₇
933: x933 = x932 * x920
934: x934 = x923 * x929
935: x935 = x933 - x934
936: x936 = y * x935 	|  | [125]Pjy
937: x937 = x588 ² 	|  | ξ₁₂₇²
938: x938 = x593 ² 	|  | ξ₁₂₈²
939: x939 = x584 * x593 	|  | ξ₁₂₆ ξ₁₂₈
940: x940 = x1 * x939 	|  | [127]Pjx
941: x941 = x588 * x597 	|  | ξ₁₂₇ ξ₁₂₉
942: x942 = x941 * x929
943: x943 = x932 * x938
944: x944 = x942 - x943
945: x945 = y * x944 	|  | [127]Pjy
946: x946 = x928 * x937
947: x947 = x919 * x946
948: x948 = x910 * x947
949: x949 = x901 * x948
950: x950 = x892 * x949
951: x951 = x883 * x950
952: x952 = x874 * x951
953: x953 = x865 * x952
954: x954 = x856 * x953
955: x955 = x847 * x954
956: x956 = x838 * x955
957: x957 = x829 * x956
958: x958 = x820 * x957
959: x959 = x811 * x958
960: x960 = x802 * x959
961: x961 = x793 * x960
962: x962 = x784 * x961
963: x963 = x775 * x962
964: x964 = x766 * x963
965: x965 = x757 * x964
966: x966 = x748 * x965
967: x967 = x739 * x966
968: x968 = x730 * x967
969: x969 = x721 * x968
970: x970 = x712 * x969
971: x971 = x703 * x970
972: x972 = x694 * x971
973: x973 = x685 * x972
974: x974 = x676 * x973
975: x975 = x667 * x974
976: x976 = x589 * x975
977: x977 = x571 * x976
978: x978 = x553 * x977
979: x979 = x535 * x978
980: x980 = x517 * x979
981: x981 = x499 * x980
982: x982 = x481 * x981
983: x983 = x463 * x982
984: x984 = x445 * x983
985: x985 = x427 * x984
986: x986 = x409 * x985
987: x987 = x391 * x986
988: x988 = x373 * x987
989: x989 = x355 * x988
990: x990 = x337 * x989
991: x991 = x319 * x990
992: x992 = x301 * x991
993: x993 = x283 * x992
994: x994 = x265 * x993
995: x995 = x247 * x994
996: x996 = x229 * x995
997: x997 = x211 * x996
998: x998 = x193 * x997
999: x999 = x175 * x998
1000: x1000 = x157 * x999
1001: x1001 = x139 * x1000
1002: x1002 = x121 * x1001
1003: x1003 = x103 * x1002
1004: x1004 = x85 * x1003
1005: x1005 = x67 * x1004
1006: x1006 = x49 * x1005
1007: x1007 = x37 * x1006
1008: x1008 = x1007 ⁻¹
1009: x1009 = x1008 * x1006
1010: x1010 = x1008 * x37
1011: x1011 = x1010 * x1005
1012: x1012 = x1010 * x49
1013: x1013 = x1012 * x1004
1014: x1014 = x1012 * x67
1015: x1015 = x1014 * x1003
1016: x1016 = x1014 * x85
1017: x1017 = x1016 * x1002
1018: x1018 = x1016 * x103
1019: x1019 = x1018 * x1001
1020: x1020 = x1018 * x121
1021: x1021 = x1020 * x1000
1022: x1022 = x1020 * x139
1023: x1023 = x1022 * x999
1024: x1024 = x1022 * x157
1025: x1025 = x1024 * x998
1026: x1026 = x1024 * x175
1027: x1027 = x1026 * x997
1028: x1028 = x1026 * x193
1029: x1029 = x1028 * x996
1030: x1030 = x1028 * x211
1031: x1031 = x1030 * x995
1032: x1032 = x1030 * x229
1033: x1033 = x1032 * x994
1034: x1034 = x1032 * x247
1035: x1035 = x1034 * x993
1036: x1036 = x1034 * x265
1037: x1037 = x1036 * x992
1038: x1038 = x1036 * x283
1039: x1039 = x1038 * x991
1040: x1040 = x1038 * x301
1041: x1041 = x1040 * x990
1042: x1042 = x1040 * x319
1043: x1043 = x1042 * x989
1044: x1044 = x1042 * x337
1045: x1045 = x1044 * x988
1046: x1046 = x1044 * x355
1047: x1047 = x1046 * x987
1048: x1048 = x1046 * x373
1049: x1049 = x1048 * x986
1050: x1050 = x1048 * x391
1051: x1051 = x1050 * x985
1052: x1052 = x1050 * x409
1053: x1053 = x1052 * x984
1054: x1054 = x1052 * x427
1055: x1055 = x1054 * x983
1056: x1056 = x1054 * x445
1057: x1057 = x1056 * x982
1058: x1058 = x1056 * x463
1059: x1059 = x1058 * x981
1060: x1060 = x1058 * x481
1061: x1061 = x1060 * x980
1062: x1062 = x1060 * x499
1063: x1063 = x1062 * x979
1064: x1064 = x1062 * x517
1065: x1065 = x1064 * x978
1066: x1066 = x1064 * x535
1067: x1067 = x1066 * x977
1068: x1068 = x1066 * x553
1069: x1069 = x1068 * x976
1070: x1070 = x1068 * x571
1071: x1071 = x1070 * x975
1072: x1072 = x1070 * x589
1073: x1073 = x1072 * x974
1074: x1074 = x1072 * x667
1075: x1075 = x1074 * x973
1076: x1076 = x1074 * x676
1077: x1077 = x1076 * x972
1078: x1078 = x1076 * x685
1079: x1079 = x1078 * x971
1080: x1080 = x1078 * x694
1081: x1081 = x1080 * x970
1082: x1082 = x1080 * x703
1083: x1083 = x1082 * x969
1084: x1084 = x1082 * x712
1085: x1085 = x1084 * x968
1086: x1086 = x1084 * x721
1087: x1087 = x1086 * x967
1088: x1088 = x1086 * x730
1089: x1089 = x1088 * x966
1090: x1090 = x1088 * x739
1091: x1091 = x1090 * x965
1092: x1092 = x1090 * x748
1093: x1093 = x1092 * x964
1094: x1094 = x1092 * x757
1095: x1095 = x1094 * x963
1096: x1096 = x1094 * x766
1097: x1097 = x1096 * x962
1098: x1098 = x1096 * x775
1099: x1099 = x1098 * x961
1100: x1100 = x1098 * x784
1101: x1101 = x1100 * x960
1102: x1102 = x1100 * x793
1103: x1103 = x1102 * x959
1104: x1104 = x1102 * x802
1105: x1105 = x1104 * x958
1106: x1106 = x1104 * x811
1107: x1107 = x1106 * x957
1108: x1108 = x1106 * x820
1109: x1109 = x1108 * x956
1110: x1110 = x1108 * x829
1111: x1111 = x1110 * x955
1112: x1112 = x1110 * x838
1113: x1113 = x1112 * x954
1114: x1114 = x1112 * x847
1115: x1115 = x1114 * x953
1116: x1116 = x1114 * x856
1117: x1117 = x1116 * x952
1118: x1118 = x1116 * x865
1119: x1119 = x1118 * x951
1120: x1120 = x1118 * x874
1121: x1121 = x1120 * x950
1122: x1122 = x1120 * x883
1123: x1123 = x1122 * x949
1124: x1124 = x1122 * x892
1125: x1125 = x1124 * x948
1126: x1126 = x1124 * x901
1127: x1127 = x1126 * x947
1128: x1128 = x1126 * x910
1129: x1129 = x1128 * x946
1130: x1130 = x1128 * x919
1131: x1131 = x1130 * x937
1132: x1132 = x1130 * x928
1133: x1133 = x1132 ²
1134: x1134 = x940 * x1132
1135: x1135 = x - x1134 	|  | [127]Px
1136: x1136 = x945 * x1133 	|  | [127]Py
1137: x1137 = x1131 ²
1138: x1138 = x931 * x1131
1139: x1139 = x - x1138 	|  | [125]Px
1140: x1140 = x936 * x1137 	|  | [125]Py
1141: x1141 = x1129 ²
1142: x1142 = x922 * x1129
1143: x1143 = x - x1142 	|  | [123]Px
1144: x1144 = x927 * x1141 	|  | [123]Py
1145: x1145 = x1127 ²
1146: x1146 = x913 * x1127
1147: x1147 = x - x1146 	|  | [121]Px
1148: x1148 = x918 * x1145 	|  | [121]Py
1149: x1149 = x1125 ²
1150: x1150 = x904 * x1125
1151: x1151 = x - x1150 	|  | [119]Px
1152: x1152 = x909 * x1149 	|  | [119]Py
1153: x1153 = x1123 ²
1154: x1154 = x895 * x1123
1155: x1155 = x - x1154 	|  | [117]Px
1156: x1156 = x900 * x1153 	|  | [117]Py
1157: x1157 = x1121 ²
1158: x1158 = x886 * x1121
1159: x1159 = x - x1158 	|  | [115]Px
1160: x1160 = x891 * x1157 	|  | [115]Py
1161: x1161 = x1119 ²
1162: x1162 = x877 * x1119
1163: x1163 = x - x1162 	|  | [113]Px
1164: x1164 = x882 * x1161 	|  | [113]Py
1165: x1165 = x1117 ²
1166: x1166 = x868 * x1117
1167: x1167 = x - x1166 	|  | [111]Px
1168: x1168 = x873 * x1165 	|  | [111]Py
1169: x1169 = x1115 ²
1170: x1170 = x859 * x1115
1171: x1171 = x - x1170 	|  | [109]Px
1172: x1172 = x864 * x1169 	|  | [109]Py
1173: x1173 = x1113 ²
1174: x1174 = x850 * x1113
1175: x1175 = x - x1174 	|  | [107]Px
1176: x1176 = x855 * x1173 	|  | [107]Py
1177: x1177 = x1111 ²
1178: x1178 = x841 * x1111
1179: x1179 = x - x1178 	|  | [105]Px
1180: x1180 = x846 * x1177 	|  | [105]Py
1181: x1181 = x1109 ²
1182: x1182 = x832 * x1109
1183: x1183 = x - x1182 	|  | [103]Px
1184: x1184 = x837 * x1181 	|  | [103]Py
1185: x1185 = x1107 ²
1186: x1186 = x823 * x1107
1187: x1187 = x - x1186 	|  | [101]Px
1188: x1188 = x828 * x1185 	|  | [101]Py
1189: x1189 = x1105 ²
1190: x1190 = x814 * x1105
1191: x1191 = x - x1190 	|  | [99]Px
1192: x1192 = x819 * x1189 	|  | [99]Py
1193: x1193 = x1103 ²
1194: x1194 = x805 * x1103
1195: x1195 = x - x1194 	|  | [97]Px
1196: x1196 = x810 * x1193 	|  | [97]Py
1197: x1197 = x1101 ²
1198: x1198 = x796 * x1101
1199: x1199 = x - x1198 	|  | [95]Px
1200: x1200 = x801 * x1197 	|  | [95]Py
1201: x1201 = x1099 ²
1202: x1202 = x787 * x1099
1203: x1203 = x - x1202 	|  | [93]Px
1204: x1204 = x792 * x1201 	|  | [93]Py
1205: x1205 = x1097 ²
1206: x1206 = x778 * x1097
1207: x1207 = x - x1206 	|  | [91]Px
1208: x1208 = x783 * x1205 	|  | [91]Py
1209: x1209 = x1095 ²
1210: x1210 = x769 * x1095
1211: x1211 = x - x1210 	|  | [89]Px
1212: x1212 = x774 * x1209 	|  | [89]Py
1213: x1213 = x1093 ²
1214: x1214 = x760 * x1093
1215: x1215 = x - x1214 	|  | [87]Px
1216: x1216 = x765 * x1213 	|  | [87]Py
1217: x1217 = x1091 ²
1218: x1218 = x751 * x1091
1219: x1219 = x - x1218 	|  | [85]Px
1220: x1220 = x756 * x1217 	|  | [85]Py
1221: x1221 = x1089 ²
1222: x1222 = x742 * x1089
1223: x1223 = x - x1222 	|  | [83]Px
1224: x1224 = x747 * x1221 	|  | [83]Py
1225: x1225 = x1087 ²
1226: x1226 = x733 * x1087
1227: x1227 = x - x1226 	|  | [81]Px
1228: x1228 = x738 * x1225 	|  | [81]Py
1229: x1229 = x1085 ²
1230: x1230 = x724 * x1085
1231: x1231 = x - x1230 	|  | [79]Px
1232: x1232 = x729 * x1229 	|  | [79]Py
1233: x1233 = x1083 ²
1234: x1234 = x715 * x1083
1235: x1235 = x - x1234 	|  | [77]Px
1236: x1236 = x720 * x1233 	|  | [77]Py
1237: x1237 = x1081 ²
1238: x1238 = x706 * x1081
1239: x1239 = x - x1238 	|  | [75]Px
1240: x1240 = x711 * x1237 	|  | [75]Py
1241: x1241 = x1079 ²
1242: x1242 = x697 * x1079
1243: x1243 = x - x1242 	|  | [73]Px
1244: x1244 = x702 * x1241 	|  | [73]Py
1245: x1245 = x1077 ²
1246: x1246 = x688 * x1077
1247: x1247 = x - x1246 	|  | [71]Px
1248: x1248 = x693 * x1245 	|  | [71]Py
1249: x1249 = x1075 ²
1250: x1250 = x679 * x1075
1251: x1251 = x - x1250 	|  | [69]Px
1252: x1252 = x684 * x1249 	|  | [69]Py
1253: x1253 = x1073 ²
1254: x1254 = x670 * x1073
1255: x1255 = x - x1254 	|  | [67]Px
1256: x1256 = x675 * x1253 	|  | [67]Py
1257: x1257 = x1071 ²
1258: x1258 = x661 * x1071
1259: x1259 = x - x1258 	|  | [65]Px
1260: x1260 = x666 * x1257 	|  | [65]Py
1261: x1261 = x1069 ²
1262: x1262 = x658 * x1069
1263: x1263 = x - x1262 	|  | [63]Px
1264: x1264 = x659 * x1261 	|  | [63]Py
1265: x1265 = x1067 ²
1266: x1266 = x656 * x1067
1267: x1267 = x - x1266 	|  | [61]Px
1268: x1268 = x657 * x1265 	|  | [61]Py
1269: x1269 = x1065 ²
1270: x1270 = x654 * x1065
1271: x1271 = x - x1270 	|  | [59]Px
1272: x1272 = x655 * x1269 	|  | [59]Py
1273: x1273 = x1063 ²
1274: x1274 = x652 * x1063
1275: x1275 = x - x1274 	|  | [57]Px
1276: x1276 = x653 * x1273 	|  | [57]Py
1277: x1277 = x1061 ²
1278: x1278 = x650 * x1061
1279: x1279 = x - x1278 	|  | [55]Px
1280: x1280 = x651 * x1277 	|  | [55]Py
1281: x1281 = x1059 ²
1282: x1282 = x648 * x1059
1283: x1283 = x - x1282 	|  | [53]Px
1284: x1284 = x649 * x1281 	|  | [53]Py
1285: x1285 = x1057 ²
1286: x1286 = x646 * x1057
1287: x1287 = x - x1286 	|  | [51]Px
1288: x1288 = x647 * x1285 	|  | [51]Py
1289: x1289 = x1055 ²
1290: x1290 = x644 * x1055
1291: x1291 = x - x1290 	|  | [49]Px
1292: x1292 = x645 * x1289 	|  | [49]Py
1293: x1293 = x1053 ²
1294: x1294 = x642 * x1053
1295: x1295 = x - x1294 	|  | [47]Px
1296: x1296 = x643 * x1293 	|  | [47]Py
1297: x1297 = x1051 ²
1298: x1298 = x640 * x1051
1299: x1299 = x - x1298 	|  | [45]Px
1300: x1300 = x641 * x1297 	|  | [45]Py
1301: x1301 = x1049 ²
1302: x1302 = x638 * x1049
1303: x1303 = x - x1302 	|  | [43]Px
1304: x1304 = x639 * x1301 	|  | [43]Py
1305: x1305 = x1047 ²
1306: x1306 = x636 * x1047
1307: x1307 = x - x1306 	|  | [41]Px
1308: x1308 = x637 * x1305 	|  | [41]Py
1309: x1309 = x1045 ²
1310: x1310 = x634 * x1045
1311: x1311 = x - x1310 	|  | [39]Px
1312: x1312 = x635 * x1309 	|  | [39]Py
1313: x1313 = x1043 ²
1314: x1314 = x632 * x1043
1315: x1315 = x - x1314 	|  | [37]Px
1316: x1316 = x633 * x1313 	|  | [37]Py
1317: x1317 = x1041 ²
1318: x1318 = x630 * x1041
1319: x1319 = x - x1318 	|  | [35]Px
1320: x1320 = x631 * x1317 	|  | [35]Py
1321: x1321 = x1039 ²
1322: x1322 = x628 * x1039
1323: x1323 = x - x1322 	|  | [33]Px
1324: x1324 = x629 * x1321 	|  | [33]Py
1325: x1325 = x1037 ²
1326: x1326 = x626 * x1037
1327: x1327 = x - x1326 	|  | [31]Px
1328: x1328 = x627 * x1325 	|  | [31]Py
1329: x1329 = x1035 ²
1330: x1330 = x624 * x1035
1331: x1331 = x - x1330 	|  | [29]Px
1332: x1332 = x625 * x1329 	|  | [29]Py
1333: x1333 = x1033 ²
1334: x1334 = x622 * x1033
1335: x1335 = x - x1334 	|  | [27]Px
1336: x1336 = x623 * x1333 	|  | [27]Py
1337: x1337 = x1031 ²
1338: x1338 = x620 * x1031
1339: x1339 = x - x1338 	|  | [25]Px
1340: x1340 = x621 * x1337 	|  | [25]Py
1341: x1341 = x1029 ²
1342: x1342 = x618 * x1029
1343: x1343 = x - x1342 	|  | [23]Px
1344: x1344 = x619 * x1341 	|  | [23]Py
1345: x1345 = x1027 ²
1346: x1346 = x616 * x1027
1347: x1347 = x - x1346 	|  | [21]Px
1348: x1348 = x617 * x1345 	|  | [21]Py
1349: x1349 = x1025 ²
1350: x1350 = x614 * x1025
1351: x1351 = x - x1350 	|  | [19]Px
1352: x1352 = x615 * x1349 	|  | [19]Py
1353: x1353 = x1023 ²
1354: x1354 = x612 * x1023
1355: x1355 = x - x1354 	|  | [17]Px
1356: x1356 = x613 * x1353 	|  | [17]Py
1357: x1357 = x1021 ²
1358: x1358 = x610 * x1021
1359: x1359 = x - x1358 	|  | [15]Px
1360: x1360 = x611 * x1357 	|  | [15]Py
1361: x1361 = x1019 ²
1362: x1362 = x608 * x1019
1363: x1363 = x - x1362 	|  | [13]Px
1364: x1364 = x609 * x1361 	|  | [13]Py
1365: x1365 = x1017 ²
1366: x1366 = x606 * x1017
1367: x1367 = x - x1366 	|  | [11]Px
1368: x1368 = x607 * x1365 	|  | [11]Py
1369: x1369 = x1015 ²
1370: x1370 = x604 * x1015
1371: x1371 = x - x1370 	|  | [9]Px
1372: x1372 = x605 * x1369 	|  | [9]Py
1373: x1373 = x1013 ²
1374: x1374 = x602 * x1013
1375: x1375 = x - x1374 	|  | [7]Px
1376: x1376 = x603 * x1373 	|  | [7]Py
1377: x1377 = x1011 ²
1378: x1378 = x600 * x1011
1379: x1379 = x - x1378 	|  | [5]Px
1380: x1380 = x601 * x1377 	|  | [5]Py
1381: x1381 = x1009 ²
1382: x1382 = x598 * x1009
1383: x1383 = x - x1382 	|  | [3]Px
1384: x1384 = x599 * x1381 	|  | [3]Py

